2024-05-20 12:03:53,397 [INFO] Activator:176 - 


2024-05-20 12:03:53,419 [INFO] Activator:177 - !SESSION log4j initialized
2024-05-20 12:04:08,939 [INFO] LogOutputStream:77 - [STDOUT_REDIRECT] 
2024-05-20 12:04:12,651 [INFO] ApplicationProperties:184 - Using Application install path: C:\ST\STM32CubeIDE_1.13.2\STM32CubeIDE\plugins\com.st.stm32cube.common.mx_6.11.1.202404110753
2024-05-20 12:04:12,721 [INFO] DbMcusXml:78 - Set database path to: C:\ST\STM32CubeIDE_1.13.2\STM32CubeIDE\plugins\com.st.stm32cube.common.mx_6.11.1.202404110753\\db\/mcu/
2024-05-20 12:04:12,722 [INFO] ApiDb:274 - Set plugin database path to: C:\ST\STM32CubeIDE_1.13.2\STM32CubeIDE\plugins\com.st.stm32cube.common.mx_6.11.1.202404110753\\db\/plugins/boardmanager/
2024-05-20 12:04:12,724 [WARN] ApiDb:259 - Overriding images path with different value:  => C:\ST\STM32CubeIDE_1.13.2\STM32CubeIDE\plugins\com.st.stm32cube.common.mx_6.11.1.202404110753\\db\/plugins/mcufinder/images/
2024-05-20 12:04:12,749 [INFO] ApiDb:250 - Set database path to: C:\Users\ppreawsr\.stmcufinder\plugins\mcufinder//mcu/
2024-05-20 12:04:12,753 [INFO] DbMcusAds:125 - Set database path to: C:\Users\ppreawsr\.stmcufinder\plugins\mcufinder//mcu/
2024-05-20 12:04:12,759 [INFO] CrossReferenceDbSqlite:203 - Set database path to: C:\Users\ppreawsr\.stmcufinder\plugins\mcufinder//mcu/cs/
2024-05-20 12:04:13,199 [INFO] RulesReader:64 - Compatibility file has been processed (297 Rules)
2024-05-20 12:04:13,470 [INFO] DbMcusXml:78 - Set database path to: C:\ST\STM32CubeIDE_1.13.2\STM32CubeIDE\plugins\com.st.stm32cube.common.mx_6.11.1.202404110753\\db\/mcu/
2024-05-20 12:04:13,470 [INFO] ApiDb:274 - Set plugin database path to: C:\ST\STM32CubeIDE_1.13.2\STM32CubeIDE\plugins\com.st.stm32cube.common.mx_6.11.1.202404110753\\db\/plugins/boardmanager/
2024-05-20 12:04:13,471 [INFO] ApiDb:261 - Set plugin images path to: C:\ST\STM32CubeIDE_1.13.2\STM32CubeIDE\plugins\com.st.stm32cube.common.mx_6.11.1.202404110753\\db\/plugins/mcufinder/images/
2024-05-20 12:04:13,471 [WARN] DbFile:41 - Overriding database path with different value: C:\Users\ppreawsr\.stmcufinder\plugins\mcufinder/ => C:\Users\ppreawsr\.stmcufinder\plugins\mcufinder
2024-05-20 12:04:13,471 [INFO] ApiDb:250 - Set database path to: C:\Users\ppreawsr\.stmcufinder\plugins\mcufinder//mcu/
2024-05-20 12:04:13,472 [WARN] DbFile:41 - Overriding database path with different value: C:\Users\ppreawsr\.stmcufinder\plugins\mcufinder/ => C:\Users\ppreawsr\.stmcufinder\plugins\mcufinder
2024-05-20 12:04:13,472 [INFO] DbMcusAds:125 - Set database path to: C:\Users\ppreawsr\.stmcufinder\plugins\mcufinder//mcu/
2024-05-20 12:04:13,472 [WARN] DbFile:41 - Overriding database path with different value: C:\Users\ppreawsr\.stmcufinder\plugins\mcufinder/ => C:\Users\ppreawsr\.stmcufinder\plugins\mcufinder
2024-05-20 12:04:13,473 [WARN] DbFile:41 - Overriding database path with different value: C:\Users\ppreawsr\.stmcufinder\plugins\mcufinder/ => C:\Users\ppreawsr\.stmcufinder\plugins\mcufinder
2024-05-20 12:04:13,473 [INFO] CrossReferenceDbSqlite:203 - Set database path to: C:\Users\ppreawsr\.stmcufinder\plugins\mcufinder//mcu/cs/
2024-05-20 12:04:13,721 [INFO] MainPanel:264 - HeapMemory: 268435456
2024-05-20 12:04:14,019 [INFO] DbMcusXml:78 - Set database path to: C:\ST\STM32CubeIDE_1.13.2\STM32CubeIDE\plugins\com.st.stm32cube.common.mx_6.11.1.202404110753\\db\/mcu/
2024-05-20 12:04:14,019 [INFO] ApiDb:274 - Set plugin database path to: C:\ST\STM32CubeIDE_1.13.2\STM32CubeIDE\plugins\com.st.stm32cube.common.mx_6.11.1.202404110753\\db\/plugins/boardmanager/
2024-05-20 12:04:14,020 [INFO] ApiDb:261 - Set plugin images path to: C:\ST\STM32CubeIDE_1.13.2\STM32CubeIDE\plugins\com.st.stm32cube.common.mx_6.11.1.202404110753\\db\/plugins/mcufinder/images/
2024-05-20 12:04:14,021 [WARN] DbFile:41 - Overriding database path with different value: C:\Users\ppreawsr\.stmcufinder\plugins\mcufinder/ => C:\Users\ppreawsr\.stmcufinder\plugins\mcufinder
2024-05-20 12:04:14,021 [INFO] ApiDb:250 - Set database path to: C:\Users\ppreawsr\.stmcufinder\plugins\mcufinder//mcu/
2024-05-20 12:04:14,022 [WARN] DbFile:41 - Overriding database path with different value: C:\Users\ppreawsr\.stmcufinder\plugins\mcufinder/ => C:\Users\ppreawsr\.stmcufinder\plugins\mcufinder
2024-05-20 12:04:14,022 [INFO] DbMcusAds:125 - Set database path to: C:\Users\ppreawsr\.stmcufinder\plugins\mcufinder//mcu/
2024-05-20 12:04:14,022 [WARN] DbFile:41 - Overriding database path with different value: C:\Users\ppreawsr\.stmcufinder\plugins\mcufinder/ => C:\Users\ppreawsr\.stmcufinder\plugins\mcufinder
2024-05-20 12:04:14,022 [WARN] DbFile:41 - Overriding database path with different value: C:\Users\ppreawsr\.stmcufinder\plugins\mcufinder/ => C:\Users\ppreawsr\.stmcufinder\plugins\mcufinder
2024-05-20 12:04:14,023 [INFO] CrossReferenceDbSqlite:203 - Set database path to: C:\Users\ppreawsr\.stmcufinder\plugins\mcufinder//mcu/cs/
2024-05-20 12:04:14,080 [INFO] ApplicationProperties:184 - Using Application install path: C:\ST\STM32CubeIDE_1.13.2\STM32CubeIDE\plugins\com.st.stm32cube.common.mx_6.11.1.202404110753
2024-05-20 12:04:14,086 [INFO] PluginManage:196 - Search for loadable plugins [exclusion list=, ]
2024-05-20 12:04:14,091 [INFO] PluginManage:310 - Check plugin analytics
2024-05-20 12:04:14,708 [INFO] AnalyticsPlugin:253 - Accepted Software Licenses: 
2024-05-20 12:04:14,709 [INFO] AnalyticsPlugin:255 - Accepted CMSIS Pack Licenses: ARM.CMSIS-DSP.1.15.0,ARM.CMSIS.6.0.0,ITTIA_DB.I-CUBE-ITTIADB.8.8.0
2024-05-20 12:04:14,710 [INFO] AnalyticsPlugin:257 - Accepted Firmware Licenses: FW.G4.1.5.0
2024-05-20 12:04:14,718 [INFO] PluginManage:359 - Loaded plugin analytics (category:tool,tabindex:-1)
2024-05-20 12:04:14,719 [INFO] PluginManage:310 - Check plugin cadmodel
2024-05-20 12:04:14,736 [INFO] CADModel:105 - Init CAD model plugin
2024-05-20 12:04:14,737 [INFO] PluginManage:359 - Loaded plugin cadmodel (category:power,tabindex:5)
2024-05-20 12:04:14,737 [INFO] PluginManage:310 - Check plugin clock
2024-05-20 12:04:14,770 [INFO] PluginManage:359 - Loaded plugin clock (category:base,tabindex:2)
2024-05-20 12:04:14,770 [INFO] PluginManage:310 - Check plugin ddr
2024-05-20 12:04:14,778 [INFO] PluginManage:359 - Loaded plugin ddr (category:tool,tabindex:6)
2024-05-20 12:04:14,779 [INFO] PluginManage:310 - Check plugin filemanager
2024-05-20 12:04:15,294 [INFO] PluginManage:359 - Loaded plugin filemanager (category:base,tabindex:10)
2024-05-20 12:04:15,295 [INFO] PluginManage:310 - Check plugin ipmanager
2024-05-20 12:04:15,319 [INFO] PluginManage:359 - Loaded plugin ipmanager (category:base,tabindex:5)
2024-05-20 12:04:15,320 [INFO] PluginManage:310 - Check plugin lpbam
2024-05-20 12:04:15,351 [INFO] PluginManage:359 - Loaded plugin lpbam (category:base,tabindex:0)
2024-05-20 12:04:15,351 [INFO] PluginManage:310 - Check plugin memorymap
2024-05-20 12:04:15,401 [INFO] PluginManage:359 - Loaded plugin memorymap (category:base,tabindex:4)
2024-05-20 12:04:15,402 [INFO] PluginManage:310 - Check plugin pinoutandconfiguration
2024-05-20 12:04:15,436 [INFO] PluginManage:359 - Loaded plugin pinoutandconfiguration (category:base,tabindex:1)
2024-05-20 12:04:15,437 [INFO] PluginManage:310 - Check plugin pinoutconfig
2024-05-20 12:04:15,714 [WARN] SupportedApi:132 - Cannot load RTOS API schema: s4s-elt-must-match.1: The content of 'definitions' must match (annotation?, (simpleType | complexType)?, (unique | key | keyref)*)). A problem was found starting at: attribute.
2024-05-20 12:04:16,178 [INFO] PluginManage:359 - Loaded plugin pinoutconfig (category:base,tabindex:0)
2024-05-20 12:04:16,179 [INFO] PluginManage:310 - Check plugin power
2024-05-20 12:04:16,212 [INFO] PluginManage:359 - Loaded plugin power (category:power,tabindex:4)
2024-05-20 12:04:16,213 [INFO] PluginManage:310 - Check plugin projectmanager
2024-05-20 12:04:16,271 [INFO] PluginManage:359 - Loaded plugin projectmanager (category:projectmanager,tabindex:3)
2024-05-20 12:04:16,272 [INFO] PluginManage:310 - Check plugin thirdparty
2024-05-20 12:04:16,763 [WARN] IntegrityCheckThread:84 - waiting for thirdparty lock release [integrity check]
2024-05-20 12:04:16,763 [INFO] PluginManage:359 - Loaded plugin thirdparty (category:base,tabindex:-1)
2024-05-20 12:04:16,764 [INFO] IntegrityCheckThread:86 - entering critical section [integrity check]
2024-05-20 12:04:16,764 [INFO] PluginManage:310 - Check plugin tools
2024-05-20 12:04:16,765 [INFO] ThirdPartyUpdaterWithRetryManager:70 - Updater plugin not ready yet. [1/15]
2024-05-20 12:04:16,773 [INFO] PluginManage:359 - Loaded plugin tools (category:base,tabindex:7)
2024-05-20 12:04:16,773 [INFO] PluginManage:310 - Check plugin tutovideos
2024-05-20 12:04:17,347 [INFO] PluginManage:359 - Loaded plugin tutovideos (category:base,tabindex:-1)
2024-05-20 12:04:17,347 [INFO] PluginManage:310 - Check plugin updater
2024-05-20 12:04:17,380 [INFO] PluginManage:359 - Loaded plugin updater (category:base,tabindex:12)
2024-05-20 12:04:17,381 [INFO] PluginManage:310 - Check plugin userauth
2024-05-20 12:04:17,399 [INFO] UserAuth:114 - Init User Auth plugin
2024-05-20 12:04:17,400 [INFO] PluginManage:359 - Loaded plugin userauth (category:base,tabindex:14)
2024-05-20 12:04:17,402 [INFO] PluginManage:283 - PluginManage : Loaded plugins [17]
2024-05-20 12:04:18,137 [INFO] PinOutPanel:1561 - setPackage(No Configuration,No Configuration)
2024-05-20 12:04:18,389 [INFO] CADModel:165 - CPN selected for project level
2024-05-20 12:04:18,390 [INFO] CADModel:114 - Register for checkConnection events
2024-05-20 12:04:18,440 [INFO] IPUIPlugin:80 - create IPUIPlugin
2024-05-20 12:04:18,441 [INFO] PluginManager:220 - loadIPPluginJar : add adc
2024-05-20 12:04:18,449 [INFO] IPUIPlugin:80 - create IPUIPlugin
2024-05-20 12:04:18,450 [INFO] PluginManager:220 - loadIPPluginJar : add aes
2024-05-20 12:04:18,460 [INFO] IPUIPlugin:80 - create IPUIPlugin
2024-05-20 12:04:18,460 [INFO] PluginManager:220 - loadIPPluginJar : add can
2024-05-20 12:04:18,465 [INFO] IPUIPlugin:80 - create IPUIPlugin
2024-05-20 12:04:18,465 [INFO] PluginManager:220 - loadIPPluginJar : add comp
2024-05-20 12:04:18,473 [INFO] IPUIPlugin:80 - create IPUIPlugin
2024-05-20 12:04:18,474 [INFO] PluginManager:220 - loadIPPluginJar : add cryp
2024-05-20 12:04:18,481 [INFO] IPUIPlugin:80 - create IPUIPlugin
2024-05-20 12:04:18,481 [INFO] PluginManager:220 - loadIPPluginJar : add dfsdm
2024-05-20 12:04:18,497 [INFO] IPUIPlugin:80 - create IPUIPlugin
2024-05-20 12:04:18,499 [INFO] PluginManager:220 - loadIPPluginJar : add dma
2024-05-20 12:04:18,507 [INFO] IPUIPlugin:80 - create IPUIPlugin
2024-05-20 12:04:18,507 [INFO] PluginManager:220 - loadIPPluginJar : add dma3
2024-05-20 12:04:18,517 [INFO] IPUIPlugin:80 - create IPUIPlugin
2024-05-20 12:04:18,518 [INFO] PluginManager:220 - loadIPPluginJar : add extmemmanager
2024-05-20 12:04:18,524 [INFO] IPUIPlugin:80 - create IPUIPlugin
2024-05-20 12:04:18,524 [INFO] PluginManager:220 - loadIPPluginJar : add fatfs
2024-05-20 12:04:18,539 [INFO] IPUIPlugin:80 - create IPUIPlugin
2024-05-20 12:04:18,540 [INFO] PluginManager:220 - loadIPPluginJar : add fmc
2024-05-20 12:04:18,560 [INFO] IPUIPlugin:80 - create IPUIPlugin
2024-05-20 12:04:18,561 [INFO] PluginManager:220 - loadIPPluginJar : add freertos
2024-05-20 12:04:18,566 [INFO] IPUIPlugin:80 - create IPUIPlugin
2024-05-20 12:04:18,567 [INFO] PluginManager:220 - loadIPPluginJar : add genericplugin
2024-05-20 12:04:18,575 [INFO] IPUIPlugin:80 - create IPUIPlugin
2024-05-20 12:04:18,575 [INFO] PluginManager:220 - loadIPPluginJar : add gfxmmu
2024-05-20 12:04:18,592 [INFO] IPUIPlugin:80 - create IPUIPlugin
2024-05-20 12:04:18,592 [INFO] PluginManager:220 - loadIPPluginJar : add gic
2024-05-20 12:04:18,606 [INFO] IPUIPlugin:80 - create IPUIPlugin
2024-05-20 12:04:18,607 [INFO] PluginManager:220 - loadIPPluginJar : add gpio
2024-05-20 12:04:18,617 [INFO] IPUIPlugin:80 - create IPUIPlugin
2024-05-20 12:04:18,618 [INFO] PluginManager:220 - loadIPPluginJar : add gtzc
2024-05-20 12:04:18,627 [INFO] IPUIPlugin:80 - create IPUIPlugin
2024-05-20 12:04:18,627 [INFO] PluginManager:220 - loadIPPluginJar : add hash
2024-05-20 12:04:18,636 [INFO] IPUIPlugin:80 - create IPUIPlugin
2024-05-20 12:04:18,636 [INFO] PluginManager:220 - loadIPPluginJar : add i2c
2024-05-20 12:04:18,645 [INFO] IPUIPlugin:80 - create IPUIPlugin
2024-05-20 12:04:18,645 [INFO] PluginManager:220 - loadIPPluginJar : add i2s
2024-05-20 12:04:18,655 [INFO] IPUIPlugin:80 - create IPUIPlugin
2024-05-20 12:04:18,656 [INFO] PluginManager:220 - loadIPPluginJar : add i3c
2024-05-20 12:04:18,668 [INFO] IPUIPlugin:80 - create IPUIPlugin
2024-05-20 12:04:18,669 [INFO] PluginManager:220 - loadIPPluginJar : add ipddr
2024-05-20 12:04:18,691 [INFO] IPUIPlugin:80 - create IPUIPlugin
2024-05-20 12:04:18,691 [INFO] PluginManager:220 - loadIPPluginJar : add linkedlist
2024-05-20 12:04:18,700 [INFO] IPUIPlugin:80 - create IPUIPlugin
2024-05-20 12:04:18,701 [INFO] PluginManager:220 - loadIPPluginJar : add lorawan
2024-05-20 12:04:18,706 [INFO] IPUIPlugin:80 - create IPUIPlugin
2024-05-20 12:04:18,707 [INFO] PluginManager:220 - loadIPPluginJar : add ltdc
2024-05-20 12:04:18,724 [INFO] IPUIPlugin:80 - create IPUIPlugin
2024-05-20 12:04:18,725 [INFO] PluginManager:220 - loadIPPluginJar : add mdma
2024-05-20 12:04:18,739 [INFO] IPUIPlugin:80 - create IPUIPlugin
2024-05-20 12:04:18,739 [INFO] PluginManager:220 - loadIPPluginJar : add nvic
2024-05-20 12:04:18,751 [INFO] IPUIPlugin:80 - create IPUIPlugin
2024-05-20 12:04:18,751 [INFO] PluginManager:220 - loadIPPluginJar : add opamp
2024-05-20 12:04:18,764 [INFO] IPUIPlugin:80 - create IPUIPlugin
2024-05-20 12:04:18,765 [INFO] PluginManager:220 - loadIPPluginJar : add openamp
2024-05-20 12:04:18,776 [INFO] IPUIPlugin:80 - create IPUIPlugin
2024-05-20 12:04:18,777 [INFO] PluginManager:220 - loadIPPluginJar : add pdm2pcm
2024-05-20 12:04:18,795 [INFO] IPUIPlugin:80 - create IPUIPlugin
2024-05-20 12:04:18,803 [INFO] PluginManager:220 - loadIPPluginJar : add plateformsettings
2024-05-20 12:04:18,810 [INFO] IPUIPlugin:80 - create IPUIPlugin
2024-05-20 12:04:18,811 [INFO] PluginManager:220 - loadIPPluginJar : add quadspi
2024-05-20 12:04:18,824 [INFO] IPUIPlugin:80 - create IPUIPlugin
2024-05-20 12:04:18,825 [INFO] PluginManager:220 - loadIPPluginJar : add resmgrutility
2024-05-20 12:04:18,835 [INFO] IPUIPlugin:80 - create IPUIPlugin
2024-05-20 12:04:18,835 [INFO] PluginManager:220 - loadIPPluginJar : add sai
2024-05-20 12:04:18,844 [INFO] IPUIPlugin:80 - create IPUIPlugin
2024-05-20 12:04:18,845 [INFO] PluginManager:220 - loadIPPluginJar : add spi
2024-05-20 12:04:18,863 [INFO] IPUIPlugin:80 - create IPUIPlugin
2024-05-20 12:04:18,863 [INFO] PluginManager:220 - loadIPPluginJar : add stm32_wpan
2024-05-20 12:04:18,870 [INFO] IPUIPlugin:80 - create IPUIPlugin
2024-05-20 12:04:18,870 [INFO] PluginManager:220 - loadIPPluginJar : add tim
2024-05-20 12:04:18,883 [INFO] IPUIPlugin:80 - create IPUIPlugin
2024-05-20 12:04:18,883 [INFO] PluginManager:220 - loadIPPluginJar : add touchsensing
2024-05-20 12:04:18,891 [INFO] IPUIPlugin:80 - create IPUIPlugin
2024-05-20 12:04:18,892 [INFO] PluginManager:220 - loadIPPluginJar : add tracer_emb
2024-05-20 12:04:18,900 [INFO] IPUIPlugin:80 - create IPUIPlugin
2024-05-20 12:04:18,900 [INFO] PluginManager:220 - loadIPPluginJar : add ts
2024-05-20 12:04:18,906 [INFO] IPUIPlugin:80 - create IPUIPlugin
2024-05-20 12:04:18,907 [INFO] PluginManager:220 - loadIPPluginJar : add tsc
2024-05-20 12:04:18,914 [INFO] IPUIPlugin:80 - create IPUIPlugin
2024-05-20 12:04:18,914 [INFO] PluginManager:220 - loadIPPluginJar : add ucpd
2024-05-20 12:04:18,922 [INFO] IPUIPlugin:80 - create IPUIPlugin
2024-05-20 12:04:18,923 [INFO] PluginManager:220 - loadIPPluginJar : add usart
2024-05-20 12:04:18,933 [INFO] IPUIPlugin:80 - create IPUIPlugin
2024-05-20 12:04:18,934 [INFO] PluginManager:220 - loadIPPluginJar : add usbx
2024-05-20 12:04:19,194 [INFO] CADModel:165 - CPN selected for project level
2024-05-20 12:04:19,194 [INFO] CADModel:114 - Register for checkConnection events
2024-05-20 12:04:19,195 [FATAL] Updater:308 - Updater called before beeing initialized
2024-05-20 12:04:19,195 [ERROR] CADModel:125 - Updater not yet initialized, retry later 
2024-05-20 12:04:19,665 [INFO] CADModel:165 - CPN selected for project level
2024-05-20 12:04:19,665 [INFO] CADModel:114 - Register for checkConnection events
2024-05-20 12:04:19,666 [FATAL] Updater:308 - Updater called before beeing initialized
2024-05-20 12:04:19,666 [ERROR] CADModel:125 - Updater not yet initialized, retry later 
2024-05-20 12:04:19,677 [FATAL] Updater:308 - Updater called before beeing initialized
2024-05-20 12:04:19,767 [INFO] ThirdPartyUpdaterWithRetryManager:70 - Updater plugin not ready yet. [2/15]
2024-05-20 12:04:20,022 [FATAL] Updater:308 - Updater called before beeing initialized
2024-05-20 12:04:20,040 [INFO] DbMcusAds:53 - JSON generation date=Thu May 02 15:37:29 ICT 2024 (1714639049318)
2024-05-20 12:04:20,040 [FATAL] Updater:308 - Updater called before beeing initialized
2024-05-20 12:04:20,179 [WARN] DetailPanel:346 - Failed to get advertising image, set to default
2024-05-20 12:04:20,545 [FATAL] Updater:308 - Updater called before beeing initialized
2024-05-20 12:04:20,554 [FATAL] Updater:308 - Updater called before beeing initialized
2024-05-20 12:04:20,554 [FATAL] Updater:308 - Updater called before beeing initialized
2024-05-20 12:04:20,554 [WARN] DetailPanel:346 - Failed to get advertising image, set to default
2024-05-20 12:04:20,557 [FATAL] Updater:308 - Updater called before beeing initialized
2024-05-20 12:04:20,751 [ERROR] Updater:1120 - MainUpdater not yet initialized. External WinMGr cannot be set.
2024-05-20 12:04:20,757 [INFO] Updater:1056 - Updater Version found : 6.11.1
2024-05-20 12:04:20,849 [INFO] ApplicationProperties:184 - Using Application install path: C:\ST\STM32CubeIDE_1.13.2\STM32CubeIDE\plugins\com.st.stm32cube.common.mx_6.11.1.202404110753
2024-05-20 12:04:22,472 [ERROR] LogOutputStream:75 - [STDERR_REDIRECT] May 20, 2024 12:04:22 PM java.util.prefs.WindowsPreferences <init>
2024-05-20 12:04:22,477 [ERROR] LogOutputStream:75 - [STDERR_REDIRECT] WARNING: Could not open/create prefs root node Software\JavaSoft\Prefs at root 0xffffffff80000002. Windows RegCreateKeyEx(...) returned error code 5.
2024-05-20 12:04:22,478 [ERROR] LogOutputStream:75 - [STDERR_REDIRECT] 
2024-05-20 12:04:22,768 [FATAL] Updater:308 - Updater called before beeing initialized
2024-05-20 12:04:22,769 [ERROR] IntegrityCheckThread:130 - Cannot retrieve database content from updater: error 21
2024-05-20 12:04:22,770 [INFO] ThirdParty:978 - Integrity check success = false
2024-05-20 12:04:22,770 [INFO] IntegrityCheckThread:100 - exiting critical section [integrity check]
2024-05-20 12:04:22,770 [INFO] IntegrityCheckThread:103 - End integrity checks thread
2024-05-20 12:04:23,360 [INFO] MainUpdater:2873 - connection check result : 10
2024-05-20 12:04:23,362 [INFO] MainUpdater:290 - Updater Check For Update Now.
2024-05-20 12:04:23,363 [INFO] MicroXplorer:498 - Change Database Version : DB.6.0.111
2024-05-20 12:04:23,379 [INFO] McuFinderGlobals:63 - Set McuFinder mode to 2 (CubeIDE integrated)
2024-05-20 12:04:23,394 [INFO] UserAuth:415 - Internet connection configuration mode: 1
2024-05-20 12:04:23,439 [INFO] JxBrowserEngine:152 - Initiate JxBrowser Engine with user profile folder
2024-05-20 12:04:23,734 [INFO] CheckServerUpdateThread:120 - End of CheckServer Thread
2024-05-20 12:04:25,674 [INFO] WebApp:161 - Instantiating new browser for Auth
2024-05-20 12:04:27,119 [INFO] WebApp:779 - Register for checkConnection events
2024-05-20 12:04:27,119 [INFO] WebApp:414 - Apply proxy settings
2024-05-20 12:04:27,120 [INFO] WebApp:499 - Chromium requires no authentication
2024-05-20 12:04:27,144 [INFO] WebApp:442 - Direct internet connection detected
2024-05-20 12:04:27,759 [INFO] WebApp:192 - Starting web application
2024-05-20 12:04:27,760 [INFO] WebApp:544 - Web application path used C:\ST\STM32CubeIDE_1.13.2\STM32CubeIDE\plugins\com.st.stm32cube.common.mx_6.11.1.202404110753\db\plugins\mcufinder\reactClient1\index.html
