2024-06-04 17:20:52,157 [INFO] Activator:176 - 


2024-06-04 17:20:52,164 [INFO] Activator:177 - !SESSION log4j initialized
2024-06-04 17:20:56,475 [INFO] LogOutputStream:77 - [STDOUT_REDIRECT] 
2024-06-04 17:20:58,945 [INFO] ApplicationProperties:184 - Using Application install path: C:\ST\STM32CubeIDE_1.13.2\STM32CubeIDE\plugins\com.st.stm32cube.common.mx_6.11.1.202404110753
2024-06-04 17:20:58,974 [INFO] DbMcusXml:78 - Set database path to: C:\ST\STM32CubeIDE_1.13.2\STM32CubeIDE\plugins\com.st.stm32cube.common.mx_6.11.1.202404110753\\db\/mcu/
2024-06-04 17:20:58,975 [INFO] ApiDb:274 - Set plugin database path to: C:\ST\STM32CubeIDE_1.13.2\STM32CubeIDE\plugins\com.st.stm32cube.common.mx_6.11.1.202404110753\\db\/plugins/boardmanager/
2024-06-04 17:20:58,976 [WARN] ApiDb:259 - Overriding images path with different value:  => C:\ST\STM32CubeIDE_1.13.2\STM32CubeIDE\plugins\com.st.stm32cube.common.mx_6.11.1.202404110753\\db\/plugins/mcufinder/images/
2024-06-04 17:20:58,991 [INFO] ApiDb:250 - Set database path to: C:\Users\ppreawsr\.stmcufinder\plugins\mcufinder//mcu/
2024-06-04 17:20:58,993 [INFO] DbMcusAds:125 - Set database path to: C:\Users\ppreawsr\.stmcufinder\plugins\mcufinder//mcu/
2024-06-04 17:20:58,996 [INFO] CrossReferenceDbSqlite:203 - Set database path to: C:\Users\ppreawsr\.stmcufinder\plugins\mcufinder//mcu/cs/
2024-06-04 17:20:59,189 [INFO] RulesReader:64 - Compatibility file has been processed (297 Rules)
2024-06-04 17:20:59,332 [INFO] DbMcusXml:78 - Set database path to: C:\ST\STM32CubeIDE_1.13.2\STM32CubeIDE\plugins\com.st.stm32cube.common.mx_6.11.1.202404110753\\db\/mcu/
2024-06-04 17:20:59,332 [INFO] ApiDb:274 - Set plugin database path to: C:\ST\STM32CubeIDE_1.13.2\STM32CubeIDE\plugins\com.st.stm32cube.common.mx_6.11.1.202404110753\\db\/plugins/boardmanager/
2024-06-04 17:20:59,332 [INFO] ApiDb:261 - Set plugin images path to: C:\ST\STM32CubeIDE_1.13.2\STM32CubeIDE\plugins\com.st.stm32cube.common.mx_6.11.1.202404110753\\db\/plugins/mcufinder/images/
2024-06-04 17:20:59,333 [WARN] DbFile:41 - Overriding database path with different value: C:\Users\ppreawsr\.stmcufinder\plugins\mcufinder/ => C:\Users\ppreawsr\.stmcufinder\plugins\mcufinder
2024-06-04 17:20:59,333 [INFO] ApiDb:250 - Set database path to: C:\Users\ppreawsr\.stmcufinder\plugins\mcufinder//mcu/
2024-06-04 17:20:59,333 [WARN] DbFile:41 - Overriding database path with different value: C:\Users\ppreawsr\.stmcufinder\plugins\mcufinder/ => C:\Users\ppreawsr\.stmcufinder\plugins\mcufinder
2024-06-04 17:20:59,333 [INFO] DbMcusAds:125 - Set database path to: C:\Users\ppreawsr\.stmcufinder\plugins\mcufinder//mcu/
2024-06-04 17:20:59,333 [WARN] DbFile:41 - Overriding database path with different value: C:\Users\ppreawsr\.stmcufinder\plugins\mcufinder/ => C:\Users\ppreawsr\.stmcufinder\plugins\mcufinder
2024-06-04 17:20:59,333 [WARN] DbFile:41 - Overriding database path with different value: C:\Users\ppreawsr\.stmcufinder\plugins\mcufinder/ => C:\Users\ppreawsr\.stmcufinder\plugins\mcufinder
2024-06-04 17:20:59,334 [INFO] CrossReferenceDbSqlite:203 - Set database path to: C:\Users\ppreawsr\.stmcufinder\plugins\mcufinder//mcu/cs/
2024-06-04 17:20:59,442 [INFO] MainPanel:264 - HeapMemory: 268435456
2024-06-04 17:20:59,557 [INFO] DbMcusXml:78 - Set database path to: C:\ST\STM32CubeIDE_1.13.2\STM32CubeIDE\plugins\com.st.stm32cube.common.mx_6.11.1.202404110753\\db\/mcu/
2024-06-04 17:20:59,557 [INFO] ApiDb:274 - Set plugin database path to: C:\ST\STM32CubeIDE_1.13.2\STM32CubeIDE\plugins\com.st.stm32cube.common.mx_6.11.1.202404110753\\db\/plugins/boardmanager/
2024-06-04 17:20:59,557 [INFO] ApiDb:261 - Set plugin images path to: C:\ST\STM32CubeIDE_1.13.2\STM32CubeIDE\plugins\com.st.stm32cube.common.mx_6.11.1.202404110753\\db\/plugins/mcufinder/images/
2024-06-04 17:20:59,557 [WARN] DbFile:41 - Overriding database path with different value: C:\Users\ppreawsr\.stmcufinder\plugins\mcufinder/ => C:\Users\ppreawsr\.stmcufinder\plugins\mcufinder
2024-06-04 17:20:59,558 [INFO] ApiDb:250 - Set database path to: C:\Users\ppreawsr\.stmcufinder\plugins\mcufinder//mcu/
2024-06-04 17:20:59,558 [WARN] DbFile:41 - Overriding database path with different value: C:\Users\ppreawsr\.stmcufinder\plugins\mcufinder/ => C:\Users\ppreawsr\.stmcufinder\plugins\mcufinder
2024-06-04 17:20:59,558 [INFO] DbMcusAds:125 - Set database path to: C:\Users\ppreawsr\.stmcufinder\plugins\mcufinder//mcu/
2024-06-04 17:20:59,558 [WARN] DbFile:41 - Overriding database path with different value: C:\Users\ppreawsr\.stmcufinder\plugins\mcufinder/ => C:\Users\ppreawsr\.stmcufinder\plugins\mcufinder
2024-06-04 17:20:59,558 [WARN] DbFile:41 - Overriding database path with different value: C:\Users\ppreawsr\.stmcufinder\plugins\mcufinder/ => C:\Users\ppreawsr\.stmcufinder\plugins\mcufinder
2024-06-04 17:20:59,558 [INFO] CrossReferenceDbSqlite:203 - Set database path to: C:\Users\ppreawsr\.stmcufinder\plugins\mcufinder//mcu/cs/
2024-06-04 17:20:59,582 [INFO] ApplicationProperties:184 - Using Application install path: C:\ST\STM32CubeIDE_1.13.2\STM32CubeIDE\plugins\com.st.stm32cube.common.mx_6.11.1.202404110753
2024-06-04 17:20:59,584 [INFO] PluginManage:196 - Search for loadable plugins [exclusion list=, ]
2024-06-04 17:20:59,585 [INFO] PluginManage:310 - Check plugin analytics
2024-06-04 17:20:59,832 [INFO] AnalyticsPlugin:253 - Accepted Software Licenses: 
2024-06-04 17:20:59,833 [INFO] AnalyticsPlugin:255 - Accepted CMSIS Pack Licenses: ARM.CMSIS-DSP.1.15.0,ARM.CMSIS.6.0.0,ITTIA_DB.I-CUBE-ITTIADB.8.8.0
2024-06-04 17:20:59,833 [INFO] AnalyticsPlugin:257 - Accepted Firmware Licenses: FW.G4.1.5.0
2024-06-04 17:20:59,837 [INFO] PluginManage:359 - Loaded plugin analytics (category:tool,tabindex:-1)
2024-06-04 17:20:59,837 [INFO] PluginManage:310 - Check plugin cadmodel
2024-06-04 17:20:59,845 [INFO] CADModel:105 - Init CAD model plugin
2024-06-04 17:20:59,847 [INFO] PluginManage:359 - Loaded plugin cadmodel (category:power,tabindex:5)
2024-06-04 17:20:59,847 [INFO] PluginManage:310 - Check plugin clock
2024-06-04 17:20:59,867 [INFO] PluginManage:359 - Loaded plugin clock (category:base,tabindex:2)
2024-06-04 17:20:59,867 [INFO] PluginManage:310 - Check plugin ddr
2024-06-04 17:20:59,871 [INFO] PluginManage:359 - Loaded plugin ddr (category:tool,tabindex:6)
2024-06-04 17:20:59,871 [INFO] PluginManage:310 - Check plugin filemanager
2024-06-04 17:21:00,078 [INFO] PluginManage:359 - Loaded plugin filemanager (category:base,tabindex:10)
2024-06-04 17:21:00,078 [INFO] PluginManage:310 - Check plugin ipmanager
2024-06-04 17:21:00,086 [INFO] PluginManage:359 - Loaded plugin ipmanager (category:base,tabindex:5)
2024-06-04 17:21:00,086 [INFO] PluginManage:310 - Check plugin lpbam
2024-06-04 17:21:00,097 [INFO] PluginManage:359 - Loaded plugin lpbam (category:base,tabindex:0)
2024-06-04 17:21:00,097 [INFO] PluginManage:310 - Check plugin memorymap
2024-06-04 17:21:00,114 [INFO] PluginManage:359 - Loaded plugin memorymap (category:base,tabindex:4)
2024-06-04 17:21:00,114 [INFO] PluginManage:310 - Check plugin pinoutandconfiguration
2024-06-04 17:21:00,125 [INFO] PluginManage:359 - Loaded plugin pinoutandconfiguration (category:base,tabindex:1)
2024-06-04 17:21:00,125 [INFO] PluginManage:310 - Check plugin pinoutconfig
2024-06-04 17:21:00,277 [WARN] SupportedApi:132 - Cannot load RTOS API schema: s4s-elt-must-match.1: The content of 'definitions' must match (annotation?, (simpleType | complexType)?, (unique | key | keyref)*)). A problem was found starting at: attribute.
2024-06-04 17:21:00,441 [INFO] PluginManage:359 - Loaded plugin pinoutconfig (category:base,tabindex:0)
2024-06-04 17:21:00,441 [INFO] PluginManage:310 - Check plugin power
2024-06-04 17:21:00,453 [INFO] PluginManage:359 - Loaded plugin power (category:power,tabindex:4)
2024-06-04 17:21:00,453 [INFO] PluginManage:310 - Check plugin projectmanager
2024-06-04 17:21:00,475 [INFO] PluginManage:359 - Loaded plugin projectmanager (category:projectmanager,tabindex:3)
2024-06-04 17:21:00,477 [INFO] PluginManage:310 - Check plugin thirdparty
2024-06-04 17:21:00,653 [INFO] PluginManage:359 - Loaded plugin thirdparty (category:base,tabindex:-1)
2024-06-04 17:21:00,653 [WARN] IntegrityCheckThread:84 - waiting for thirdparty lock release [integrity check]
2024-06-04 17:21:00,653 [INFO] PluginManage:310 - Check plugin tools
2024-06-04 17:21:00,653 [INFO] IntegrityCheckThread:86 - entering critical section [integrity check]
2024-06-04 17:21:00,654 [INFO] ThirdPartyUpdaterWithRetryManager:70 - Updater plugin not ready yet. [1/15]
2024-06-04 17:21:00,658 [INFO] PluginManage:359 - Loaded plugin tools (category:base,tabindex:7)
2024-06-04 17:21:00,658 [INFO] PluginManage:310 - Check plugin tutovideos
2024-06-04 17:21:00,907 [INFO] PluginManage:359 - Loaded plugin tutovideos (category:base,tabindex:-1)
2024-06-04 17:21:00,907 [INFO] PluginManage:310 - Check plugin updater
2024-06-04 17:21:00,922 [INFO] PluginManage:359 - Loaded plugin updater (category:base,tabindex:12)
2024-06-04 17:21:00,922 [INFO] PluginManage:310 - Check plugin userauth
2024-06-04 17:21:00,930 [INFO] UserAuth:114 - Init User Auth plugin
2024-06-04 17:21:00,930 [INFO] PluginManage:359 - Loaded plugin userauth (category:base,tabindex:14)
2024-06-04 17:21:00,931 [INFO] PluginManage:283 - PluginManage : Loaded plugins [17]
2024-06-04 17:21:01,311 [INFO] PinOutPanel:1561 - setPackage(No Configuration,No Configuration)
2024-06-04 17:21:01,542 [INFO] CADModel:165 - CPN selected for project level
2024-06-04 17:21:01,542 [INFO] CADModel:114 - Register for checkConnection events
2024-06-04 17:21:01,606 [INFO] IPUIPlugin:80 - create IPUIPlugin
2024-06-04 17:21:01,606 [INFO] PluginManager:220 - loadIPPluginJar : add adc
2024-06-04 17:21:01,612 [INFO] IPUIPlugin:80 - create IPUIPlugin
2024-06-04 17:21:01,612 [INFO] PluginManager:220 - loadIPPluginJar : add aes
2024-06-04 17:21:01,623 [INFO] IPUIPlugin:80 - create IPUIPlugin
2024-06-04 17:21:01,624 [INFO] PluginManager:220 - loadIPPluginJar : add can
2024-06-04 17:21:01,626 [INFO] IPUIPlugin:80 - create IPUIPlugin
2024-06-04 17:21:01,627 [INFO] PluginManager:220 - loadIPPluginJar : add comp
2024-06-04 17:21:01,636 [INFO] IPUIPlugin:80 - create IPUIPlugin
2024-06-04 17:21:01,636 [INFO] PluginManager:220 - loadIPPluginJar : add cryp
2024-06-04 17:21:01,642 [INFO] IPUIPlugin:80 - create IPUIPlugin
2024-06-04 17:21:01,643 [INFO] PluginManager:220 - loadIPPluginJar : add dfsdm
2024-06-04 17:21:01,664 [INFO] IPUIPlugin:80 - create IPUIPlugin
2024-06-04 17:21:01,667 [INFO] PluginManager:220 - loadIPPluginJar : add dma
2024-06-04 17:21:01,679 [INFO] IPUIPlugin:80 - create IPUIPlugin
2024-06-04 17:21:01,680 [INFO] PluginManager:220 - loadIPPluginJar : add dma3
2024-06-04 17:21:01,690 [INFO] IPUIPlugin:80 - create IPUIPlugin
2024-06-04 17:21:01,690 [INFO] PluginManager:220 - loadIPPluginJar : add extmemmanager
2024-06-04 17:21:01,695 [INFO] IPUIPlugin:80 - create IPUIPlugin
2024-06-04 17:21:01,695 [INFO] PluginManager:220 - loadIPPluginJar : add fatfs
2024-06-04 17:21:01,708 [INFO] IPUIPlugin:80 - create IPUIPlugin
2024-06-04 17:21:01,710 [INFO] PluginManager:220 - loadIPPluginJar : add fmc
2024-06-04 17:21:01,724 [INFO] IPUIPlugin:80 - create IPUIPlugin
2024-06-04 17:21:01,725 [INFO] PluginManager:220 - loadIPPluginJar : add freertos
2024-06-04 17:21:01,731 [INFO] IPUIPlugin:80 - create IPUIPlugin
2024-06-04 17:21:01,731 [INFO] PluginManager:220 - loadIPPluginJar : add genericplugin
2024-06-04 17:21:01,737 [INFO] IPUIPlugin:80 - create IPUIPlugin
2024-06-04 17:21:01,737 [INFO] PluginManager:220 - loadIPPluginJar : add gfxmmu
2024-06-04 17:21:01,751 [INFO] IPUIPlugin:80 - create IPUIPlugin
2024-06-04 17:21:01,752 [INFO] PluginManager:220 - loadIPPluginJar : add gic
2024-06-04 17:21:01,762 [INFO] IPUIPlugin:80 - create IPUIPlugin
2024-06-04 17:21:01,762 [INFO] PluginManager:220 - loadIPPluginJar : add gpio
2024-06-04 17:21:01,767 [INFO] IPUIPlugin:80 - create IPUIPlugin
2024-06-04 17:21:01,767 [INFO] PluginManager:220 - loadIPPluginJar : add gtzc
2024-06-04 17:21:01,774 [INFO] IPUIPlugin:80 - create IPUIPlugin
2024-06-04 17:21:01,774 [INFO] PluginManager:220 - loadIPPluginJar : add hash
2024-06-04 17:21:01,782 [INFO] IPUIPlugin:80 - create IPUIPlugin
2024-06-04 17:21:01,782 [INFO] PluginManager:220 - loadIPPluginJar : add i2c
2024-06-04 17:21:01,786 [INFO] IPUIPlugin:80 - create IPUIPlugin
2024-06-04 17:21:01,787 [INFO] PluginManager:220 - loadIPPluginJar : add i2s
2024-06-04 17:21:01,795 [INFO] IPUIPlugin:80 - create IPUIPlugin
2024-06-04 17:21:01,795 [INFO] PluginManager:220 - loadIPPluginJar : add i3c
2024-06-04 17:21:01,800 [INFO] IPUIPlugin:80 - create IPUIPlugin
2024-06-04 17:21:01,801 [INFO] PluginManager:220 - loadIPPluginJar : add ipddr
2024-06-04 17:21:01,817 [INFO] IPUIPlugin:80 - create IPUIPlugin
2024-06-04 17:21:01,817 [INFO] PluginManager:220 - loadIPPluginJar : add linkedlist
2024-06-04 17:21:01,824 [INFO] IPUIPlugin:80 - create IPUIPlugin
2024-06-04 17:21:01,825 [INFO] PluginManager:220 - loadIPPluginJar : add lorawan
2024-06-04 17:21:01,830 [INFO] IPUIPlugin:80 - create IPUIPlugin
2024-06-04 17:21:01,830 [INFO] PluginManager:220 - loadIPPluginJar : add ltdc
2024-06-04 17:21:01,844 [INFO] IPUIPlugin:80 - create IPUIPlugin
2024-06-04 17:21:01,844 [INFO] PluginManager:220 - loadIPPluginJar : add mdma
2024-06-04 17:21:01,850 [INFO] IPUIPlugin:80 - create IPUIPlugin
2024-06-04 17:21:01,850 [INFO] PluginManager:220 - loadIPPluginJar : add nvic
2024-06-04 17:21:01,856 [INFO] IPUIPlugin:80 - create IPUIPlugin
2024-06-04 17:21:01,857 [INFO] PluginManager:220 - loadIPPluginJar : add opamp
2024-06-04 17:21:01,863 [INFO] IPUIPlugin:80 - create IPUIPlugin
2024-06-04 17:21:01,863 [INFO] PluginManager:220 - loadIPPluginJar : add openamp
2024-06-04 17:21:01,869 [INFO] IPUIPlugin:80 - create IPUIPlugin
2024-06-04 17:21:01,869 [INFO] PluginManager:220 - loadIPPluginJar : add pdm2pcm
2024-06-04 17:21:01,881 [INFO] IPUIPlugin:80 - create IPUIPlugin
2024-06-04 17:21:01,888 [INFO] PluginManager:220 - loadIPPluginJar : add plateformsettings
2024-06-04 17:21:01,891 [INFO] IPUIPlugin:80 - create IPUIPlugin
2024-06-04 17:21:01,891 [INFO] PluginManager:220 - loadIPPluginJar : add quadspi
2024-06-04 17:21:01,900 [INFO] IPUIPlugin:80 - create IPUIPlugin
2024-06-04 17:21:01,901 [INFO] PluginManager:220 - loadIPPluginJar : add resmgrutility
2024-06-04 17:21:01,909 [INFO] IPUIPlugin:80 - create IPUIPlugin
2024-06-04 17:21:01,910 [INFO] PluginManager:220 - loadIPPluginJar : add sai
2024-06-04 17:21:01,915 [INFO] IPUIPlugin:80 - create IPUIPlugin
2024-06-04 17:21:01,916 [INFO] PluginManager:220 - loadIPPluginJar : add spi
2024-06-04 17:21:01,927 [INFO] IPUIPlugin:80 - create IPUIPlugin
2024-06-04 17:21:01,927 [INFO] PluginManager:220 - loadIPPluginJar : add stm32_wpan
2024-06-04 17:21:01,931 [INFO] IPUIPlugin:80 - create IPUIPlugin
2024-06-04 17:21:01,931 [INFO] PluginManager:220 - loadIPPluginJar : add tim
2024-06-04 17:21:01,938 [INFO] IPUIPlugin:80 - create IPUIPlugin
2024-06-04 17:21:01,939 [INFO] PluginManager:220 - loadIPPluginJar : add touchsensing
2024-06-04 17:21:01,944 [INFO] IPUIPlugin:80 - create IPUIPlugin
2024-06-04 17:21:01,944 [INFO] PluginManager:220 - loadIPPluginJar : add tracer_emb
2024-06-04 17:21:01,948 [INFO] IPUIPlugin:80 - create IPUIPlugin
2024-06-04 17:21:01,949 [INFO] PluginManager:220 - loadIPPluginJar : add ts
2024-06-04 17:21:01,953 [INFO] IPUIPlugin:80 - create IPUIPlugin
2024-06-04 17:21:01,953 [INFO] PluginManager:220 - loadIPPluginJar : add tsc
2024-06-04 17:21:01,957 [INFO] IPUIPlugin:80 - create IPUIPlugin
2024-06-04 17:21:01,957 [INFO] PluginManager:220 - loadIPPluginJar : add ucpd
2024-06-04 17:21:01,964 [INFO] IPUIPlugin:80 - create IPUIPlugin
2024-06-04 17:21:01,964 [INFO] PluginManager:220 - loadIPPluginJar : add usart
2024-06-04 17:21:01,970 [INFO] IPUIPlugin:80 - create IPUIPlugin
2024-06-04 17:21:01,971 [INFO] PluginManager:220 - loadIPPluginJar : add usbx
2024-06-04 17:21:02,185 [INFO] CADModel:165 - CPN selected for project level
2024-06-04 17:21:02,186 [INFO] CADModel:114 - Register for checkConnection events
2024-06-04 17:21:02,186 [FATAL] Updater:308 - Updater called before beeing initialized
2024-06-04 17:21:02,187 [ERROR] CADModel:125 - Updater not yet initialized, retry later 
2024-06-04 17:21:08,427 [INFO] Activator:176 - 


2024-06-04 17:21:08,429 [INFO] Activator:177 - !SESSION log4j initialized
2024-06-04 17:21:11,566 [INFO] LogOutputStream:77 - [STDOUT_REDIRECT] 
2024-06-04 17:21:13,753 [INFO] ApplicationProperties:184 - Using Application install path: C:\ST\STM32CubeIDE_1.13.2\STM32CubeIDE\plugins\com.st.stm32cube.common.mx_6.11.1.202404110753
2024-06-04 17:21:13,772 [INFO] DbMcusXml:78 - Set database path to: C:\ST\STM32CubeIDE_1.13.2\STM32CubeIDE\plugins\com.st.stm32cube.common.mx_6.11.1.202404110753\\db\/mcu/
2024-06-04 17:21:13,772 [INFO] ApiDb:274 - Set plugin database path to: C:\ST\STM32CubeIDE_1.13.2\STM32CubeIDE\plugins\com.st.stm32cube.common.mx_6.11.1.202404110753\\db\/plugins/boardmanager/
2024-06-04 17:21:13,773 [WARN] ApiDb:259 - Overriding images path with different value:  => C:\ST\STM32CubeIDE_1.13.2\STM32CubeIDE\plugins\com.st.stm32cube.common.mx_6.11.1.202404110753\\db\/plugins/mcufinder/images/
2024-06-04 17:21:13,778 [INFO] ApiDb:250 - Set database path to: C:\Users\ppreawsr\.stmcufinder\plugins\mcufinder//mcu/
2024-06-04 17:21:13,780 [INFO] DbMcusAds:125 - Set database path to: C:\Users\ppreawsr\.stmcufinder\plugins\mcufinder//mcu/
2024-06-04 17:21:13,782 [INFO] CrossReferenceDbSqlite:203 - Set database path to: C:\Users\ppreawsr\.stmcufinder\plugins\mcufinder//mcu/cs/
2024-06-04 17:21:13,919 [INFO] RulesReader:64 - Compatibility file has been processed (297 Rules)
2024-06-04 17:21:14,011 [INFO] DbMcusXml:78 - Set database path to: C:\ST\STM32CubeIDE_1.13.2\STM32CubeIDE\plugins\com.st.stm32cube.common.mx_6.11.1.202404110753\\db\/mcu/
2024-06-04 17:21:14,011 [INFO] ApiDb:274 - Set plugin database path to: C:\ST\STM32CubeIDE_1.13.2\STM32CubeIDE\plugins\com.st.stm32cube.common.mx_6.11.1.202404110753\\db\/plugins/boardmanager/
2024-06-04 17:21:14,011 [INFO] ApiDb:261 - Set plugin images path to: C:\ST\STM32CubeIDE_1.13.2\STM32CubeIDE\plugins\com.st.stm32cube.common.mx_6.11.1.202404110753\\db\/plugins/mcufinder/images/
2024-06-04 17:21:14,013 [WARN] DbFile:41 - Overriding database path with different value: C:\Users\ppreawsr\.stmcufinder\plugins\mcufinder/ => C:\Users\ppreawsr\.stmcufinder\plugins\mcufinder
2024-06-04 17:21:14,013 [INFO] ApiDb:250 - Set database path to: C:\Users\ppreawsr\.stmcufinder\plugins\mcufinder//mcu/
2024-06-04 17:21:14,013 [WARN] DbFile:41 - Overriding database path with different value: C:\Users\ppreawsr\.stmcufinder\plugins\mcufinder/ => C:\Users\ppreawsr\.stmcufinder\plugins\mcufinder
2024-06-04 17:21:14,013 [INFO] DbMcusAds:125 - Set database path to: C:\Users\ppreawsr\.stmcufinder\plugins\mcufinder//mcu/
2024-06-04 17:21:14,013 [WARN] DbFile:41 - Overriding database path with different value: C:\Users\ppreawsr\.stmcufinder\plugins\mcufinder/ => C:\Users\ppreawsr\.stmcufinder\plugins\mcufinder
2024-06-04 17:21:14,013 [WARN] DbFile:41 - Overriding database path with different value: C:\Users\ppreawsr\.stmcufinder\plugins\mcufinder/ => C:\Users\ppreawsr\.stmcufinder\plugins\mcufinder
2024-06-04 17:21:14,013 [INFO] CrossReferenceDbSqlite:203 - Set database path to: C:\Users\ppreawsr\.stmcufinder\plugins\mcufinder//mcu/cs/
2024-06-04 17:21:14,096 [INFO] MainPanel:264 - HeapMemory: 268435456
2024-06-04 17:21:14,170 [INFO] DbMcusXml:78 - Set database path to: C:\ST\STM32CubeIDE_1.13.2\STM32CubeIDE\plugins\com.st.stm32cube.common.mx_6.11.1.202404110753\\db\/mcu/
2024-06-04 17:21:14,170 [INFO] ApiDb:274 - Set plugin database path to: C:\ST\STM32CubeIDE_1.13.2\STM32CubeIDE\plugins\com.st.stm32cube.common.mx_6.11.1.202404110753\\db\/plugins/boardmanager/
2024-06-04 17:21:14,170 [INFO] ApiDb:261 - Set plugin images path to: C:\ST\STM32CubeIDE_1.13.2\STM32CubeIDE\plugins\com.st.stm32cube.common.mx_6.11.1.202404110753\\db\/plugins/mcufinder/images/
2024-06-04 17:21:14,171 [WARN] DbFile:41 - Overriding database path with different value: C:\Users\ppreawsr\.stmcufinder\plugins\mcufinder/ => C:\Users\ppreawsr\.stmcufinder\plugins\mcufinder
2024-06-04 17:21:14,171 [INFO] ApiDb:250 - Set database path to: C:\Users\ppreawsr\.stmcufinder\plugins\mcufinder//mcu/
2024-06-04 17:21:14,171 [WARN] DbFile:41 - Overriding database path with different value: C:\Users\ppreawsr\.stmcufinder\plugins\mcufinder/ => C:\Users\ppreawsr\.stmcufinder\plugins\mcufinder
2024-06-04 17:21:14,171 [INFO] DbMcusAds:125 - Set database path to: C:\Users\ppreawsr\.stmcufinder\plugins\mcufinder//mcu/
2024-06-04 17:21:14,171 [WARN] DbFile:41 - Overriding database path with different value: C:\Users\ppreawsr\.stmcufinder\plugins\mcufinder/ => C:\Users\ppreawsr\.stmcufinder\plugins\mcufinder
2024-06-04 17:21:14,171 [WARN] DbFile:41 - Overriding database path with different value: C:\Users\ppreawsr\.stmcufinder\plugins\mcufinder/ => C:\Users\ppreawsr\.stmcufinder\plugins\mcufinder
2024-06-04 17:21:14,171 [INFO] CrossReferenceDbSqlite:203 - Set database path to: C:\Users\ppreawsr\.stmcufinder\plugins\mcufinder//mcu/cs/
2024-06-04 17:21:14,189 [INFO] ApplicationProperties:184 - Using Application install path: C:\ST\STM32CubeIDE_1.13.2\STM32CubeIDE\plugins\com.st.stm32cube.common.mx_6.11.1.202404110753
2024-06-04 17:21:14,191 [INFO] PluginManage:196 - Search for loadable plugins [exclusion list=, ]
2024-06-04 17:21:14,192 [INFO] PluginManage:310 - Check plugin analytics
2024-06-04 17:21:14,394 [INFO] AnalyticsPlugin:253 - Accepted Software Licenses: 
2024-06-04 17:21:14,395 [INFO] AnalyticsPlugin:255 - Accepted CMSIS Pack Licenses: ARM.CMSIS-DSP.1.15.0,ARM.CMSIS.6.0.0,ITTIA_DB.I-CUBE-ITTIADB.8.8.0
2024-06-04 17:21:14,395 [INFO] AnalyticsPlugin:257 - Accepted Firmware Licenses: FW.G4.1.5.0
2024-06-04 17:21:14,397 [INFO] PluginManage:359 - Loaded plugin analytics (category:tool,tabindex:-1)
2024-06-04 17:21:14,397 [INFO] PluginManage:310 - Check plugin cadmodel
2024-06-04 17:21:14,403 [INFO] CADModel:105 - Init CAD model plugin
2024-06-04 17:21:14,403 [INFO] PluginManage:359 - Loaded plugin cadmodel (category:power,tabindex:5)
2024-06-04 17:21:14,403 [INFO] PluginManage:310 - Check plugin clock
2024-06-04 17:21:14,414 [INFO] PluginManage:359 - Loaded plugin clock (category:base,tabindex:2)
2024-06-04 17:21:14,414 [INFO] PluginManage:310 - Check plugin ddr
2024-06-04 17:21:14,416 [INFO] PluginManage:359 - Loaded plugin ddr (category:tool,tabindex:6)
2024-06-04 17:21:14,416 [INFO] PluginManage:310 - Check plugin filemanager
2024-06-04 17:21:14,603 [INFO] PluginManage:359 - Loaded plugin filemanager (category:base,tabindex:10)
2024-06-04 17:21:14,604 [INFO] PluginManage:310 - Check plugin ipmanager
2024-06-04 17:21:14,612 [INFO] PluginManage:359 - Loaded plugin ipmanager (category:base,tabindex:5)
2024-06-04 17:21:14,612 [INFO] PluginManage:310 - Check plugin lpbam
2024-06-04 17:21:14,621 [INFO] PluginManage:359 - Loaded plugin lpbam (category:base,tabindex:0)
2024-06-04 17:21:14,622 [INFO] PluginManage:310 - Check plugin memorymap
2024-06-04 17:21:14,633 [INFO] PluginManage:359 - Loaded plugin memorymap (category:base,tabindex:4)
2024-06-04 17:21:14,633 [INFO] PluginManage:310 - Check plugin pinoutandconfiguration
2024-06-04 17:21:14,640 [INFO] PluginManage:359 - Loaded plugin pinoutandconfiguration (category:base,tabindex:1)
2024-06-04 17:21:14,640 [INFO] PluginManage:310 - Check plugin pinoutconfig
2024-06-04 17:21:14,728 [WARN] SupportedApi:132 - Cannot load RTOS API schema: s4s-elt-must-match.1: The content of 'definitions' must match (annotation?, (simpleType | complexType)?, (unique | key | keyref)*)). A problem was found starting at: attribute.
2024-06-04 17:21:14,850 [INFO] PluginManage:359 - Loaded plugin pinoutconfig (category:base,tabindex:0)
2024-06-04 17:21:14,850 [INFO] PluginManage:310 - Check plugin power
2024-06-04 17:21:14,861 [INFO] PluginManage:359 - Loaded plugin power (category:power,tabindex:4)
2024-06-04 17:21:14,862 [INFO] PluginManage:310 - Check plugin projectmanager
2024-06-04 17:21:14,878 [INFO] PluginManage:359 - Loaded plugin projectmanager (category:projectmanager,tabindex:3)
2024-06-04 17:21:14,878 [INFO] PluginManage:310 - Check plugin thirdparty
2024-06-04 17:21:15,002 [INFO] PluginManage:359 - Loaded plugin thirdparty (category:base,tabindex:-1)
2024-06-04 17:21:15,002 [WARN] IntegrityCheckThread:84 - waiting for thirdparty lock release [integrity check]
2024-06-04 17:21:15,002 [INFO] PluginManage:310 - Check plugin tools
2024-06-04 17:21:15,002 [INFO] IntegrityCheckThread:86 - entering critical section [integrity check]
2024-06-04 17:21:15,004 [INFO] ThirdPartyUpdaterWithRetryManager:70 - Updater plugin not ready yet. [1/15]
2024-06-04 17:21:15,005 [INFO] PluginManage:359 - Loaded plugin tools (category:base,tabindex:7)
2024-06-04 17:21:15,005 [INFO] PluginManage:310 - Check plugin tutovideos
2024-06-04 17:21:15,172 [INFO] PluginManage:359 - Loaded plugin tutovideos (category:base,tabindex:-1)
2024-06-04 17:21:15,172 [INFO] PluginManage:310 - Check plugin updater
2024-06-04 17:21:15,183 [INFO] PluginManage:359 - Loaded plugin updater (category:base,tabindex:12)
2024-06-04 17:21:15,183 [INFO] PluginManage:310 - Check plugin userauth
2024-06-04 17:21:15,188 [INFO] UserAuth:114 - Init User Auth plugin
2024-06-04 17:21:15,189 [INFO] PluginManage:359 - Loaded plugin userauth (category:base,tabindex:14)
2024-06-04 17:21:15,189 [INFO] PluginManage:283 - PluginManage : Loaded plugins [17]
2024-06-04 17:21:15,396 [INFO] PinOutPanel:1561 - setPackage(No Configuration,No Configuration)
2024-06-04 17:21:15,465 [INFO] CADModel:165 - CPN selected for project level
2024-06-04 17:21:15,465 [INFO] CADModel:114 - Register for checkConnection events
2024-06-04 17:21:15,479 [INFO] IPUIPlugin:80 - create IPUIPlugin
2024-06-04 17:21:15,479 [INFO] PluginManager:220 - loadIPPluginJar : add adc
2024-06-04 17:21:15,481 [INFO] IPUIPlugin:80 - create IPUIPlugin
2024-06-04 17:21:15,481 [INFO] PluginManager:220 - loadIPPluginJar : add aes
2024-06-04 17:21:15,483 [INFO] IPUIPlugin:80 - create IPUIPlugin
2024-06-04 17:21:15,483 [INFO] PluginManager:220 - loadIPPluginJar : add can
2024-06-04 17:21:15,484 [INFO] IPUIPlugin:80 - create IPUIPlugin
2024-06-04 17:21:15,486 [INFO] PluginManager:220 - loadIPPluginJar : add comp
2024-06-04 17:21:15,487 [INFO] IPUIPlugin:80 - create IPUIPlugin
2024-06-04 17:21:15,487 [INFO] PluginManager:220 - loadIPPluginJar : add cryp
2024-06-04 17:21:15,489 [INFO] IPUIPlugin:80 - create IPUIPlugin
2024-06-04 17:21:15,489 [INFO] PluginManager:220 - loadIPPluginJar : add dfsdm
2024-06-04 17:21:15,494 [INFO] IPUIPlugin:80 - create IPUIPlugin
2024-06-04 17:21:15,495 [INFO] PluginManager:220 - loadIPPluginJar : add dma
2024-06-04 17:21:15,497 [INFO] IPUIPlugin:80 - create IPUIPlugin
2024-06-04 17:21:15,497 [INFO] PluginManager:220 - loadIPPluginJar : add dma3
2024-06-04 17:21:15,499 [INFO] IPUIPlugin:80 - create IPUIPlugin
2024-06-04 17:21:15,500 [INFO] PluginManager:220 - loadIPPluginJar : add extmemmanager
2024-06-04 17:21:15,501 [INFO] IPUIPlugin:80 - create IPUIPlugin
2024-06-04 17:21:15,501 [INFO] PluginManager:220 - loadIPPluginJar : add fatfs
2024-06-04 17:21:15,504 [INFO] IPUIPlugin:80 - create IPUIPlugin
2024-06-04 17:21:15,504 [INFO] PluginManager:220 - loadIPPluginJar : add fmc
2024-06-04 17:21:15,508 [INFO] IPUIPlugin:80 - create IPUIPlugin
2024-06-04 17:21:15,509 [INFO] PluginManager:220 - loadIPPluginJar : add freertos
2024-06-04 17:21:15,510 [INFO] IPUIPlugin:80 - create IPUIPlugin
2024-06-04 17:21:15,510 [INFO] PluginManager:220 - loadIPPluginJar : add genericplugin
2024-06-04 17:21:15,512 [INFO] IPUIPlugin:80 - create IPUIPlugin
2024-06-04 17:21:15,512 [INFO] PluginManager:220 - loadIPPluginJar : add gfxmmu
2024-06-04 17:21:15,516 [INFO] IPUIPlugin:80 - create IPUIPlugin
2024-06-04 17:21:15,516 [INFO] PluginManager:220 - loadIPPluginJar : add gic
2024-06-04 17:21:15,520 [INFO] IPUIPlugin:80 - create IPUIPlugin
2024-06-04 17:21:15,520 [INFO] PluginManager:220 - loadIPPluginJar : add gpio
2024-06-04 17:21:15,522 [INFO] IPUIPlugin:80 - create IPUIPlugin
2024-06-04 17:21:15,522 [INFO] PluginManager:220 - loadIPPluginJar : add gtzc
2024-06-04 17:21:15,524 [INFO] IPUIPlugin:80 - create IPUIPlugin
2024-06-04 17:21:15,524 [INFO] PluginManager:220 - loadIPPluginJar : add hash
2024-06-04 17:21:15,526 [INFO] IPUIPlugin:80 - create IPUIPlugin
2024-06-04 17:21:15,526 [INFO] PluginManager:220 - loadIPPluginJar : add i2c
2024-06-04 17:21:15,529 [INFO] IPUIPlugin:80 - create IPUIPlugin
2024-06-04 17:21:15,529 [INFO] PluginManager:220 - loadIPPluginJar : add i2s
2024-06-04 17:21:15,532 [INFO] IPUIPlugin:80 - create IPUIPlugin
2024-06-04 17:21:15,532 [INFO] PluginManager:220 - loadIPPluginJar : add i3c
2024-06-04 17:21:15,534 [INFO] IPUIPlugin:80 - create IPUIPlugin
2024-06-04 17:21:15,534 [INFO] PluginManager:220 - loadIPPluginJar : add ipddr
2024-06-04 17:21:15,540 [INFO] IPUIPlugin:80 - create IPUIPlugin
2024-06-04 17:21:15,540 [INFO] PluginManager:220 - loadIPPluginJar : add linkedlist
2024-06-04 17:21:15,542 [INFO] IPUIPlugin:80 - create IPUIPlugin
2024-06-04 17:21:15,543 [INFO] PluginManager:220 - loadIPPluginJar : add lorawan
2024-06-04 17:21:15,543 [INFO] IPUIPlugin:80 - create IPUIPlugin
2024-06-04 17:21:15,544 [INFO] PluginManager:220 - loadIPPluginJar : add ltdc
2024-06-04 17:21:15,548 [INFO] IPUIPlugin:80 - create IPUIPlugin
2024-06-04 17:21:15,548 [INFO] PluginManager:220 - loadIPPluginJar : add mdma
2024-06-04 17:21:15,551 [INFO] IPUIPlugin:80 - create IPUIPlugin
2024-06-04 17:21:15,551 [INFO] PluginManager:220 - loadIPPluginJar : add nvic
2024-06-04 17:21:15,553 [INFO] IPUIPlugin:80 - create IPUIPlugin
2024-06-04 17:21:15,553 [INFO] PluginManager:220 - loadIPPluginJar : add opamp
2024-06-04 17:21:15,555 [INFO] IPUIPlugin:80 - create IPUIPlugin
2024-06-04 17:21:15,555 [INFO] PluginManager:220 - loadIPPluginJar : add openamp
2024-06-04 17:21:15,557 [INFO] IPUIPlugin:80 - create IPUIPlugin
2024-06-04 17:21:15,557 [INFO] PluginManager:220 - loadIPPluginJar : add pdm2pcm
2024-06-04 17:21:15,563 [INFO] IPUIPlugin:80 - create IPUIPlugin
2024-06-04 17:21:15,565 [INFO] PluginManager:220 - loadIPPluginJar : add plateformsettings
2024-06-04 17:21:15,566 [INFO] IPUIPlugin:80 - create IPUIPlugin
2024-06-04 17:21:15,566 [INFO] PluginManager:220 - loadIPPluginJar : add quadspi
2024-06-04 17:21:15,569 [INFO] IPUIPlugin:80 - create IPUIPlugin
2024-06-04 17:21:15,569 [INFO] PluginManager:220 - loadIPPluginJar : add resmgrutility
2024-06-04 17:21:15,571 [INFO] IPUIPlugin:80 - create IPUIPlugin
2024-06-04 17:21:15,571 [INFO] PluginManager:220 - loadIPPluginJar : add sai
2024-06-04 17:21:15,573 [INFO] IPUIPlugin:80 - create IPUIPlugin
2024-06-04 17:21:15,573 [INFO] PluginManager:220 - loadIPPluginJar : add spi
2024-06-04 17:21:15,578 [INFO] IPUIPlugin:80 - create IPUIPlugin
2024-06-04 17:21:15,578 [INFO] PluginManager:220 - loadIPPluginJar : add stm32_wpan
2024-06-04 17:21:15,579 [INFO] IPUIPlugin:80 - create IPUIPlugin
2024-06-04 17:21:15,580 [INFO] PluginManager:220 - loadIPPluginJar : add tim
2024-06-04 17:21:15,582 [INFO] IPUIPlugin:80 - create IPUIPlugin
2024-06-04 17:21:15,582 [INFO] PluginManager:220 - loadIPPluginJar : add touchsensing
2024-06-04 17:21:15,584 [INFO] IPUIPlugin:80 - create IPUIPlugin
2024-06-04 17:21:15,584 [INFO] PluginManager:220 - loadIPPluginJar : add tracer_emb
2024-06-04 17:21:15,585 [INFO] IPUIPlugin:80 - create IPUIPlugin
2024-06-04 17:21:15,585 [INFO] PluginManager:220 - loadIPPluginJar : add ts
2024-06-04 17:21:15,586 [INFO] IPUIPlugin:80 - create IPUIPlugin
2024-06-04 17:21:15,587 [INFO] PluginManager:220 - loadIPPluginJar : add tsc
2024-06-04 17:21:15,588 [INFO] IPUIPlugin:80 - create IPUIPlugin
2024-06-04 17:21:15,588 [INFO] PluginManager:220 - loadIPPluginJar : add ucpd
2024-06-04 17:21:15,590 [INFO] IPUIPlugin:80 - create IPUIPlugin
2024-06-04 17:21:15,590 [INFO] PluginManager:220 - loadIPPluginJar : add usart
2024-06-04 17:21:15,592 [INFO] IPUIPlugin:80 - create IPUIPlugin
2024-06-04 17:21:15,593 [INFO] PluginManager:220 - loadIPPluginJar : add usbx
2024-06-04 17:21:15,719 [INFO] CADModel:165 - CPN selected for project level
2024-06-04 17:21:15,719 [INFO] CADModel:114 - Register for checkConnection events
2024-06-04 17:21:15,719 [FATAL] Updater:308 - Updater called before beeing initialized
2024-06-04 17:21:15,719 [ERROR] CADModel:125 - Updater not yet initialized, retry later 
2024-06-04 17:21:15,859 [INFO] CADModel:165 - CPN selected for project level
2024-06-04 17:21:15,859 [INFO] CADModel:114 - Register for checkConnection events
2024-06-04 17:21:15,859 [FATAL] Updater:308 - Updater called before beeing initialized
2024-06-04 17:21:15,859 [ERROR] CADModel:125 - Updater not yet initialized, retry later 
2024-06-04 17:21:15,863 [FATAL] Updater:308 - Updater called before beeing initialized
2024-06-04 17:21:16,012 [FATAL] Updater:308 - Updater called before beeing initialized
2024-06-04 17:21:16,022 [INFO] DbMcusAds:53 - JSON generation date=Thu May 16 16:22:00 ICT 2024 (1715851320852)
2024-06-04 17:21:16,022 [FATAL] Updater:308 - Updater called before beeing initialized
2024-06-04 17:21:16,094 [WARN] DetailPanel:346 - Failed to get advertising image, set to default
2024-06-04 17:21:16,239 [FATAL] Updater:308 - Updater called before beeing initialized
2024-06-04 17:21:16,242 [FATAL] Updater:308 - Updater called before beeing initialized
2024-06-04 17:21:16,242 [FATAL] Updater:308 - Updater called before beeing initialized
2024-06-04 17:21:16,242 [WARN] DetailPanel:346 - Failed to get advertising image, set to default
2024-06-04 17:21:16,243 [FATAL] Updater:308 - Updater called before beeing initialized
2024-06-04 17:21:16,326 [ERROR] Updater:1120 - MainUpdater not yet initialized. External WinMGr cannot be set.
2024-06-04 17:21:16,329 [INFO] Updater:1056 - Updater Version found : 6.11.1
2024-06-04 17:21:16,366 [INFO] ApplicationProperties:184 - Using Application install path: C:\ST\STM32CubeIDE_1.13.2\STM32CubeIDE\plugins\com.st.stm32cube.common.mx_6.11.1.202404110753
2024-06-04 17:21:17,944 [ERROR] LogOutputStream:75 - [STDERR_REDIRECT] Jun 04, 2024 5:21:17 PM java.util.prefs.WindowsPreferences <init>
2024-06-04 17:21:17,945 [ERROR] LogOutputStream:75 - [STDERR_REDIRECT] WARNING: Could not open/create prefs root node Software\JavaSoft\Prefs at root 0xffffffff80000002. Windows RegCreateKeyEx(...) returned error code 5.
2024-06-04 17:21:17,945 [ERROR] LogOutputStream:75 - [STDERR_REDIRECT] 
2024-06-04 17:21:18,005 [INFO] ThirdPartyUpdaterWithRetryManager:70 - Updater plugin not ready yet. [2/15]
2024-06-04 17:21:18,860 [INFO] MainUpdater:2873 - connection check result : 10
2024-06-04 17:21:18,861 [INFO] MainUpdater:290 - Updater Check For Update Now.
2024-06-04 17:21:18,861 [INFO] MicroXplorer:498 - Change Database Version : DB.6.0.111
2024-06-04 17:21:18,867 [INFO] McuFinderGlobals:63 - Set McuFinder mode to 2 (CubeIDE integrated)
2024-06-04 17:21:18,877 [INFO] UserAuth:415 - Internet connection configuration mode: 1
2024-06-04 17:21:18,899 [INFO] JxBrowserEngine:152 - Initiate JxBrowser Engine with user profile folder
2024-06-04 17:21:19,049 [INFO] CheckServerUpdateThread:120 - End of CheckServer Thread
2024-06-04 17:21:19,757 [INFO] WebApp:161 - Instantiating new browser for Auth
2024-06-04 17:21:20,557 [INFO] WebApp:779 - Register for checkConnection events
2024-06-04 17:21:20,557 [INFO] WebApp:414 - Apply proxy settings
2024-06-04 17:21:20,557 [INFO] WebApp:499 - Chromium requires no authentication
2024-06-04 17:21:20,566 [INFO] WebApp:442 - Direct internet connection detected
2024-06-04 17:21:20,739 [INFO] WebApp:192 - Starting web application
2024-06-04 17:21:20,740 [INFO] WebApp:544 - Web application path used C:\ST\STM32CubeIDE_1.13.2\STM32CubeIDE\plugins\com.st.stm32cube.common.mx_6.11.1.202404110753\db\plugins\mcufinder\reactClient1\index.html
2024-06-04 17:21:21,217 [WARN] PackLoader:240 - Cannot read IP mode file for STMicroelectronics.FP-SNS-MOTENVWB1.1.4.0
2024-06-04 17:21:21,236 [WARN] PackLoader:240 - Cannot read IP mode file for STMicroelectronics.X-CUBE-SMBUS.2.1.0
2024-06-04 17:21:21,245 [WARN] PackLoader:240 - Cannot read IP mode file for STMicroelectronics.X-CUBE-TOUCHGFX.4.23.0
2024-06-04 17:21:21,249 [WARN] PackLoader:240 - Cannot read IP mode file for STMicroelectronics.X-CUBE-TOUCHGFX.4.23.2
2024-06-04 17:21:21,300 [WARN] PackLoader:240 - Cannot read IP mode file for STMicroelectronics.X-CUBE-AZRTOS-F7.1.1.0
2024-06-04 17:21:21,323 [WARN] PackLoader:240 - Cannot read IP mode file for STMicroelectronics.FP-SNS-MOTENV1.4.3.2
2024-06-04 17:21:21,337 [WARN] PackLoader:240 - Cannot read IP mode file for STMicroelectronics.FP-SNS-FLIGHT1.5.0.2
2024-06-04 17:21:21,355 [WARN] PackLoader:240 - Cannot read IP mode file for STMicroelectronics.X-CUBE-DISPLAY.3.0.0
2024-06-04 17:21:21,381 [WARN] PackLoader:240 - Cannot read IP mode file for STMicroelectronics.X-CUBE-BLE1.7.0.0
2024-06-04 17:21:21,393 [WARN] PackLoader:240 - Cannot read IP mode file for emotas.I-CUBE-CANOPEN.1.3.0
2024-06-04 17:21:21,398 [WARN] PackLoader:240 - Cannot read IP mode file for STMicroelectronics.X-CUBE-TOUCHGFX.4.22.1
2024-06-04 17:21:21,428 [WARN] PackLoader:240 - Cannot read IP mode file for STMicroelectronics.X-CUBE-BLEMGR.3.1.0
2024-06-04 17:21:21,442 [WARN] PackLoader:240 - Cannot read IP mode file for STMicroelectronics.FP-SNS-SMARTAG2.1.2.0
2024-06-04 17:21:21,465 [INFO] LogOutputStream:77 - [STDOUT_REDIRECT] 1 : Invalid condition id : UX_CORESTACK_Condition cause : null
2024-06-04 17:21:21,466 [INFO] LogOutputStream:77 - [STDOUT_REDIRECT] 1 : Invalid condition id : UX_CORESTACK_Condition cause : null
2024-06-04 17:21:21,468 [INFO] LogOutputStream:77 - [STDOUT_REDIRECT] 1 : Invalid condition id : UX_CORESTACK_Condition cause : null
2024-06-04 17:21:21,470 [INFO] LogOutputStream:77 - [STDOUT_REDIRECT] 1 : Invalid condition id : UX_CORESTACK_Condition cause : null
2024-06-04 17:21:21,471 [INFO] LogOutputStream:77 - [STDOUT_REDIRECT] 1 : Invalid condition id : UX_CORESTACK_Condition cause : null
2024-06-04 17:21:21,482 [WARN] PackLoader:240 - Cannot read IP mode file for STMicroelectronics.X-CUBE-AZRTOS-WL.2.0.0
2024-06-04 17:21:21,496 [WARN] PackLoader:240 - Cannot read IP mode file for STMicroelectronics.FP-SNS-MOTENV1.5.0.0
2024-06-04 17:21:21,515 [WARN] PackLoader:240 - Cannot read IP mode file for WES.I-CUBE-Cesium.1.3.0
2024-06-04 17:21:21,523 [WARN] PackLoader:240 - Cannot read IP mode file for STMicroelectronics.X-CUBE-BLE2.3.3.0
2024-06-04 17:21:21,535 [WARN] PackLoader:240 - Cannot read IP mode file for STMicroelectronics.X-CUBE-TCPP.4.1.0
2024-06-04 17:21:21,551 [WARN] PackLoader:240 - Cannot read IP mode file for STMicroelectronics.X-CUBE-ALGOBUILD.1.3.0
2024-06-04 17:21:21,578 [WARN] PackLoader:240 - Cannot read IP mode file for STMicroelectronics.X-CUBE-AZRTOS-G0.1.1.0
2024-06-04 17:21:21,592 [WARN] PackLoader:240 - Cannot read IP mode file for STMicroelectronics.X-CUBE-SAFEA1.1.2.2
2024-06-04 17:21:21,602 [WARN] PackLoader:240 - Cannot read IP mode file for STMicroelectronics.X-CUBE-NFC4.3.0.0
2024-06-04 17:21:21,612 [WARN] PackLoader:240 - Cannot read IP mode file for wolfSSL.I-CUBE-wolfMQTT.1.18.0
2024-06-04 17:21:21,627 [WARN] PackLoader:240 - Cannot read IP mode file for STMicroelectronics.X-CUBE-BLEMGR.3.0.0
2024-06-04 17:21:21,637 [WARN] PackLoader:240 - Cannot read IP mode file for STMicroelectronics.FP-ATR-SIGFOX1.3.2.0
2024-06-04 17:21:21,648 [WARN] PackLoader:240 - Cannot read IP mode file for STMicroelectronics.X-CUBE-EEPRMA1.5.1.0
2024-06-04 17:21:21,720 [WARN] PackLoader:240 - Cannot read IP mode file for SEGGER.I-CUBE-embOS.1.3.1
2024-06-04 17:21:21,839 [WARN] PackLoader:240 - Cannot read IP mode file for STMicroelectronics.X-CUBE-ALGOBUILD.1.4.0
2024-06-04 17:21:21,855 [WARN] PackLoader:240 - Cannot read IP mode file for STMicroelectronics.X-CUBE-GNSS1.6.0.0
2024-06-04 17:21:21,911 [WARN] PackLoader:240 - Cannot read IP mode file for STMicroelectronics.X-CUBE-AZRTOS-F4.1.1.0
2024-06-04 17:21:21,921 [WARN] PackLoader:240 - Cannot read IP mode file for wolfSSL.I-CUBE-wolfSSL.5.6.3
2024-06-04 17:21:21,929 [WARN] PackLoader:240 - Cannot read IP mode file for STMicroelectronics.X-CUBE-FREERTOS.1.2.0
2024-06-04 17:21:21,954 [WARN] PackLoader:240 - Cannot read IP mode file for STMicroelectronics.X-CUBE-AZRTOS-L5.2.0.0
2024-06-04 17:21:21,966 [WARN] PackLoader:240 - Cannot read IP mode file for STMicroelectronics.X-CUBE-EEPRMA1.4.2.0
2024-06-04 17:21:21,980 [WARN] PackLoader:240 - Cannot read IP mode file for STMicroelectronics.X-CUBE-NFC6.3.1.0
2024-06-04 17:21:21,995 [WARN] PackLoader:240 - Cannot read IP mode file for ITTIA_DB.I-CUBE-ITTIADB.8.8.0
2024-06-04 17:21:22,167 [WARN] PackLoader:240 - Cannot read IP mode file for STMicroelectronics.X-CUBE-BLEMGR.2.0.0
2024-06-04 17:21:22,173 [WARN] PackLoader:240 - Cannot read IP mode file for STMicroelectronics.X-CUBE-AI.9.0.0
2024-06-04 17:21:22,197 [WARN] ConditionMgr:438 - getConditionDescription Invalid condition id : UX DEVICE CLASS RTOS Condition cause : null
2024-06-04 17:21:22,198 [WARN] ConditionMgr:438 - getConditionDescription Invalid condition id : UX DEVICE CLASS RTOS Condition cause : null
2024-06-04 17:21:22,202 [WARN] PackLoader:240 - Cannot read IP mode file for STMicroelectronics.X-CUBE-AZRTOS-H7.3.1.0
2024-06-04 17:21:22,203 [WARN] ConditionMgr:1039 - genDependencies : Invalid condition id : UX DEVICE CLASS RTOS Condition cause : null
2024-06-04 17:21:22,203 [WARN] ConditionMgr:1039 - genDependencies : Invalid condition id : UX DEVICE CLASS RTOS Condition cause : null
2024-06-04 17:21:22,203 [WARN] ConditionMgr:1039 - genDependencies : Invalid condition id : UX DEVICE CLASS RTOS Condition cause : null
2024-06-04 17:21:22,204 [WARN] ConditionMgr:1039 - genDependencies : Invalid condition id : UX DEVICE CLASS RTOS Condition cause : null
2024-06-04 17:21:22,204 [WARN] ConditionMgr:1039 - genDependencies : Invalid condition id : UX DEVICE CLASS RTOS Condition cause : null
2024-06-04 17:21:22,223 [WARN] PackLoader:240 - Cannot read IP mode file for STMicroelectronics.X-CUBE-NFC7.1.0.1
2024-06-04 17:21:22,236 [WARN] PackLoader:240 - Cannot read IP mode file for STMicroelectronics.X-CUBE-NFC6.3.0.0
2024-06-04 17:21:22,249 [WARN] PackLoader:240 - Cannot read IP mode file for STMicroelectronics.X-CUBE-EEPRMA1.4.1.0
2024-06-04 17:21:22,255 [WARN] PackLoader:240 - Cannot read IP mode file for STMicroelectronics.X-CUBE-AI.8.1.0
2024-06-04 17:21:22,309 [WARN] ConditionMgr:438 - getConditionDescription Invalid condition id : LAN8742 Phy interface Condition cause : null
2024-06-04 17:21:22,311 [WARN] PackLoader:240 - Cannot read IP mode file for STMicroelectronics.X-CUBE-AZRTOS-L4.2.0.0
2024-06-04 17:21:22,313 [WARN] ConditionMgr:1039 - genDependencies : Invalid condition id : LAN8742 Phy interface Condition cause : null
2024-06-04 17:21:22,314 [WARN] ConditionMgr:1039 - genDependencies : Invalid condition id : LAN8742 Phy interface Condition cause : null
2024-06-04 17:21:22,315 [WARN] ConditionMgr:1039 - genDependencies : Invalid condition id : LAN8742 Phy interface Condition cause : null
2024-06-04 17:21:22,417 [WARN] PackLoader:240 - Cannot read IP mode file for STMicroelectronics.X-CUBE-SFXS2LP1.4.0.0
2024-06-04 17:21:22,428 [WARN] PackLoader:240 - Cannot read IP mode file for STMicroelectronics.X-CUBE-ISPU.1.1.0
2024-06-04 17:21:22,452 [WARN] ConditionMgr:438 - getConditionDescription Invalid condition id : UX DEVICE CLASS RTOS Condition cause : null
2024-06-04 17:21:22,452 [WARN] ConditionMgr:438 - getConditionDescription Invalid condition id : UX DEVICE CLASS RTOS Condition cause : null
2024-06-04 17:21:22,454 [WARN] PackLoader:240 - Cannot read IP mode file for STMicroelectronics.X-CUBE-AZRTOS-WB.2.0.0
2024-06-04 17:21:22,456 [WARN] ConditionMgr:1039 - genDependencies : Invalid condition id : UX DEVICE CLASS RTOS Condition cause : null
2024-06-04 17:21:22,456 [WARN] ConditionMgr:1039 - genDependencies : Invalid condition id : UX DEVICE CLASS RTOS Condition cause : null
2024-06-04 17:21:22,457 [WARN] ConditionMgr:1039 - genDependencies : Invalid condition id : UX DEVICE CLASS RTOS Condition cause : null
2024-06-04 17:21:22,458 [WARN] ConditionMgr:1039 - genDependencies : Invalid condition id : UX DEVICE CLASS RTOS Condition cause : null
2024-06-04 17:21:22,458 [WARN] ConditionMgr:1039 - genDependencies : Invalid condition id : UX DEVICE CLASS RTOS Condition cause : null
2024-06-04 17:21:22,477 [WARN] PackLoader:240 - Cannot read IP mode file for STMicroelectronics.X-CUBE-SUBG2.5.0.0
2024-06-04 17:21:22,499 [WARN] PackLoader:240 - Cannot read IP mode file for STMicroelectronics.X-CUBE-TOF1.3.3.1
2024-06-04 17:21:22,541 [WARN] PackLoader:240 - Cannot read IP mode file for STMicroelectronics.X-CUBE-AZRTOS-G4.2.0.0
2024-06-04 17:21:22,560 [WARN] PackLoader:240 - Cannot read IP mode file for Infineon.AIROC-Wi-Fi-Bluetooth-STM32.1.5.1
2024-06-04 17:21:22,571 [WARN] PackLoader:240 - Cannot read IP mode file for STMicroelectronics.FP-SNS-MOTENVWB1.1.3.0
2024-06-04 17:21:22,581 [WARN] PackLoader:240 - Cannot read IP mode file for STMicroelectronics.FP-SNS-MOTENVWB1.1.3.1
2024-06-04 17:21:22,588 [WARN] PackLoader:240 - Cannot read IP mode file for STMicroelectronics.X-CUBE-ISPU.2.0.0
2024-06-04 17:21:22,598 [WARN] PackLoader:240 - Cannot read IP mode file for STMicroelectronics.X-CUBE-ALS.1.0.2
2024-06-04 17:21:22,646 [WARN] PackLoader:240 - Cannot read IP mode file for STMicroelectronics.X-CUBE-MEMS1.10.0.0
2024-06-04 17:21:22,814 [WARN] PackLoader:240 - Cannot read IP mode file for STMicroelectronics.X-CUBE-FREERTOS.1.1.0
2024-06-04 17:21:22,820 [WARN] PackLoader:240 - Cannot read IP mode file for portGmbH.I-Cube-SoM-uGOAL.1.1.0
2024-06-04 17:21:22,827 [WARN] PackLoader:240 - Cannot read IP mode file for STMicroelectronics.X-CUBE-ALS.1.0.1
2024-06-04 17:21:22,852 [WARN] PackLoader:240 - Cannot read IP mode file for STMicroelectronics.X-CUBE-AZRTOS-H7RS.1.0.0
2024-06-04 17:21:22,864 [WARN] PackLoader:240 - Cannot read IP mode file for STMicroelectronics.FP-ATR-ASTRA1.2.0.0
2024-06-04 17:21:22,881 [WARN] PackLoader:240 - Cannot read IP mode file for STMicroelectronics.X-CUBE-TOF1.3.4.0
2024-06-04 17:21:22,913 [WARN] PackLoader:240 - Cannot read IP mode file for STMicroelectronics.X-CUBE-TOF1.3.4.1
2024-06-04 17:21:22,954 [WARN] PackLoader:240 - Cannot read IP mode file for STMicroelectronics.X-CUBE-AZRTOS-H7.3.2.0
2024-06-04 17:21:22,962 [INFO] ThirdParty:978 - Integrity check success = true
2024-06-04 17:21:22,962 [INFO] IntegrityCheckThread:100 - exiting critical section [integrity check]
2024-06-04 17:21:22,962 [INFO] IntegrityCheckThread:103 - End integrity checks thread
2024-06-04 17:21:43,098 [ERROR] LogOutputStream:75 - [STDERR_REDIRECT] 
2024-06-04 17:21:43,104 [ERROR] LogOutputStream:75 - [STDERR_REDIRECT] 
