2024-06-03 16:06:21,199 [INFO] Activator:176 - 


2024-06-03 16:06:21,207 [INFO] Activator:177 - !SESSION log4j initialized
2024-06-03 16:06:29,014 [INFO] LogOutputStream:77 - [STDOUT_REDIRECT] 
2024-06-03 16:08:55,440 [INFO] ApplicationProperties:184 - Using Application install path: C:\ST\STM32CubeIDE_1.13.2\STM32CubeIDE\plugins\com.st.stm32cube.common.mx_6.11.1.202404110753
2024-06-03 16:08:55,469 [INFO] DbMcusXml:78 - Set database path to: C:\ST\STM32CubeIDE_1.13.2\STM32CubeIDE\plugins\com.st.stm32cube.common.mx_6.11.1.202404110753\\db\/mcu/
2024-06-03 16:08:55,470 [INFO] ApiDb:274 - Set plugin database path to: C:\ST\STM32CubeIDE_1.13.2\STM32CubeIDE\plugins\com.st.stm32cube.common.mx_6.11.1.202404110753\\db\/plugins/boardmanager/
2024-06-03 16:08:55,471 [WARN] ApiDb:259 - Overriding images path with different value:  => C:\ST\STM32CubeIDE_1.13.2\STM32CubeIDE\plugins\com.st.stm32cube.common.mx_6.11.1.202404110753\\db\/plugins/mcufinder/images/
2024-06-03 16:08:55,487 [INFO] ApiDb:250 - Set database path to: C:\Users\ppreawsr\.stmcufinder\plugins\mcufinder//mcu/
2024-06-03 16:08:55,488 [INFO] DbMcusAds:125 - Set database path to: C:\Users\ppreawsr\.stmcufinder\plugins\mcufinder//mcu/
2024-06-03 16:08:55,550 [INFO] CrossReferenceDbSqlite:203 - Set database path to: C:\Users\ppreawsr\.stmcufinder\plugins\mcufinder//mcu/cs/
2024-06-03 16:08:55,808 [INFO] RulesReader:64 - Compatibility file has been processed (297 Rules)
2024-06-03 16:08:55,976 [INFO] DbMcusXml:78 - Set database path to: C:\ST\STM32CubeIDE_1.13.2\STM32CubeIDE\plugins\com.st.stm32cube.common.mx_6.11.1.202404110753\\db\/mcu/
2024-06-03 16:08:55,976 [INFO] ApiDb:274 - Set plugin database path to: C:\ST\STM32CubeIDE_1.13.2\STM32CubeIDE\plugins\com.st.stm32cube.common.mx_6.11.1.202404110753\\db\/plugins/boardmanager/
2024-06-03 16:08:55,977 [INFO] ApiDb:261 - Set plugin images path to: C:\ST\STM32CubeIDE_1.13.2\STM32CubeIDE\plugins\com.st.stm32cube.common.mx_6.11.1.202404110753\\db\/plugins/mcufinder/images/
2024-06-03 16:08:55,977 [WARN] DbFile:41 - Overriding database path with different value: C:\Users\ppreawsr\.stmcufinder\plugins\mcufinder/ => C:\Users\ppreawsr\.stmcufinder\plugins\mcufinder
2024-06-03 16:08:55,977 [INFO] ApiDb:250 - Set database path to: C:\Users\ppreawsr\.stmcufinder\plugins\mcufinder//mcu/
2024-06-03 16:08:55,977 [WARN] DbFile:41 - Overriding database path with different value: C:\Users\ppreawsr\.stmcufinder\plugins\mcufinder/ => C:\Users\ppreawsr\.stmcufinder\plugins\mcufinder
2024-06-03 16:08:55,977 [INFO] DbMcusAds:125 - Set database path to: C:\Users\ppreawsr\.stmcufinder\plugins\mcufinder//mcu/
2024-06-03 16:08:55,977 [WARN] DbFile:41 - Overriding database path with different value: C:\Users\ppreawsr\.stmcufinder\plugins\mcufinder/ => C:\Users\ppreawsr\.stmcufinder\plugins\mcufinder
2024-06-03 16:08:55,977 [WARN] DbFile:41 - Overriding database path with different value: C:\Users\ppreawsr\.stmcufinder\plugins\mcufinder/ => C:\Users\ppreawsr\.stmcufinder\plugins\mcufinder
2024-06-03 16:08:55,977 [INFO] CrossReferenceDbSqlite:203 - Set database path to: C:\Users\ppreawsr\.stmcufinder\plugins\mcufinder//mcu/cs/
2024-06-03 16:08:56,106 [INFO] MainPanel:264 - HeapMemory: 1073741824
2024-06-03 16:08:56,247 [INFO] DbMcusXml:78 - Set database path to: C:\ST\STM32CubeIDE_1.13.2\STM32CubeIDE\plugins\com.st.stm32cube.common.mx_6.11.1.202404110753\\db\/mcu/
2024-06-03 16:08:56,249 [INFO] ApiDb:274 - Set plugin database path to: C:\ST\STM32CubeIDE_1.13.2\STM32CubeIDE\plugins\com.st.stm32cube.common.mx_6.11.1.202404110753\\db\/plugins/boardmanager/
2024-06-03 16:08:56,249 [INFO] ApiDb:261 - Set plugin images path to: C:\ST\STM32CubeIDE_1.13.2\STM32CubeIDE\plugins\com.st.stm32cube.common.mx_6.11.1.202404110753\\db\/plugins/mcufinder/images/
2024-06-03 16:08:56,250 [WARN] DbFile:41 - Overriding database path with different value: C:\Users\ppreawsr\.stmcufinder\plugins\mcufinder/ => C:\Users\ppreawsr\.stmcufinder\plugins\mcufinder
2024-06-03 16:08:56,250 [INFO] ApiDb:250 - Set database path to: C:\Users\ppreawsr\.stmcufinder\plugins\mcufinder//mcu/
2024-06-03 16:08:56,250 [WARN] DbFile:41 - Overriding database path with different value: C:\Users\ppreawsr\.stmcufinder\plugins\mcufinder/ => C:\Users\ppreawsr\.stmcufinder\plugins\mcufinder
2024-06-03 16:08:56,250 [INFO] DbMcusAds:125 - Set database path to: C:\Users\ppreawsr\.stmcufinder\plugins\mcufinder//mcu/
2024-06-03 16:08:56,250 [WARN] DbFile:41 - Overriding database path with different value: C:\Users\ppreawsr\.stmcufinder\plugins\mcufinder/ => C:\Users\ppreawsr\.stmcufinder\plugins\mcufinder
2024-06-03 16:08:56,250 [WARN] DbFile:41 - Overriding database path with different value: C:\Users\ppreawsr\.stmcufinder\plugins\mcufinder/ => C:\Users\ppreawsr\.stmcufinder\plugins\mcufinder
2024-06-03 16:08:56,251 [INFO] CrossReferenceDbSqlite:203 - Set database path to: C:\Users\ppreawsr\.stmcufinder\plugins\mcufinder//mcu/cs/
2024-06-03 16:08:56,286 [INFO] ApplicationProperties:184 - Using Application install path: C:\ST\STM32CubeIDE_1.13.2\STM32CubeIDE\plugins\com.st.stm32cube.common.mx_6.11.1.202404110753
2024-06-03 16:08:56,288 [INFO] PluginManage:196 - Search for loadable plugins [exclusion list=, ]
2024-06-03 16:08:56,291 [INFO] PluginManage:310 - Check plugin analytics
2024-06-03 16:08:56,705 [INFO] AnalyticsPlugin:253 - Accepted Software Licenses: 
2024-06-03 16:08:56,706 [INFO] AnalyticsPlugin:255 - Accepted CMSIS Pack Licenses: ARM.CMSIS-DSP.1.15.0,ARM.CMSIS.6.0.0,ITTIA_DB.I-CUBE-ITTIADB.8.8.0
2024-06-03 16:08:56,706 [INFO] AnalyticsPlugin:257 - Accepted Firmware Licenses: FW.G4.1.5.0
2024-06-03 16:08:56,708 [INFO] PluginManage:359 - Loaded plugin analytics (category:tool,tabindex:-1)
2024-06-03 16:08:56,708 [INFO] PluginManage:310 - Check plugin cadmodel
2024-06-03 16:08:56,744 [INFO] CADModel:105 - Init CAD model plugin
2024-06-03 16:08:56,744 [INFO] PluginManage:359 - Loaded plugin cadmodel (category:power,tabindex:5)
2024-06-03 16:08:56,744 [INFO] PluginManage:310 - Check plugin clock
2024-06-03 16:08:56,790 [INFO] PluginManage:359 - Loaded plugin clock (category:base,tabindex:2)
2024-06-03 16:08:56,790 [INFO] PluginManage:310 - Check plugin ddr
2024-06-03 16:08:56,795 [INFO] PluginManage:359 - Loaded plugin ddr (category:tool,tabindex:6)
2024-06-03 16:08:56,795 [INFO] PluginManage:310 - Check plugin filemanager
2024-06-03 16:08:57,037 [INFO] PluginManage:359 - Loaded plugin filemanager (category:base,tabindex:10)
2024-06-03 16:08:57,037 [INFO] PluginManage:310 - Check plugin ipmanager
2024-06-03 16:08:57,050 [INFO] PluginManage:359 - Loaded plugin ipmanager (category:base,tabindex:5)
2024-06-03 16:08:57,050 [INFO] PluginManage:310 - Check plugin lpbam
2024-06-03 16:08:57,087 [INFO] PluginManage:359 - Loaded plugin lpbam (category:base,tabindex:0)
2024-06-03 16:08:57,087 [INFO] PluginManage:310 - Check plugin memorymap
2024-06-03 16:08:57,138 [INFO] PluginManage:359 - Loaded plugin memorymap (category:base,tabindex:4)
2024-06-03 16:08:57,138 [INFO] PluginManage:310 - Check plugin pinoutandconfiguration
2024-06-03 16:08:57,170 [INFO] PluginManage:359 - Loaded plugin pinoutandconfiguration (category:base,tabindex:1)
2024-06-03 16:08:57,170 [INFO] PluginManage:310 - Check plugin pinoutconfig
2024-06-03 16:08:57,404 [WARN] SupportedApi:132 - Cannot load RTOS API schema: s4s-elt-must-match.1: The content of 'definitions' must match (annotation?, (simpleType | complexType)?, (unique | key | keyref)*)). A problem was found starting at: attribute.
2024-06-03 16:08:57,648 [INFO] PluginManage:359 - Loaded plugin pinoutconfig (category:base,tabindex:0)
2024-06-03 16:08:57,648 [INFO] PluginManage:310 - Check plugin power
2024-06-03 16:08:57,682 [INFO] PluginManage:359 - Loaded plugin power (category:power,tabindex:4)
2024-06-03 16:08:57,682 [INFO] PluginManage:310 - Check plugin projectmanager
2024-06-03 16:08:57,712 [INFO] PluginManage:359 - Loaded plugin projectmanager (category:projectmanager,tabindex:3)
2024-06-03 16:08:57,712 [INFO] PluginManage:310 - Check plugin thirdparty
2024-06-03 16:08:58,117 [INFO] PluginManage:359 - Loaded plugin thirdparty (category:base,tabindex:-1)
2024-06-03 16:08:58,117 [WARN] IntegrityCheckThread:84 - waiting for thirdparty lock release [integrity check]
2024-06-03 16:08:58,117 [INFO] IntegrityCheckThread:86 - entering critical section [integrity check]
2024-06-03 16:08:58,117 [INFO] PluginManage:310 - Check plugin tools
2024-06-03 16:08:58,118 [INFO] ThirdPartyUpdaterWithRetryManager:70 - Updater plugin not ready yet. [1/15]
2024-06-03 16:08:58,170 [INFO] PluginManage:359 - Loaded plugin tools (category:base,tabindex:7)
2024-06-03 16:08:58,170 [INFO] PluginManage:310 - Check plugin tutovideos
2024-06-03 16:08:58,516 [INFO] PluginManage:359 - Loaded plugin tutovideos (category:base,tabindex:-1)
2024-06-03 16:08:58,517 [INFO] PluginManage:310 - Check plugin updater
2024-06-03 16:08:58,544 [INFO] PluginManage:359 - Loaded plugin updater (category:base,tabindex:12)
2024-06-03 16:08:58,544 [INFO] PluginManage:310 - Check plugin userauth
2024-06-03 16:08:58,556 [INFO] UserAuth:114 - Init User Auth plugin
2024-06-03 16:08:58,557 [INFO] PluginManage:359 - Loaded plugin userauth (category:base,tabindex:14)
2024-06-03 16:08:58,558 [INFO] PluginManage:283 - PluginManage : Loaded plugins [17]
2024-06-03 16:08:58,968 [INFO] PinOutPanel:1561 - setPackage(No Configuration,No Configuration)
2024-06-03 16:08:59,069 [INFO] CADModel:165 - CPN selected for project level
2024-06-03 16:08:59,069 [INFO] CADModel:114 - Register for checkConnection events
2024-06-03 16:08:59,103 [INFO] IPUIPlugin:80 - create IPUIPlugin
2024-06-03 16:08:59,103 [INFO] PluginManager:220 - loadIPPluginJar : add adc
2024-06-03 16:08:59,152 [INFO] IPUIPlugin:80 - create IPUIPlugin
2024-06-03 16:08:59,152 [INFO] PluginManager:220 - loadIPPluginJar : add aes
2024-06-03 16:08:59,264 [INFO] IPUIPlugin:80 - create IPUIPlugin
2024-06-03 16:08:59,264 [INFO] PluginManager:220 - loadIPPluginJar : add can
2024-06-03 16:08:59,330 [INFO] IPUIPlugin:80 - create IPUIPlugin
2024-06-03 16:08:59,330 [INFO] PluginManager:220 - loadIPPluginJar : add comp
2024-06-03 16:08:59,427 [INFO] IPUIPlugin:80 - create IPUIPlugin
2024-06-03 16:08:59,427 [INFO] PluginManager:220 - loadIPPluginJar : add cryp
2024-06-03 16:08:59,509 [INFO] IPUIPlugin:80 - create IPUIPlugin
2024-06-03 16:08:59,509 [INFO] PluginManager:220 - loadIPPluginJar : add dfsdm
2024-06-03 16:08:59,546 [INFO] IPUIPlugin:80 - create IPUIPlugin
2024-06-03 16:08:59,547 [INFO] PluginManager:220 - loadIPPluginJar : add dma
2024-06-03 16:08:59,663 [INFO] IPUIPlugin:80 - create IPUIPlugin
2024-06-03 16:08:59,664 [INFO] PluginManager:220 - loadIPPluginJar : add dma3
2024-06-03 16:08:59,731 [INFO] IPUIPlugin:80 - create IPUIPlugin
2024-06-03 16:08:59,732 [INFO] PluginManager:220 - loadIPPluginJar : add extmemmanager
2024-06-03 16:08:59,759 [INFO] IPUIPlugin:80 - create IPUIPlugin
2024-06-03 16:08:59,759 [INFO] PluginManager:220 - loadIPPluginJar : add fatfs
2024-06-03 16:08:59,843 [INFO] IPUIPlugin:80 - create IPUIPlugin
2024-06-03 16:08:59,843 [INFO] PluginManager:220 - loadIPPluginJar : add fmc
2024-06-03 16:08:59,871 [INFO] IPUIPlugin:80 - create IPUIPlugin
2024-06-03 16:08:59,872 [INFO] PluginManager:220 - loadIPPluginJar : add freertos
2024-06-03 16:08:59,914 [INFO] IPUIPlugin:80 - create IPUIPlugin
2024-06-03 16:08:59,914 [INFO] PluginManager:220 - loadIPPluginJar : add genericplugin
2024-06-03 16:09:00,079 [INFO] IPUIPlugin:80 - create IPUIPlugin
2024-06-03 16:09:00,079 [INFO] PluginManager:220 - loadIPPluginJar : add gfxmmu
2024-06-03 16:09:00,363 [INFO] IPUIPlugin:80 - create IPUIPlugin
2024-06-03 16:09:00,363 [INFO] PluginManager:220 - loadIPPluginJar : add gic
2024-06-03 16:09:00,384 [INFO] IPUIPlugin:80 - create IPUIPlugin
2024-06-03 16:09:00,384 [INFO] PluginManager:220 - loadIPPluginJar : add gpio
2024-06-03 16:09:00,541 [INFO] IPUIPlugin:80 - create IPUIPlugin
2024-06-03 16:09:00,541 [INFO] PluginManager:220 - loadIPPluginJar : add gtzc
2024-06-03 16:09:00,592 [INFO] IPUIPlugin:80 - create IPUIPlugin
2024-06-03 16:09:00,592 [INFO] PluginManager:220 - loadIPPluginJar : add hash
2024-06-03 16:09:00,677 [INFO] IPUIPlugin:80 - create IPUIPlugin
2024-06-03 16:09:00,677 [INFO] PluginManager:220 - loadIPPluginJar : add i2c
2024-06-03 16:09:00,729 [INFO] IPUIPlugin:80 - create IPUIPlugin
2024-06-03 16:09:00,729 [INFO] PluginManager:220 - loadIPPluginJar : add i2s
2024-06-03 16:09:00,821 [INFO] IPUIPlugin:80 - create IPUIPlugin
2024-06-03 16:09:00,821 [INFO] PluginManager:220 - loadIPPluginJar : add i3c
2024-06-03 16:09:00,986 [INFO] IPUIPlugin:80 - create IPUIPlugin
2024-06-03 16:09:00,986 [INFO] PluginManager:220 - loadIPPluginJar : add ipddr
2024-06-03 16:09:01,120 [INFO] ThirdPartyUpdaterWithRetryManager:70 - Updater plugin not ready yet. [2/15]
2024-06-03 16:09:01,167 [INFO] IPUIPlugin:80 - create IPUIPlugin
2024-06-03 16:09:01,167 [INFO] PluginManager:220 - loadIPPluginJar : add linkedlist
2024-06-03 16:09:01,224 [INFO] IPUIPlugin:80 - create IPUIPlugin
2024-06-03 16:09:01,224 [INFO] PluginManager:220 - loadIPPluginJar : add lorawan
2024-06-03 16:09:01,278 [INFO] IPUIPlugin:80 - create IPUIPlugin
2024-06-03 16:09:01,278 [INFO] PluginManager:220 - loadIPPluginJar : add ltdc
2024-06-03 16:09:01,300 [INFO] IPUIPlugin:80 - create IPUIPlugin
2024-06-03 16:09:01,300 [INFO] PluginManager:220 - loadIPPluginJar : add mdma
2024-06-03 16:09:01,326 [INFO] IPUIPlugin:80 - create IPUIPlugin
2024-06-03 16:09:01,327 [INFO] PluginManager:220 - loadIPPluginJar : add nvic
2024-06-03 16:09:01,415 [INFO] IPUIPlugin:80 - create IPUIPlugin
2024-06-03 16:09:01,415 [INFO] PluginManager:220 - loadIPPluginJar : add opamp
2024-06-03 16:09:01,543 [INFO] IPUIPlugin:80 - create IPUIPlugin
2024-06-03 16:09:01,544 [INFO] PluginManager:220 - loadIPPluginJar : add openamp
2024-06-03 16:09:01,646 [INFO] IPUIPlugin:80 - create IPUIPlugin
2024-06-03 16:09:01,646 [INFO] PluginManager:220 - loadIPPluginJar : add pdm2pcm
2024-06-03 16:09:01,675 [INFO] IPUIPlugin:80 - create IPUIPlugin
2024-06-03 16:09:01,679 [INFO] PluginManager:220 - loadIPPluginJar : add plateformsettings
2024-06-03 16:09:01,710 [INFO] IPUIPlugin:80 - create IPUIPlugin
2024-06-03 16:09:01,710 [INFO] PluginManager:220 - loadIPPluginJar : add quadspi
2024-06-03 16:09:01,727 [INFO] IPUIPlugin:80 - create IPUIPlugin
2024-06-03 16:09:01,727 [INFO] PluginManager:220 - loadIPPluginJar : add resmgrutility
2024-06-03 16:09:01,834 [INFO] IPUIPlugin:80 - create IPUIPlugin
2024-06-03 16:09:01,835 [INFO] PluginManager:220 - loadIPPluginJar : add sai
2024-06-03 16:09:01,901 [INFO] IPUIPlugin:80 - create IPUIPlugin
2024-06-03 16:09:01,901 [INFO] PluginManager:220 - loadIPPluginJar : add spi
2024-06-03 16:09:02,004 [INFO] IPUIPlugin:80 - create IPUIPlugin
2024-06-03 16:09:02,004 [INFO] PluginManager:220 - loadIPPluginJar : add stm32_wpan
2024-06-03 16:09:02,036 [INFO] IPUIPlugin:80 - create IPUIPlugin
2024-06-03 16:09:02,036 [INFO] PluginManager:220 - loadIPPluginJar : add tim
2024-06-03 16:09:02,139 [INFO] IPUIPlugin:80 - create IPUIPlugin
2024-06-03 16:09:02,139 [INFO] PluginManager:220 - loadIPPluginJar : add touchsensing
2024-06-03 16:09:02,193 [INFO] IPUIPlugin:80 - create IPUIPlugin
2024-06-03 16:09:02,193 [INFO] PluginManager:220 - loadIPPluginJar : add tracer_emb
2024-06-03 16:09:02,265 [INFO] IPUIPlugin:80 - create IPUIPlugin
2024-06-03 16:09:02,265 [INFO] PluginManager:220 - loadIPPluginJar : add ts
2024-06-03 16:09:02,323 [INFO] IPUIPlugin:80 - create IPUIPlugin
2024-06-03 16:09:02,323 [INFO] PluginManager:220 - loadIPPluginJar : add tsc
2024-06-03 16:09:02,364 [INFO] IPUIPlugin:80 - create IPUIPlugin
2024-06-03 16:09:02,364 [INFO] PluginManager:220 - loadIPPluginJar : add ucpd
2024-06-03 16:09:02,475 [INFO] IPUIPlugin:80 - create IPUIPlugin
2024-06-03 16:09:02,476 [INFO] PluginManager:220 - loadIPPluginJar : add usart
2024-06-03 16:09:02,612 [INFO] IPUIPlugin:80 - create IPUIPlugin
2024-06-03 16:09:02,612 [INFO] PluginManager:220 - loadIPPluginJar : add usbx
2024-06-03 16:09:02,808 [INFO] CADModel:165 - CPN selected for project level
2024-06-03 16:09:02,808 [INFO] CADModel:114 - Register for checkConnection events
2024-06-03 16:09:02,808 [FATAL] Updater:308 - Updater called before beeing initialized
2024-06-03 16:09:02,808 [ERROR] CADModel:125 - Updater not yet initialized, retry later 
2024-06-03 16:09:03,069 [INFO] CADModel:165 - CPN selected for project level
2024-06-03 16:09:03,069 [INFO] CADModel:114 - Register for checkConnection events
2024-06-03 16:09:03,069 [FATAL] Updater:308 - Updater called before beeing initialized
2024-06-03 16:09:03,070 [ERROR] CADModel:125 - Updater not yet initialized, retry later 
2024-06-03 16:09:03,073 [FATAL] Updater:308 - Updater called before beeing initialized
2024-06-03 16:09:03,252 [FATAL] Updater:308 - Updater called before beeing initialized
2024-06-03 16:09:03,268 [INFO] DbMcusAds:53 - JSON generation date=Thu May 16 16:22:00 ICT 2024 (1715851320852)
2024-06-03 16:09:03,268 [FATAL] Updater:308 - Updater called before beeing initialized
2024-06-03 16:09:03,327 [WARN] DetailPanel:346 - Failed to get advertising image, set to default
2024-06-03 16:09:03,461 [FATAL] Updater:308 - Updater called before beeing initialized
2024-06-03 16:09:03,465 [FATAL] Updater:308 - Updater called before beeing initialized
2024-06-03 16:09:03,465 [FATAL] Updater:308 - Updater called before beeing initialized
2024-06-03 16:09:03,466 [WARN] DetailPanel:346 - Failed to get advertising image, set to default
2024-06-03 16:09:03,466 [FATAL] Updater:308 - Updater called before beeing initialized
2024-06-03 16:09:03,559 [ERROR] Updater:1120 - MainUpdater not yet initialized. External WinMGr cannot be set.
2024-06-03 16:09:03,577 [INFO] Updater:1056 - Updater Version found : 6.11.1
2024-06-03 16:09:03,602 [INFO] ApplicationProperties:184 - Using Application install path: C:\ST\STM32CubeIDE_1.13.2\STM32CubeIDE\plugins\com.st.stm32cube.common.mx_6.11.1.202404110753
2024-06-03 16:09:04,121 [INFO] ThirdPartyUpdaterWithRetryManager:70 - Updater plugin not ready yet. [3/15]
2024-06-03 16:09:05,222 [ERROR] LogOutputStream:75 - [STDERR_REDIRECT] Jun 03, 2024 4:09:05 PM java.util.prefs.WindowsPreferences <init>
2024-06-03 16:09:05,235 [ERROR] LogOutputStream:75 - [STDERR_REDIRECT] WARNING: Could not open/create prefs root node Software\JavaSoft\Prefs at root 0xffffffff80000002. Windows RegCreateKeyEx(...) returned error code 5.
2024-06-03 16:09:05,235 [ERROR] LogOutputStream:75 - [STDERR_REDIRECT] 
2024-06-03 16:09:05,815 [INFO] MainUpdater:2873 - connection check result : 10
2024-06-03 16:09:05,818 [INFO] MainUpdater:290 - Updater Check For Update Now.
2024-06-03 16:09:05,818 [INFO] MicroXplorer:498 - Change Database Version : DB.6.0.111
2024-06-03 16:09:05,843 [INFO] McuFinderGlobals:63 - Set McuFinder mode to 2 (CubeIDE integrated)
2024-06-03 16:09:05,861 [INFO] UserAuth:415 - Internet connection configuration mode: 1
2024-06-03 16:09:05,904 [INFO] JxBrowserEngine:152 - Initiate JxBrowser Engine with user profile folder
2024-06-03 16:09:06,071 [INFO] CheckServerUpdateThread:120 - End of CheckServer Thread
2024-06-03 16:09:07,416 [WARN] PackLoader:240 - Cannot read IP mode file for STMicroelectronics.FP-SNS-MOTENVWB1.1.4.0
2024-06-03 16:09:07,448 [WARN] PackLoader:240 - Cannot read IP mode file for STMicroelectronics.X-CUBE-SMBUS.2.1.0
2024-06-03 16:09:07,469 [WARN] PackLoader:240 - Cannot read IP mode file for STMicroelectronics.X-CUBE-TOUCHGFX.4.23.0
2024-06-03 16:09:07,488 [WARN] PackLoader:240 - Cannot read IP mode file for STMicroelectronics.X-CUBE-TOUCHGFX.4.23.2
2024-06-03 16:09:07,552 [WARN] PackLoader:240 - Cannot read IP mode file for STMicroelectronics.X-CUBE-AZRTOS-F7.1.1.0
2024-06-03 16:09:07,578 [WARN] PackLoader:240 - Cannot read IP mode file for STMicroelectronics.FP-SNS-MOTENV1.4.3.2
2024-06-03 16:09:07,600 [WARN] PackLoader:240 - Cannot read IP mode file for STMicroelectronics.FP-SNS-FLIGHT1.5.0.2
2024-06-03 16:09:07,623 [WARN] PackLoader:240 - Cannot read IP mode file for STMicroelectronics.X-CUBE-DISPLAY.3.0.0
2024-06-03 16:09:07,646 [WARN] PackLoader:240 - Cannot read IP mode file for STMicroelectronics.X-CUBE-BLE1.7.0.0
2024-06-03 16:09:07,667 [WARN] PackLoader:240 - Cannot read IP mode file for emotas.I-CUBE-CANOPEN.1.3.0
2024-06-03 16:09:07,683 [WARN] PackLoader:240 - Cannot read IP mode file for STMicroelectronics.X-CUBE-TOUCHGFX.4.22.1
2024-06-03 16:09:07,708 [WARN] PackLoader:240 - Cannot read IP mode file for STMicroelectronics.X-CUBE-BLEMGR.3.1.0
2024-06-03 16:09:07,731 [WARN] PackLoader:240 - Cannot read IP mode file for STMicroelectronics.FP-SNS-SMARTAG2.1.2.0
2024-06-03 16:09:07,761 [INFO] LogOutputStream:77 - [STDOUT_REDIRECT] 1 : Invalid condition id : UX_CORESTACK_Condition cause : null
2024-06-03 16:09:07,763 [INFO] LogOutputStream:77 - [STDOUT_REDIRECT] 1 : Invalid condition id : UX_CORESTACK_Condition cause : null
2024-06-03 16:09:07,767 [INFO] LogOutputStream:77 - [STDOUT_REDIRECT] 1 : Invalid condition id : UX_CORESTACK_Condition cause : null
2024-06-03 16:09:07,767 [INFO] LogOutputStream:77 - [STDOUT_REDIRECT] 1 : Invalid condition id : UX_CORESTACK_Condition cause : null
2024-06-03 16:09:07,768 [INFO] LogOutputStream:77 - [STDOUT_REDIRECT] 1 : Invalid condition id : UX_CORESTACK_Condition cause : null
2024-06-03 16:09:07,772 [WARN] PackLoader:240 - Cannot read IP mode file for STMicroelectronics.X-CUBE-AZRTOS-WL.2.0.0
2024-06-03 16:09:07,790 [WARN] PackLoader:240 - Cannot read IP mode file for STMicroelectronics.FP-SNS-MOTENV1.5.0.0
2024-06-03 16:09:07,819 [WARN] PackLoader:240 - Cannot read IP mode file for WES.I-CUBE-Cesium.1.3.0
2024-06-03 16:09:07,837 [WARN] PackLoader:240 - Cannot read IP mode file for STMicroelectronics.X-CUBE-BLE2.3.3.0
2024-06-03 16:09:07,866 [WARN] PackLoader:240 - Cannot read IP mode file for STMicroelectronics.X-CUBE-TCPP.4.1.0
2024-06-03 16:09:07,886 [WARN] PackLoader:240 - Cannot read IP mode file for STMicroelectronics.X-CUBE-ALGOBUILD.1.3.0
2024-06-03 16:09:07,922 [WARN] PackLoader:240 - Cannot read IP mode file for STMicroelectronics.X-CUBE-AZRTOS-G0.1.1.0
2024-06-03 16:09:07,945 [WARN] PackLoader:240 - Cannot read IP mode file for STMicroelectronics.X-CUBE-SAFEA1.1.2.2
2024-06-03 16:09:07,966 [WARN] PackLoader:240 - Cannot read IP mode file for STMicroelectronics.X-CUBE-NFC4.3.0.0
2024-06-03 16:09:07,984 [WARN] PackLoader:240 - Cannot read IP mode file for wolfSSL.I-CUBE-wolfMQTT.1.18.0
2024-06-03 16:09:08,008 [WARN] PackLoader:240 - Cannot read IP mode file for STMicroelectronics.X-CUBE-BLEMGR.3.0.0
2024-06-03 16:09:08,029 [WARN] PackLoader:240 - Cannot read IP mode file for STMicroelectronics.FP-ATR-SIGFOX1.3.2.0
2024-06-03 16:09:08,050 [WARN] PackLoader:240 - Cannot read IP mode file for STMicroelectronics.X-CUBE-EEPRMA1.5.1.0
2024-06-03 16:09:08,114 [WARN] PackLoader:240 - Cannot read IP mode file for SEGGER.I-CUBE-embOS.1.3.1
2024-06-03 16:09:08,180 [WARN] PackLoader:240 - Cannot read IP mode file for STMicroelectronics.X-CUBE-ALGOBUILD.1.4.0
2024-06-03 16:09:08,201 [WARN] PackLoader:240 - Cannot read IP mode file for STMicroelectronics.X-CUBE-GNSS1.6.0.0
2024-06-03 16:09:08,237 [WARN] PackLoader:240 - Cannot read IP mode file for STMicroelectronics.X-CUBE-AZRTOS-F4.1.1.0
2024-06-03 16:09:08,255 [WARN] PackLoader:240 - Cannot read IP mode file for wolfSSL.I-CUBE-wolfSSL.5.6.3
2024-06-03 16:09:08,267 [WARN] PackLoader:240 - Cannot read IP mode file for STMicroelectronics.X-CUBE-FREERTOS.1.2.0
2024-06-03 16:09:08,320 [WARN] PackLoader:240 - Cannot read IP mode file for STMicroelectronics.X-CUBE-AZRTOS-L5.2.0.0
2024-06-03 16:09:08,341 [WARN] PackLoader:240 - Cannot read IP mode file for STMicroelectronics.X-CUBE-EEPRMA1.4.2.0
2024-06-03 16:09:08,365 [WARN] PackLoader:240 - Cannot read IP mode file for STMicroelectronics.X-CUBE-NFC6.3.1.0
2024-06-03 16:09:08,389 [WARN] PackLoader:240 - Cannot read IP mode file for ITTIA_DB.I-CUBE-ITTIADB.8.8.0
2024-06-03 16:09:08,599 [WARN] PackLoader:240 - Cannot read IP mode file for STMicroelectronics.X-CUBE-BLEMGR.2.0.0
2024-06-03 16:09:08,624 [WARN] PackLoader:240 - Cannot read IP mode file for STMicroelectronics.X-CUBE-AI.9.0.0
2024-06-03 16:09:08,663 [WARN] ConditionMgr:438 - getConditionDescription Invalid condition id : UX DEVICE CLASS RTOS Condition cause : null
2024-06-03 16:09:08,664 [WARN] ConditionMgr:438 - getConditionDescription Invalid condition id : UX DEVICE CLASS RTOS Condition cause : null
2024-06-03 16:09:08,669 [WARN] PackLoader:240 - Cannot read IP mode file for STMicroelectronics.X-CUBE-AZRTOS-H7.3.1.0
2024-06-03 16:09:08,671 [WARN] ConditionMgr:1039 - genDependencies : Invalid condition id : UX DEVICE CLASS RTOS Condition cause : null
2024-06-03 16:09:08,671 [WARN] ConditionMgr:1039 - genDependencies : Invalid condition id : UX DEVICE CLASS RTOS Condition cause : null
2024-06-03 16:09:08,672 [WARN] ConditionMgr:1039 - genDependencies : Invalid condition id : UX DEVICE CLASS RTOS Condition cause : null
2024-06-03 16:09:08,673 [WARN] ConditionMgr:1039 - genDependencies : Invalid condition id : UX DEVICE CLASS RTOS Condition cause : null
2024-06-03 16:09:08,674 [WARN] ConditionMgr:1039 - genDependencies : Invalid condition id : UX DEVICE CLASS RTOS Condition cause : null
2024-06-03 16:09:08,697 [WARN] PackLoader:240 - Cannot read IP mode file for STMicroelectronics.X-CUBE-NFC7.1.0.1
2024-06-03 16:09:08,723 [WARN] PackLoader:240 - Cannot read IP mode file for STMicroelectronics.X-CUBE-NFC6.3.0.0
2024-06-03 16:09:08,743 [WARN] PackLoader:240 - Cannot read IP mode file for STMicroelectronics.X-CUBE-EEPRMA1.4.1.0
2024-06-03 16:09:08,763 [WARN] PackLoader:240 - Cannot read IP mode file for STMicroelectronics.X-CUBE-AI.8.1.0
2024-06-03 16:09:08,800 [WARN] ConditionMgr:438 - getConditionDescription Invalid condition id : LAN8742 Phy interface Condition cause : null
2024-06-03 16:09:08,801 [WARN] PackLoader:240 - Cannot read IP mode file for STMicroelectronics.X-CUBE-AZRTOS-L4.2.0.0
2024-06-03 16:09:08,802 [WARN] ConditionMgr:1039 - genDependencies : Invalid condition id : LAN8742 Phy interface Condition cause : null
2024-06-03 16:09:08,803 [WARN] ConditionMgr:1039 - genDependencies : Invalid condition id : LAN8742 Phy interface Condition cause : null
2024-06-03 16:09:08,803 [WARN] ConditionMgr:1039 - genDependencies : Invalid condition id : LAN8742 Phy interface Condition cause : null
2024-06-03 16:09:08,890 [WARN] PackLoader:240 - Cannot read IP mode file for STMicroelectronics.X-CUBE-SFXS2LP1.4.0.0
2024-06-03 16:09:08,911 [WARN] PackLoader:240 - Cannot read IP mode file for STMicroelectronics.X-CUBE-ISPU.1.1.0
2024-06-03 16:09:08,945 [WARN] ConditionMgr:438 - getConditionDescription Invalid condition id : UX DEVICE CLASS RTOS Condition cause : null
2024-06-03 16:09:08,946 [WARN] ConditionMgr:438 - getConditionDescription Invalid condition id : UX DEVICE CLASS RTOS Condition cause : null
2024-06-03 16:09:08,949 [WARN] PackLoader:240 - Cannot read IP mode file for STMicroelectronics.X-CUBE-AZRTOS-WB.2.0.0
2024-06-03 16:09:08,950 [WARN] ConditionMgr:1039 - genDependencies : Invalid condition id : UX DEVICE CLASS RTOS Condition cause : null
2024-06-03 16:09:08,950 [WARN] ConditionMgr:1039 - genDependencies : Invalid condition id : UX DEVICE CLASS RTOS Condition cause : null
2024-06-03 16:09:08,951 [WARN] ConditionMgr:1039 - genDependencies : Invalid condition id : UX DEVICE CLASS RTOS Condition cause : null
2024-06-03 16:09:08,951 [WARN] ConditionMgr:1039 - genDependencies : Invalid condition id : UX DEVICE CLASS RTOS Condition cause : null
2024-06-03 16:09:08,951 [WARN] ConditionMgr:1039 - genDependencies : Invalid condition id : UX DEVICE CLASS RTOS Condition cause : null
2024-06-03 16:09:08,980 [WARN] PackLoader:240 - Cannot read IP mode file for STMicroelectronics.X-CUBE-SUBG2.5.0.0
2024-06-03 16:09:09,007 [WARN] PackLoader:240 - Cannot read IP mode file for STMicroelectronics.X-CUBE-TOF1.3.3.1
2024-06-03 16:09:09,067 [WARN] PackLoader:240 - Cannot read IP mode file for STMicroelectronics.X-CUBE-AZRTOS-G4.2.0.0
2024-06-03 16:09:09,094 [WARN] PackLoader:240 - Cannot read IP mode file for Infineon.AIROC-Wi-Fi-Bluetooth-STM32.1.5.1
2024-06-03 16:09:09,119 [WARN] PackLoader:240 - Cannot read IP mode file for STMicroelectronics.FP-SNS-MOTENVWB1.1.3.0
2024-06-03 16:09:09,137 [WARN] PackLoader:240 - Cannot read IP mode file for STMicroelectronics.FP-SNS-MOTENVWB1.1.3.1
2024-06-03 16:09:09,154 [WARN] PackLoader:240 - Cannot read IP mode file for STMicroelectronics.X-CUBE-ISPU.2.0.0
2024-06-03 16:09:09,170 [WARN] PackLoader:240 - Cannot read IP mode file for STMicroelectronics.X-CUBE-ALS.1.0.2
2024-06-03 16:09:09,233 [WARN] PackLoader:240 - Cannot read IP mode file for STMicroelectronics.X-CUBE-MEMS1.10.0.0
2024-06-03 16:09:09,431 [WARN] PackLoader:240 - Cannot read IP mode file for STMicroelectronics.X-CUBE-FREERTOS.1.1.0
2024-06-03 16:09:09,453 [WARN] PackLoader:240 - Cannot read IP mode file for portGmbH.I-Cube-SoM-uGOAL.1.1.0
2024-06-03 16:09:09,482 [WARN] PackLoader:240 - Cannot read IP mode file for STMicroelectronics.X-CUBE-ALS.1.0.1
2024-06-03 16:09:09,520 [WARN] PackLoader:240 - Cannot read IP mode file for STMicroelectronics.X-CUBE-AZRTOS-H7RS.1.0.0
2024-06-03 16:09:09,538 [WARN] PackLoader:240 - Cannot read IP mode file for STMicroelectronics.FP-ATR-ASTRA1.2.0.0
2024-06-03 16:09:09,567 [WARN] PackLoader:240 - Cannot read IP mode file for STMicroelectronics.X-CUBE-TOF1.3.4.0
2024-06-03 16:09:09,610 [WARN] PackLoader:240 - Cannot read IP mode file for STMicroelectronics.X-CUBE-TOF1.3.4.1
2024-06-03 16:09:09,664 [WARN] PackLoader:240 - Cannot read IP mode file for STMicroelectronics.X-CUBE-AZRTOS-H7.3.2.0
2024-06-03 16:09:09,668 [INFO] ThirdParty:978 - Integrity check success = true
2024-06-03 16:09:09,668 [INFO] IntegrityCheckThread:100 - exiting critical section [integrity check]
2024-06-03 16:09:09,668 [INFO] IntegrityCheckThread:103 - End integrity checks thread
2024-06-03 16:09:13,093 [INFO] WebApp:161 - Instantiating new browser for Auth
2024-06-03 16:09:15,156 [INFO] WebApp:779 - Register for checkConnection events
2024-06-03 16:09:15,163 [INFO] WebApp:414 - Apply proxy settings
2024-06-03 16:09:15,163 [INFO] WebApp:499 - Chromium requires no authentication
2024-06-03 16:09:15,180 [INFO] WebApp:442 - Direct internet connection detected
2024-06-03 16:09:15,717 [INFO] WebApp:192 - Starting web application
2024-06-03 16:09:15,718 [INFO] WebApp:544 - Web application path used C:\ST\STM32CubeIDE_1.13.2\STM32CubeIDE\plugins\com.st.stm32cube.common.mx_6.11.1.202404110753\db\plugins\mcufinder\reactClient1\index.html
2024-06-03 16:49:26,708 [INFO] McuFinderGlobals:63 - Set McuFinder mode to 2 (CubeIDE integrated)
2024-06-03 16:49:28,723 [INFO] MainUpdater:2873 - connection check result : 10
2024-06-03 16:49:28,735 [INFO] MainUpdater:2873 - connection check result : 10
2024-06-03 16:49:29,144 [INFO] MicroXplorer:468 - Change Database Path : 
2024-06-03 16:49:29,145 [INFO] MicroXplorer:498 - Change Database Version : DB.6.0.111
2024-06-03 16:49:29,158 [WARN] ThirdParty:871 - waiting for thirdparty lock release [close project]
2024-06-03 16:49:29,158 [INFO] ThirdParty:873 - entering critical section [close project]
2024-06-03 16:49:29,166 [INFO] ThirdParty:883 - exiting critical section [close project]
2024-06-03 16:49:29,174 [INFO] PinOutPanel:1561 - setPackage(No Configuration,No Configuration)
2024-06-03 16:49:29,188 [INFO] UtilMem:75 - Begin LoadConfig() Used Memory: 417570816 Bytes (717225984)
2024-06-03 16:49:29,199 [INFO] MicroXplorer:468 - Change Database Path : 
2024-06-03 16:49:29,199 [INFO] MicroXplorer:498 - Change Database Version : DB.6.0.111
2024-06-03 16:49:29,199 [INFO] OpenFileManager:312 - Change cursor
2024-06-03 16:49:29,280 [INFO] ThirdPartyDownloadManager:103 - Found SW packARM.CMSIS.6.0.0up-to-date on disk
2024-06-03 16:49:29,295 [INFO] ThirdPartyDownloadManager:103 - Found SW packARM.CMSIS-DSP.1.15.0up-to-date on disk
2024-06-03 16:49:29,466 [INFO] Mcu:2021 - Initializing MCU STM32G474R(B-C-E)Tx STM32G474RETx STM32G474RET6
2024-06-03 16:49:38,282 [INFO] Context:663 - Trying to add GPIOservice into a context  which must be forbidden
2024-06-03 16:49:42,276 [INFO] ApiDbMcu:508 - Load IP Config File for ARM.CMSIS.6.0.0
2024-06-03 16:49:42,524 [INFO] ApiDbMcu:508 - Load IP Config File for ARM.CMSIS-DSP.1.15.0
2024-06-03 16:49:42,941 [INFO] RtosManager:555 - Registered RTOS mode: class=CMSIS, group=RTOS, mode=CMSIS_V1, owner=FREERTOS
2024-06-03 16:49:42,941 [INFO] RtosManager:555 - Registered RTOS mode: class=CMSIS, group=RTOS2, mode=CMSIS_V2, owner=FREERTOS
2024-06-03 16:49:42,941 [INFO] RtosManager:555 - Registered RTOS mode: class=RTOS, group=Core, mode=CMSIS_V1, owner=FREERTOS
2024-06-03 16:49:42,941 [INFO] RtosManager:555 - Registered RTOS mode: class=RTOS, group=Core, mode=CMSIS_V2, owner=FREERTOS
2024-06-03 16:49:42,941 [WARN] ModelIntegratedComponent:184 - Missing modes for component STMicroelectronics:FreeRTOS:0.0.1:STMicroelectronics:RTOS:FreeRTOS:Core:::10.2.0:
2024-06-03 16:49:42,985 [WARN] ModelIntegratedComponent:63 - No mode defined for component null
2024-06-03 16:49:42,985 [WARN] ModelIntegratedComponent:63 - No mode defined for component null
2024-06-03 16:49:42,985 [WARN] ModelIntegratedComponent:63 - No mode defined for component null
2024-06-03 16:49:42,985 [WARN] ModelIntegratedComponent:63 - No mode defined for component null
2024-06-03 16:49:42,985 [WARN] ModelIntegratedComponent:63 - No mode defined for component null
2024-06-03 16:49:42,985 [WARN] ModelIntegratedComponent:63 - No mode defined for component null
2024-06-03 16:49:42,985 [WARN] ModelIntegratedComponent:63 - No mode defined for component null
2024-06-03 16:49:42,985 [WARN] ModelIntegratedComponent:63 - No mode defined for component null
2024-06-03 16:49:42,985 [WARN] ModelIntegratedComponent:63 - No mode defined for component null
2024-06-03 16:49:42,985 [WARN] ModelIntegratedComponent:63 - No mode defined for component null
2024-06-03 16:49:42,985 [WARN] ModelIntegratedComponent:63 - No mode defined for component null
2024-06-03 16:49:42,985 [WARN] ModelIntegratedComponent:63 - No mode defined for component null
2024-06-03 16:49:42,985 [WARN] ModelIntegratedComponent:63 - No mode defined for component null
2024-06-03 16:49:42,985 [WARN] ModelIntegratedComponent:63 - No mode defined for component null
2024-06-03 16:49:42,985 [WARN] ModelIntegratedComponent:63 - No mode defined for component null
2024-06-03 16:49:42,985 [WARN] ModelIntegratedComponent:63 - No mode defined for component null
2024-06-03 16:49:42,985 [WARN] ModelIntegratedComponent:63 - No mode defined for component null
2024-06-03 16:49:42,985 [WARN] ModelIntegratedComponent:63 - No mode defined for component null
2024-06-03 16:49:42,985 [WARN] ModelIntegratedComponent:63 - No mode defined for component null
2024-06-03 16:49:42,985 [WARN] ModelIntegratedComponent:63 - No mode defined for component null
2024-06-03 16:49:42,985 [WARN] ModelIntegratedComponent:63 - No mode defined for component null
2024-06-03 16:49:42,985 [WARN] ModelIntegratedComponent:63 - No mode defined for component null
2024-06-03 16:49:42,985 [WARN] ModelIntegratedComponent:63 - No mode defined for component null
2024-06-03 16:49:42,985 [WARN] ModelIntegratedComponent:63 - No mode defined for component null
2024-06-03 16:49:42,985 [WARN] ModelIntegratedComponent:63 - No mode defined for component null
2024-06-03 16:49:42,985 [WARN] ModelIntegratedComponent:63 - No mode defined for component null
2024-06-03 16:49:42,985 [WARN] ModelIntegratedComponent:63 - No mode defined for component null
2024-06-03 16:49:42,985 [WARN] ModelIntegratedComponent:63 - No mode defined for component null
2024-06-03 16:49:42,985 [WARN] ModelIntegratedComponent:63 - No mode defined for component null
2024-06-03 16:49:42,985 [WARN] ModelIntegratedComponent:63 - No mode defined for component null
2024-06-03 16:49:42,985 [WARN] ModelIntegratedComponent:63 - No mode defined for component null
2024-06-03 16:49:42,985 [WARN] ModelIntegratedComponent:63 - No mode defined for component null
2024-06-03 16:49:42,985 [WARN] ModelIntegratedComponent:63 - No mode defined for component null
2024-06-03 16:49:42,985 [WARN] ModelIntegratedComponent:63 - No mode defined for component null
2024-06-03 16:49:44,849 [INFO] ThirdPartyModel:298 - Start build external matchings
2024-06-03 16:49:45,407 [INFO] ThirdPartyModel:316 - End build external matchings
2024-06-03 16:49:45,477 [INFO] ImportTextPane:194 - (OptionalMessage_ERROR) IP (DMA) : Parameter (Instance) has Id (USART2_RX) currently not set
2024-06-03 16:49:45,478 [INFO] ImportTextPane:194 - (OptionalMessage_ERROR) IP (DMA) : Parameter (Request) has Id (USART2_RX) currently not set
2024-06-03 16:49:45,478 [INFO] ImportTextPane:194 - (OptionalMessage_ERROR) IP (DMA) : Parameter (Direction) has Id (USART2_RX) currently not set
2024-06-03 16:49:45,479 [INFO] ImportTextPane:194 - (OptionalMessage_ERROR) IP (DMA) : Parameter (PeriphInc) has Id (USART2_RX) currently not set
2024-06-03 16:49:45,479 [INFO] ImportTextPane:194 - (OptionalMessage_ERROR) IP (DMA) : Parameter (MemInc) has Id (USART2_RX) currently not set
2024-06-03 16:49:45,481 [INFO] ImportTextPane:194 - (OptionalMessage_ERROR) IP (DMA) : Parameter (PeriphDataAlignment) has Id (USART2_RX) currently not set
2024-06-03 16:49:45,483 [INFO] ImportTextPane:194 - (OptionalMessage_ERROR) IP (DMA) : Parameter (MemDataAlignment) has Id (USART2_RX) currently not set
2024-06-03 16:49:45,483 [INFO] ImportTextPane:194 - (OptionalMessage_ERROR) IP (DMA) : Parameter (Mode) has Id (USART2_RX) currently not set
2024-06-03 16:49:45,483 [INFO] ImportTextPane:194 - (OptionalMessage_ERROR) IP (DMA) : Parameter (Priority) has Id (USART2_RX) currently not set
2024-06-03 16:49:45,483 [INFO] ImportTextPane:194 - (OptionalMessage_ERROR) IP (DMA) : Parameter (SignalID) has Id (USART2_RX) currently not set
2024-06-03 16:49:45,483 [INFO] ImportTextPane:194 - (OptionalMessage_ERROR) IP (DMA) : Parameter (Polarity) has Id (USART2_RX) currently not set
2024-06-03 16:49:45,484 [INFO] ImportTextPane:194 - (OptionalMessage_ERROR) IP (DMA) : Parameter (RequestNumber) has Id (USART2_RX) currently not set
2024-06-03 16:49:45,484 [INFO] ImportTextPane:194 - (OptionalMessage_ERROR) IP (DMA) : Parameter (SyncSignalID) has Id (USART2_RX) currently not set
2024-06-03 16:49:45,484 [INFO] ImportTextPane:194 - (OptionalMessage_ERROR) IP (DMA) : Parameter (SyncPolarity) has Id (USART2_RX) currently not set
2024-06-03 16:49:45,484 [INFO] ImportTextPane:194 - (OptionalMessage_ERROR) IP (DMA) : Parameter (SyncEnable) has Id (USART2_RX) currently not set
2024-06-03 16:49:45,484 [INFO] ImportTextPane:194 - (OptionalMessage_ERROR) IP (DMA) : Parameter (EventEnable) has Id (USART2_RX) currently not set
2024-06-03 16:49:45,484 [INFO] ImportTextPane:194 - (OptionalMessage_ERROR) IP (DMA) : Parameter (SyncRequestNumber) has Id (USART2_RX) currently not set
2024-06-03 16:49:45,485 [INFO] ImportTextPane:194 - (OptionalMessage_ERROR) IP (DMA) : Parameter (Instance) has Id (USART1_RX) currently not set
2024-06-03 16:49:45,485 [INFO] ImportTextPane:194 - (OptionalMessage_ERROR) IP (DMA) : Parameter (Request) has Id (USART1_RX) currently not set
2024-06-03 16:49:45,485 [INFO] ImportTextPane:194 - (OptionalMessage_ERROR) IP (DMA) : Parameter (Direction) has Id (USART1_RX) currently not set
2024-06-03 16:49:45,485 [INFO] ImportTextPane:194 - (OptionalMessage_ERROR) IP (DMA) : Parameter (PeriphInc) has Id (USART1_RX) currently not set
2024-06-03 16:49:45,485 [INFO] ImportTextPane:194 - (OptionalMessage_ERROR) IP (DMA) : Parameter (MemInc) has Id (USART1_RX) currently not set
2024-06-03 16:49:45,485 [INFO] ImportTextPane:194 - (OptionalMessage_ERROR) IP (DMA) : Parameter (PeriphDataAlignment) has Id (USART1_RX) currently not set
2024-06-03 16:49:45,485 [INFO] ImportTextPane:194 - (OptionalMessage_ERROR) IP (DMA) : Parameter (MemDataAlignment) has Id (USART1_RX) currently not set
2024-06-03 16:49:45,485 [INFO] ImportTextPane:194 - (OptionalMessage_ERROR) IP (DMA) : Parameter (Mode) has Id (USART1_RX) currently not set
2024-06-03 16:49:45,485 [INFO] ImportTextPane:194 - (OptionalMessage_ERROR) IP (DMA) : Parameter (Priority) has Id (USART1_RX) currently not set
2024-06-03 16:49:45,485 [INFO] ImportTextPane:194 - (OptionalMessage_ERROR) IP (DMA) : Parameter (SignalID) has Id (USART1_RX) currently not set
2024-06-03 16:49:45,485 [INFO] ImportTextPane:194 - (OptionalMessage_ERROR) IP (DMA) : Parameter (Polarity) has Id (USART1_RX) currently not set
2024-06-03 16:49:45,485 [INFO] ImportTextPane:194 - (OptionalMessage_ERROR) IP (DMA) : Parameter (RequestNumber) has Id (USART1_RX) currently not set
2024-06-03 16:49:45,485 [INFO] ImportTextPane:194 - (OptionalMessage_ERROR) IP (DMA) : Parameter (SyncSignalID) has Id (USART1_RX) currently not set
2024-06-03 16:49:45,485 [INFO] ImportTextPane:194 - (OptionalMessage_ERROR) IP (DMA) : Parameter (SyncPolarity) has Id (USART1_RX) currently not set
2024-06-03 16:49:45,485 [INFO] ImportTextPane:194 - (OptionalMessage_ERROR) IP (DMA) : Parameter (SyncEnable) has Id (USART1_RX) currently not set
2024-06-03 16:49:45,485 [INFO] ImportTextPane:194 - (OptionalMessage_ERROR) IP (DMA) : Parameter (EventEnable) has Id (USART1_RX) currently not set
2024-06-03 16:49:45,486 [INFO] ImportTextPane:194 - (OptionalMessage_ERROR) IP (DMA) : Parameter (SyncRequestNumber) has Id (USART1_RX) currently not set
2024-06-03 16:49:45,486 [INFO] ImportTextPane:194 - (OptionalMessage_ERROR) IP (DMA) : Parameter (Instance) has Id (TIM3_CH2) currently not set
2024-06-03 16:49:45,486 [INFO] ImportTextPane:194 - (OptionalMessage_ERROR) IP (DMA) : Parameter (Request) has Id (TIM3_CH2) currently not set
2024-06-03 16:49:45,486 [INFO] ImportTextPane:194 - (OptionalMessage_ERROR) IP (DMA) : Parameter (Direction) has Id (TIM3_CH2) currently not set
2024-06-03 16:49:45,486 [INFO] ImportTextPane:194 - (OptionalMessage_ERROR) IP (DMA) : Parameter (PeriphInc) has Id (TIM3_CH2) currently not set
2024-06-03 16:49:45,486 [INFO] ImportTextPane:194 - (OptionalMessage_ERROR) IP (DMA) : Parameter (MemInc) has Id (TIM3_CH2) currently not set
2024-06-03 16:49:45,486 [INFO] ImportTextPane:194 - (OptionalMessage_ERROR) IP (DMA) : Parameter (PeriphDataAlignment) has Id (TIM3_CH2) currently not set
2024-06-03 16:49:45,486 [INFO] ImportTextPane:194 - (OptionalMessage_ERROR) IP (DMA) : Parameter (MemDataAlignment) has Id (TIM3_CH2) currently not set
2024-06-03 16:49:45,486 [INFO] ImportTextPane:194 - (OptionalMessage_ERROR) IP (DMA) : Parameter (Mode) has Id (TIM3_CH2) currently not set
2024-06-03 16:49:45,486 [INFO] ImportTextPane:194 - (OptionalMessage_ERROR) IP (DMA) : Parameter (Priority) has Id (TIM3_CH2) currently not set
2024-06-03 16:49:45,486 [INFO] ImportTextPane:194 - (OptionalMessage_ERROR) IP (DMA) : Parameter (SignalID) has Id (TIM3_CH2) currently not set
2024-06-03 16:49:45,486 [INFO] ImportTextPane:194 - (OptionalMessage_ERROR) IP (DMA) : Parameter (Polarity) has Id (TIM3_CH2) currently not set
2024-06-03 16:49:45,486 [INFO] ImportTextPane:194 - (OptionalMessage_ERROR) IP (DMA) : Parameter (RequestNumber) has Id (TIM3_CH2) currently not set
2024-06-03 16:49:45,486 [INFO] ImportTextPane:194 - (OptionalMessage_ERROR) IP (DMA) : Parameter (SyncSignalID) has Id (TIM3_CH2) currently not set
2024-06-03 16:49:45,487 [INFO] ImportTextPane:194 - (OptionalMessage_ERROR) IP (DMA) : Parameter (SyncPolarity) has Id (TIM3_CH2) currently not set
2024-06-03 16:49:45,487 [INFO] ImportTextPane:194 - (OptionalMessage_ERROR) IP (DMA) : Parameter (SyncEnable) has Id (TIM3_CH2) currently not set
2024-06-03 16:49:45,487 [INFO] ImportTextPane:194 - (OptionalMessage_ERROR) IP (DMA) : Parameter (EventEnable) has Id (TIM3_CH2) currently not set
2024-06-03 16:49:45,487 [INFO] ImportTextPane:194 - (OptionalMessage_ERROR) IP (DMA) : Parameter (SyncRequestNumber) has Id (TIM3_CH2) currently not set
2024-06-03 16:49:45,487 [INFO] ImportTextPane:194 - (OptionalMessage_ERROR) IP (DMA) : Parameter (Instance) has Id (USART2_TX) currently not set
2024-06-03 16:49:45,487 [INFO] ImportTextPane:194 - (OptionalMessage_ERROR) IP (DMA) : Parameter (Request) has Id (USART2_TX) currently not set
2024-06-03 16:49:45,487 [INFO] ImportTextPane:194 - (OptionalMessage_ERROR) IP (DMA) : Parameter (Direction) has Id (USART2_TX) currently not set
2024-06-03 16:49:45,487 [INFO] ImportTextPane:194 - (OptionalMessage_ERROR) IP (DMA) : Parameter (PeriphInc) has Id (USART2_TX) currently not set
2024-06-03 16:49:45,488 [INFO] ImportTextPane:194 - (OptionalMessage_ERROR) IP (DMA) : Parameter (MemInc) has Id (USART2_TX) currently not set
2024-06-03 16:49:45,488 [INFO] ImportTextPane:194 - (OptionalMessage_ERROR) IP (DMA) : Parameter (PeriphDataAlignment) has Id (USART2_TX) currently not set
2024-06-03 16:49:45,488 [INFO] ImportTextPane:194 - (OptionalMessage_ERROR) IP (DMA) : Parameter (MemDataAlignment) has Id (USART2_TX) currently not set
2024-06-03 16:49:45,488 [INFO] ImportTextPane:194 - (OptionalMessage_ERROR) IP (DMA) : Parameter (Mode) has Id (USART2_TX) currently not set
2024-06-03 16:49:45,488 [INFO] ImportTextPane:194 - (OptionalMessage_ERROR) IP (DMA) : Parameter (Priority) has Id (USART2_TX) currently not set
2024-06-03 16:49:45,488 [INFO] ImportTextPane:194 - (OptionalMessage_ERROR) IP (DMA) : Parameter (SignalID) has Id (USART2_TX) currently not set
2024-06-03 16:49:45,488 [INFO] ImportTextPane:194 - (OptionalMessage_ERROR) IP (DMA) : Parameter (Polarity) has Id (USART2_TX) currently not set
2024-06-03 16:49:45,488 [INFO] ImportTextPane:194 - (OptionalMessage_ERROR) IP (DMA) : Parameter (RequestNumber) has Id (USART2_TX) currently not set
2024-06-03 16:49:45,488 [INFO] ImportTextPane:194 - (OptionalMessage_ERROR) IP (DMA) : Parameter (SyncSignalID) has Id (USART2_TX) currently not set
2024-06-03 16:49:45,488 [INFO] ImportTextPane:194 - (OptionalMessage_ERROR) IP (DMA) : Parameter (SyncPolarity) has Id (USART2_TX) currently not set
2024-06-03 16:49:45,488 [INFO] ImportTextPane:194 - (OptionalMessage_ERROR) IP (DMA) : Parameter (SyncEnable) has Id (USART2_TX) currently not set
2024-06-03 16:49:45,488 [INFO] ImportTextPane:194 - (OptionalMessage_ERROR) IP (DMA) : Parameter (EventEnable) has Id (USART2_TX) currently not set
2024-06-03 16:49:45,489 [INFO] ImportTextPane:194 - (OptionalMessage_ERROR) IP (DMA) : Parameter (SyncRequestNumber) has Id (USART2_TX) currently not set
2024-06-03 16:49:45,492 [INFO] ImportTextPane:194 - (OptionalMessage_ERROR) IP (RCC) : Invalid parameter (FamilyName)
2024-06-03 16:49:45,500 [INFO] ImportTextPane:194 - (OptionalMessage_ERROR) IP (RCC) : Parameter (RNGFreq_Value) has invalid value (170000000)
2024-06-03 16:49:45,500 [INFO] ImportTextPane:194 - (OptionalMessage_ERROR) IP (RCC) : Parameter (USBFreq_Value) has invalid value (170000000)
2024-06-03 16:49:47,372 [INFO] ApiDb:581 - Connected to CubeFinder SQLite database (C:\Users\ppreawsr\.stmcufinder\plugins\mcufinder\mcu\cube-finder-db.db)
2024-06-03 16:49:47,483 [INFO] ApiDb:668 - CubeFinder database Data Model version=2.1
2024-06-03 16:49:47,483 [INFO] ApiDb:669 - CubeFinder database Configuration version=3.0.39
2024-06-03 16:49:47,490 [INFO] ApiDb:670 - CubeFinder database generation date=2024-05-16 (1715872938)
2024-06-03 16:49:47,490 [INFO] ApiDb:671 - CubeFinder database FW Pack versions=[FP-ATR-ASTRA1_V2.0.0, FP-SNS-FLIGHT1_V5.0.1, FP-SNS-FLIGHT1_V5.0.2, FP-SNS-MOTENV1_V4.3.1, FP-SNS-MOTENV1_V4.3.2, FP-SNS-MOTENV1_V5.0.0, FP-SNS-MOTENVWB1_V1.4.0, FP-SNS-SMARTAG2_V1.2.0, STM32Cube_FW_C0_V1.1.0, STM32Cube_FW_F4_V1.28.0, STM32Cube_FW_F7_V1.17.0, STM32Cube_FW_G0_V1.6.2, STM32Cube_FW_G4_V1.5.2, STM32Cube_FW_H5_V0.5.1, STM32Cube_FW_H5_V1.1.1, STM32Cube_FW_H5_V1.2.0, STM32Cube_FW_H5_V1.2.0RC4, STM32Cube_FW_H7RS_V1.0.0, STM32Cube_FW_H7RS_V1.0.0RC4, STM32Cube_FW_H7_V1.11.0, STM32Cube_FW_L0_V1.12.2, STM32Cube_FW_L5_V1.5.1, STM32Cube_FW_U0_V1.0.0, STM32Cube_FW_U0_V1.0.0RC1, STM32Cube_FW_U5_V1.3.0RC4, STM32Cube_FW_U5_V1.5.0, STM32Cube_FW_U5_V1.5.0RC1, STM32Cube_FW_WBA_V1.0.0RC1, STM32Cube_FW_WBA_V1.2.0, STM32Cube_FW_WBA_V1.2.0RC2, STM32Cube_FW_WBA_V1.3.0, STM32Cube_FW_WBA_V1.3.0RC1, STM32Cube_FW_WB_V1.15.0RC1, STM32Cube_FW_WB_V1.16.0, STM32Cube_FW_WB_V1.16.0RC2, STM32Cube_FW_WB_V1.18.0, STM32Cube_FW_WB_V1.19.0, STM32Cube_FW_WL_V1.3.0, X-CUBE-ALGOBUILD_V1.4.0, X-CUBE-ALS_V1.0.1, X-CUBE-AZRTOS-F4_V1.1.0, X-CUBE-AZRTOS-F7_V1.1.0, X-CUBE-AZRTOS-G0_V1.1.0, X-CUBE-AZRTOS-G4_V2.0.0, X-CUBE-AZRTOS-H7_V3.2.0, X-CUBE-AZRTOS-L4_V1.0.0, X-CUBE-AZRTOS-L4_V2.0.0, X-CUBE-AZRTOS-L5_V1.1.0, X-CUBE-AZRTOS-WB_V2.0.0, X-CUBE-AZRTOS-WL_V2.0.0, X-CUBE-BLE1_V7.0.0, X-CUBE-BLE2_V3.3.0, X-CUBE-BLEMGR_V3.1.0, X-CUBE-EEPRMA1_V4.1.0, X-CUBE-EEPRMA1_V5.1.0, X-CUBE-FREERTOS_V1.1.0, X-CUBE-GNSS1_V6.0.0, X-CUBE-MEMS1_V10.0.0, X-CUBE-MEMS1_V9.1.0, X-CUBE-MEMS1_V9.4.0, X-CUBE-MEMS1_V9.6.0, X-CUBE-NFC4_V3.0.0, X-CUBE-NFC7_V1.0.1, X-CUBE-SFXS2LP1_V4.0.0, X-CUBE-SUBG2_V5.0.0, X-CUBE-TOF1_V3.4.0]
2024-06-03 16:49:47,689 [INFO] DbBoardsSqlite:226 - include board P-NUCLEO-WB55-NUCLEO as a kit item of type 'Nucleo-64'
2024-06-03 16:49:47,689 [INFO] DbBoardsSqlite:226 - include board P-NUCLEO-WB55-USBDONGLE as a kit item of type 'Nucleo USB Dongle'
2024-06-03 16:49:47,689 [INFO] DbBoardsSqlite:226 - include board STEVAL-IDP005V1 as a kit item of type 'Evaluation Board'
2024-06-03 16:49:47,689 [INFO] DbBoardsSqlite:226 - include board STEVAL-IDP005V2 as a kit item of type 'Evaluation Board'
2024-06-03 16:49:48,256 [INFO] ApiDb:240 - Found 483 in-development CPN: [B-G473E-ZEST1S, B-WB1M-WPAN1, B-WL5M-SUBG1, NUCLEO-C031C6, NUCLEO-H503RB, NUCLEO-H533RE, NUCLEO-H563ZI, NUCLEO-H7S3L8, NUCLEO-U031R8, NUCLEO-U083RC, NUCLEO-U545RE-Q, NUCLEO-U5A5ZJ-Q, NUCLEO-WBA52CG, NUCLEO-WBA55CG, STEVAL-PROTEUS1, STEVAL-SMARTAG2, STEVAL-STWINBX1, STM320518-EVAL, STM32C0116-DK, STM32C011D6Y3TR, STM32C011D6Y6TR, STM32C011F4P3, STM32C011F4P6, STM32C011F4U3, STM32C011F4U6TR, STM32C011F6P3, STM32C011F6P6, STM32C011F6U3, STM32C011F6U6TR, STM32C011J4M3, STM32C011J4M6, STM32C011J6M3, STM32C011J6M6, STM32C0316-DK, STM32C031C4T3, STM32C031C4T6, STM32C031C4U3, STM32C031C4U6, STM32C031C6T3, STM32C031C6T6, STM32C031C6U3, STM32C031C6U6, STM32C031F4P3, STM32C031F4P6, STM32C031F6P3, STM32C031F6P6, STM32C031G4U3, STM32C031G4U6, STM32C031G6U3, STM32C031G6U6, STM32C031K4T3, STM32C031K4T6, STM32C031K4U3, STM32C031K4U6, STM32C031K6T3, STM32C031K6T6, STM32C031K6U3, STM32C031K6U6, STM32G071K8TXN, STM32G071K8UXN, STM32G081GBU6N, STM32G081KBT6N, STM32G081KBUXN, STM32G0B1CCT6N, STM32G0B1KCT6, STM32G0B1NEY6TR, STM32G0B1RCT6N, STM32G0C1CCT6, STM32G0C1CCT6N, STM32G0C1CCU6N, STM32G0C1CET6N, STM32G0C1CEU6N, STM32G0C1KCT6, STM32G0C1NEY6TR, STM32G0C1RCI6N, STM32G0C1RCT6N, STM32G0C1REI6N, STM32G0C1RET6N, STM32G0C1VCI6, STM32G0C1VEI6, STM32G471CCT6, STM32G471CCU6, STM32G471CET3, STM32G471CET6, STM32G471CEU3, STM32G471CEU6, STM32G471MCT6, STM32G471MET3, STM32G471MET6, STM32G471MEY6TR, STM32G471QCT6, STM32G471QET3, STM32G471RCT6, STM32G471RET3, STM32G471RET6, STM32G471VCH6, STM32G471VCI6, STM32G471VCT6, STM32G471VEH3, STM32G471VEH6, STM32G471VEI3, STM32G471VEI6, STM32G471VET3, STM32G471VET6, STM32G474CCT6, STM32H503CBT6, STM32H503CBU6, STM32H503EBY6TR, STM32H503KBU6, STM32H503RBT6, STM32H523CCT6, STM32H523CCU6, STM32H523CET6, STM32H523CEU6, STM32H523HEY6TR, STM32H523RCT6, STM32H523RET6, STM32H523VCI6, STM32H523VCT6, STM32H523VEI6, STM32H523VET6, STM32H523ZCJ6, STM32H523ZCT6, STM32H523ZEJ6, STM32H523ZET6, STM32H533CET6, STM32H533CEU6, STM32H533HEY6TR, STM32H533RET6, STM32H533VEI6, STM32H533VET6, STM32H533ZEJ6, STM32H533ZET6, STM32H562AGI6, STM32H562AII6, STM32H562IGK6, STM32H562IGT6, STM32H562IIK6, STM32H562IIT6, STM32H562RGT6, STM32H562RGV6, STM32H562RIT6, STM32H562RIV6, STM32H562VGT6, STM32H562VIT6, STM32H562ZGT6, STM32H562ZIT6, STM32H563AGI6, STM32H563AII3Q, STM32H563AII6, STM32H563IGK6, STM32H563IGT6, STM32H563IIK3Q, STM32H563IIK6, STM32H563IIT3Q, STM32H563IIT6, STM32H563MIY3QTR, STM32H563RGT6, STM32H563RGV6, STM32H563RIT6, STM32H563RIV6, STM32H563VGT6, STM32H563VIT3Q, STM32H563VIT6, STM32H563ZGT6, STM32H563ZIT3Q, STM32H563ZIT6, STM32H573AII3Q, STM32H573AII6, STM32H573I-DK, STM32H573IIK3Q, STM32H573IIK6, STM32H573IIT3Q, STM32H573IIT6, STM32H573MIY3QTR, STM32H573RIT6, STM32H573RIV6, STM32H573VIT3Q, STM32H573VIT6, STM32H573ZIT3Q, STM32H573ZIT6, STM32H7R3A8I6, STM32H7R3I8K6, STM32H7R3I8T6, STM32H7R3L8H6, STM32H7R3L8H6H, STM32H7R3R8V6, STM32H7R3V8H6, STM32H7R3V8T6, STM32H7R3V8Y6, STM32H7R3Z8J6, STM32H7R3Z8T6, STM32H7R7A8I6, STM32H7R7I8K6, STM32H7R7I8T6, STM32H7R7L8H6, STM32H7R7L8H6H, STM32H7R7Z8J6, STM32H7S3A8I6, STM32H7S3I8K6, STM32H7S3I8T6, STM32H7S3L8H6, STM32H7S3L8H6H, STM32H7S3R8V6, STM32H7S3V8H6, STM32H7S3V8T6, STM32H7S3V8Y6, STM32H7S3Z8J6, STM32H7S3Z8T6, STM32H7S78-DK, STM32H7S7A8I6, STM32H7S7I8K6, STM32H7S7I8T6, STM32H7S7L8H6, STM32H7S7L8H6H, STM32H7S7Z8J6, STM32L4R5QGI6STR, STM32MP131AAE3, STM32MP131AAF3, STM32MP131AAG3, STM32MP131CAE3, STM32MP131CAF3, STM32MP131CAG3, STM32MP131DAE7, STM32MP131DAF7, STM32MP131DAG7, STM32MP131FAE7, STM32MP131FAF7, STM32MP131FAG7, STM32MP133AAE3, STM32MP133AAF3, STM32MP133AAG3, STM32MP133CAE3, STM32MP133CAF3, STM32MP133CAG3, STM32MP133DAE7, STM32MP133DAF7, STM32MP133DAG7, STM32MP133FAE7, STM32MP133FAF7, STM32MP133FAG7, STM32MP135AAE3, STM32MP135AAF3, STM32MP135AAG3, STM32MP135CAE3, STM32MP135CAF3, STM32MP135CAG3, STM32MP135DAE7, STM32MP135DAF7, STM32MP135DAG7, STM32MP135F-DK, STM32MP135FAE7, STM32MP135FAF7, STM32MP135FAF7T, STM32MP135FAF7U, STM32MP135FAG7, STM32U031C6T6, STM32U031C6U6, STM32U031C8T6, STM32U031C8U6, STM32U031F4P6, STM32U031F6P6, STM32U031F8P6, STM32U031G6Y6TR, STM32U031G8Y6TR, STM32U031K4U6, STM32U031K6U6, STM32U031K8U6, STM32U031R6I6, STM32U031R6T6, STM32U031R8I6, STM32U031R8T6, STM32U073C8T6, STM32U073C8U6, STM32U073CBT6, STM32U073CBU6, STM32U073CCT6, STM32U073CCU6, STM32U073H8Y6TR, STM32U073HBY6TR, STM32U073HCY6TR, STM32U073K8U6, STM32U073KBU6, STM32U073KCU6, STM32U073M8I6, STM32U073M8T6, STM32U073MBI6, STM32U073MBT6, STM32U073MCI6, STM32U073MCT6, STM32U073R8I6, STM32U073R8T6, STM32U073RBI6, STM32U073RBT6, STM32U073RCI6, STM32U073RCT6, STM32U083C-DK, STM32U083CCT6, STM32U083CCU6, STM32U083HCY6TR, STM32U083KCU6, STM32U083MCI6, STM32U083MCT6, STM32U083RCI6, STM32U083RCT6, STM32U535CBT6, STM32U535CBT6Q, STM32U535CBU6, STM32U535CBU6Q, STM32U535CCT6, STM32U535CCT6Q, STM32U535CCU6, STM32U535CCU6Q, STM32U535CET6, STM32U535CET6Q, STM32U535CEU6, STM32U535CEU6Q, STM32U535JEY6QTR, STM32U535NCY6QTR, STM32U535NEY6QTR, STM32U535RBI6, STM32U535RBI6Q, STM32U535RBT6, STM32U535RBT6Q, STM32U535RCI6, STM32U535RCI6Q, STM32U535RCT6, STM32U535RCT6Q, STM32U535REI6, STM32U535REI6Q, STM32U535RET6, STM32U535RET6Q, STM32U535VCI6, STM32U535VCI6Q, STM32U535VCT6, STM32U535VCT6Q, STM32U535VEI6, STM32U535VEI6Q, STM32U535VET6, STM32U535VET6Q, STM32U545CET6, STM32U545CET6Q, STM32U545CEU6, STM32U545CEU6Q, STM32U545JEY6QTR, STM32U545NEY6QTR, STM32U545REI6, STM32U545REI6Q, STM32U545RET6, STM32U545RET6Q, STM32U545VEI6, STM32U545VEI6Q, STM32U545VET6, STM32U545VET6Q, STM32U595AIH6, STM32U595AIH6Q, STM32U595AJH6, STM32U595AJH6Q, STM32U595QII6, STM32U595QII6Q, STM32U595QJI6, STM32U595QJI6Q, STM32U595RIT6, STM32U595RIT6Q, STM32U595RJT6, STM32U595RJT6Q, STM32U595VIT6, STM32U595VIT6Q, STM32U595VJT6, STM32U595VJT6Q, STM32U595ZIT6, STM32U595ZIT6Q, STM32U595ZIY6QTR, STM32U595ZJT6, STM32U595ZJT6Q, STM32U595ZJY6QTR, STM32U599BJY6QTR, STM32U599NIH6Q, STM32U599NJH6Q, STM32U599VIT6Q, STM32U599VJT6, STM32U599VJT6Q, STM32U599ZIT6Q, STM32U599ZIY6QTR, STM32U599ZJT6Q, STM32U599ZJY6QTR, STM32U5A5AJH6, STM32U5A5AJH6Q, STM32U5A5QII3Q , STM32U5A5QJI6, STM32U5A5QJI6Q, STM32U5A5RJT6, STM32U5A5RJT6Q, STM32U5A5VJT6, STM32U5A5VJT6Q, STM32U5A5ZJT6, STM32U5A5ZJT6Q, STM32U5A5ZJY6QTR, STM32U5A9BJY6QTR, STM32U5A9J-DK, STM32U5A9NJH6Q, STM32U5A9VJT6Q, STM32U5A9ZJT6Q, STM32U5A9ZJY6QTR, STM32U5F7VIT6, STM32U5F7VIT6Q, STM32U5F7VJT6, STM32U5F7VJT6Q, STM32U5F9BJY6QTR, STM32U5F9NJH6Q, STM32U5F9VIT6Q, STM32U5F9VJT6Q, STM32U5F9ZIJ6QTR, STM32U5F9ZIT6Q, STM32U5F9ZJJ6QTR, STM32U5F9ZJT6Q, STM32U5G7VJT6, STM32U5G7VJT6Q, STM32U5G9BJY6QTR, STM32U5G9J-DK1, STM32U5G9J-DK2, STM32U5G9NJH6Q, STM32U5G9VJT6Q, STM32U5G9ZJJ6QTR, STM32U5G9ZJT6Q, STM32WB1MMCH6, STM32WBA50KEU6, STM32WBA50KEU6TR, STM32WBA50KGU6, STM32WBA50KGU6TR, STM32WBA52CEU6, STM32WBA52CEU6TR, STM32WBA52CEU7, STM32WBA52CEU7TR, STM32WBA52CGU6, STM32WBA52CGU6TR, STM32WBA52CGU6U, STM32WBA52CGU7, STM32WBA52CGU7TR, STM32WBA52KEU6, STM32WBA52KEU6TR, STM32WBA52KGU6, STM32WBA52KGU6TR, STM32WBA54CEU6, STM32WBA54CEU6TR, STM32WBA54CEU7, STM32WBA54CEU7TR, STM32WBA54CGU6, STM32WBA54CGU6TR, STM32WBA54CGU7, STM32WBA54CGU7TR, STM32WBA54KEU6, STM32WBA54KEU6TR, STM32WBA54KEU7, STM32WBA54KEU7TR, STM32WBA54KGU6, STM32WBA54KGU6TR, STM32WBA54KGU7, STM32WBA54KGU7TR, STM32WBA55CEU6, STM32WBA55CEU6TR, STM32WBA55CEU7, STM32WBA55CEU7TR, STM32WBA55CGU6, STM32WBA55CGU6TR, STM32WBA55CGU6U, STM32WBA55CGU7, STM32WBA55CGU7TR, STM32WBA55G-DK1, STM32WBA55HEF6, STM32WBA55HEF7, STM32WBA55HGF6, STM32WBA55HGF7, STM32WBA55UEI6, STM32WBA55UEI6TR, STM32WBA55UEI7, STM32WBA55UEI7TR, STM32WBA55UGI6, STM32WBA55UGI6TR, STM32WBA55UGI7, STM32WBA55UGI7TR, STM32WL5MOCH6, STM32WL5MOCH6TR]
2024-06-03 16:49:48,410 [INFO] BoardInfo:889 - No configuration file found for board P-NUCLEO-WB55
2024-06-03 16:49:48,410 [INFO] DbBoards:161 - Kit is not supported: P-NUCLEO-WB55
2024-06-03 16:49:48,420 [INFO] BoardInfo:889 - No configuration file found for board STEVAL-BFA001V1B
2024-06-03 16:49:48,420 [INFO] DbBoards:161 - Kit is not supported: STEVAL-BFA001V1B
2024-06-03 16:49:48,421 [INFO] BoardInfo:889 - No configuration file found for board STEVAL-BFA001V2B
2024-06-03 16:49:48,422 [INFO] DbBoards:161 - Kit is not supported: STEVAL-BFA001V2B
2024-06-03 16:49:48,634 [INFO] DbBoards:168 - Found 199 boards, 196 are supported
2024-06-03 16:49:48,636 [INFO] DbBoards:169 - Found 199 boards, 8 of them is supported for  Bsp
2024-06-03 16:49:48,641 [INFO] ApiDb:668 - CubeFinder database Data Model version=2.1
2024-06-03 16:49:48,641 [INFO] ApiDb:669 - CubeFinder database Configuration version=3.0.39
2024-06-03 16:49:48,641 [INFO] ApiDb:670 - CubeFinder database generation date=2024-05-16 (1715872938)
2024-06-03 16:49:48,641 [INFO] ApiDb:671 - CubeFinder database FW Pack versions=[FP-ATR-ASTRA1_V2.0.0, FP-SNS-FLIGHT1_V5.0.1, FP-SNS-FLIGHT1_V5.0.2, FP-SNS-MOTENV1_V4.3.1, FP-SNS-MOTENV1_V4.3.2, FP-SNS-MOTENV1_V5.0.0, FP-SNS-MOTENVWB1_V1.4.0, FP-SNS-SMARTAG2_V1.2.0, STM32Cube_FW_C0_V1.1.0, STM32Cube_FW_F4_V1.28.0, STM32Cube_FW_F7_V1.17.0, STM32Cube_FW_G0_V1.6.2, STM32Cube_FW_G4_V1.5.2, STM32Cube_FW_H5_V0.5.1, STM32Cube_FW_H5_V1.1.1, STM32Cube_FW_H5_V1.2.0, STM32Cube_FW_H5_V1.2.0RC4, STM32Cube_FW_H7RS_V1.0.0, STM32Cube_FW_H7RS_V1.0.0RC4, STM32Cube_FW_H7_V1.11.0, STM32Cube_FW_L0_V1.12.2, STM32Cube_FW_L5_V1.5.1, STM32Cube_FW_U0_V1.0.0, STM32Cube_FW_U0_V1.0.0RC1, STM32Cube_FW_U5_V1.3.0RC4, STM32Cube_FW_U5_V1.5.0, STM32Cube_FW_U5_V1.5.0RC1, STM32Cube_FW_WBA_V1.0.0RC1, STM32Cube_FW_WBA_V1.2.0, STM32Cube_FW_WBA_V1.2.0RC2, STM32Cube_FW_WBA_V1.3.0, STM32Cube_FW_WBA_V1.3.0RC1, STM32Cube_FW_WB_V1.15.0RC1, STM32Cube_FW_WB_V1.16.0, STM32Cube_FW_WB_V1.16.0RC2, STM32Cube_FW_WB_V1.18.0, STM32Cube_FW_WB_V1.19.0, STM32Cube_FW_WL_V1.3.0, X-CUBE-ALGOBUILD_V1.4.0, X-CUBE-ALS_V1.0.1, X-CUBE-AZRTOS-F4_V1.1.0, X-CUBE-AZRTOS-F7_V1.1.0, X-CUBE-AZRTOS-G0_V1.1.0, X-CUBE-AZRTOS-G4_V2.0.0, X-CUBE-AZRTOS-H7_V3.2.0, X-CUBE-AZRTOS-L4_V1.0.0, X-CUBE-AZRTOS-L4_V2.0.0, X-CUBE-AZRTOS-L5_V1.1.0, X-CUBE-AZRTOS-WB_V2.0.0, X-CUBE-AZRTOS-WL_V2.0.0, X-CUBE-BLE1_V7.0.0, X-CUBE-BLE2_V3.3.0, X-CUBE-BLEMGR_V3.1.0, X-CUBE-EEPRMA1_V4.1.0, X-CUBE-EEPRMA1_V5.1.0, X-CUBE-FREERTOS_V1.1.0, X-CUBE-GNSS1_V6.0.0, X-CUBE-MEMS1_V10.0.0, X-CUBE-MEMS1_V9.1.0, X-CUBE-MEMS1_V9.4.0, X-CUBE-MEMS1_V9.6.0, X-CUBE-NFC4_V3.0.0, X-CUBE-NFC7_V1.0.1, X-CUBE-SFXS2LP1_V4.0.0, X-CUBE-SUBG2_V5.0.0, X-CUBE-TOF1_V3.4.0]
2024-06-03 16:49:51,688 [INFO] ApiDb:240 - Found 483 in-development CPN: [B-G473E-ZEST1S, B-WB1M-WPAN1, B-WL5M-SUBG1, NUCLEO-C031C6, NUCLEO-H503RB, NUCLEO-H533RE, NUCLEO-H563ZI, NUCLEO-H7S3L8, NUCLEO-U031R8, NUCLEO-U083RC, NUCLEO-U545RE-Q, NUCLEO-U5A5ZJ-Q, NUCLEO-WBA52CG, NUCLEO-WBA55CG, STEVAL-PROTEUS1, STEVAL-SMARTAG2, STEVAL-STWINBX1, STM320518-EVAL, STM32C0116-DK, STM32C011D6Y3TR, STM32C011D6Y6TR, STM32C011F4P3, STM32C011F4P6, STM32C011F4U3, STM32C011F4U6TR, STM32C011F6P3, STM32C011F6P6, STM32C011F6U3, STM32C011F6U6TR, STM32C011J4M3, STM32C011J4M6, STM32C011J6M3, STM32C011J6M6, STM32C0316-DK, STM32C031C4T3, STM32C031C4T6, STM32C031C4U3, STM32C031C4U6, STM32C031C6T3, STM32C031C6T6, STM32C031C6U3, STM32C031C6U6, STM32C031F4P3, STM32C031F4P6, STM32C031F6P3, STM32C031F6P6, STM32C031G4U3, STM32C031G4U6, STM32C031G6U3, STM32C031G6U6, STM32C031K4T3, STM32C031K4T6, STM32C031K4U3, STM32C031K4U6, STM32C031K6T3, STM32C031K6T6, STM32C031K6U3, STM32C031K6U6, STM32G071K8TXN, STM32G071K8UXN, STM32G081GBU6N, STM32G081KBT6N, STM32G081KBUXN, STM32G0B1CCT6N, STM32G0B1KCT6, STM32G0B1NEY6TR, STM32G0B1RCT6N, STM32G0C1CCT6, STM32G0C1CCT6N, STM32G0C1CCU6N, STM32G0C1CET6N, STM32G0C1CEU6N, STM32G0C1KCT6, STM32G0C1NEY6TR, STM32G0C1RCI6N, STM32G0C1RCT6N, STM32G0C1REI6N, STM32G0C1RET6N, STM32G0C1VCI6, STM32G0C1VEI6, STM32G471CCT6, STM32G471CCU6, STM32G471CET3, STM32G471CET6, STM32G471CEU3, STM32G471CEU6, STM32G471MCT6, STM32G471MET3, STM32G471MET6, STM32G471MEY6TR, STM32G471QCT6, STM32G471QET3, STM32G471RCT6, STM32G471RET3, STM32G471RET6, STM32G471VCH6, STM32G471VCI6, STM32G471VCT6, STM32G471VEH3, STM32G471VEH6, STM32G471VEI3, STM32G471VEI6, STM32G471VET3, STM32G471VET6, STM32G474CCT6, STM32H503CBT6, STM32H503CBU6, STM32H503EBY6TR, STM32H503KBU6, STM32H503RBT6, STM32H523CCT6, STM32H523CCU6, STM32H523CET6, STM32H523CEU6, STM32H523HEY6TR, STM32H523RCT6, STM32H523RET6, STM32H523VCI6, STM32H523VCT6, STM32H523VEI6, STM32H523VET6, STM32H523ZCJ6, STM32H523ZCT6, STM32H523ZEJ6, STM32H523ZET6, STM32H533CET6, STM32H533CEU6, STM32H533HEY6TR, STM32H533RET6, STM32H533VEI6, STM32H533VET6, STM32H533ZEJ6, STM32H533ZET6, STM32H562AGI6, STM32H562AII6, STM32H562IGK6, STM32H562IGT6, STM32H562IIK6, STM32H562IIT6, STM32H562RGT6, STM32H562RGV6, STM32H562RIT6, STM32H562RIV6, STM32H562VGT6, STM32H562VIT6, STM32H562ZGT6, STM32H562ZIT6, STM32H563AGI6, STM32H563AII3Q, STM32H563AII6, STM32H563IGK6, STM32H563IGT6, STM32H563IIK3Q, STM32H563IIK6, STM32H563IIT3Q, STM32H563IIT6, STM32H563MIY3QTR, STM32H563RGT6, STM32H563RGV6, STM32H563RIT6, STM32H563RIV6, STM32H563VGT6, STM32H563VIT3Q, STM32H563VIT6, STM32H563ZGT6, STM32H563ZIT3Q, STM32H563ZIT6, STM32H573AII3Q, STM32H573AII6, STM32H573I-DK, STM32H573IIK3Q, STM32H573IIK6, STM32H573IIT3Q, STM32H573IIT6, STM32H573MIY3QTR, STM32H573RIT6, STM32H573RIV6, STM32H573VIT3Q, STM32H573VIT6, STM32H573ZIT3Q, STM32H573ZIT6, STM32H7R3A8I6, STM32H7R3I8K6, STM32H7R3I8T6, STM32H7R3L8H6, STM32H7R3L8H6H, STM32H7R3R8V6, STM32H7R3V8H6, STM32H7R3V8T6, STM32H7R3V8Y6, STM32H7R3Z8J6, STM32H7R3Z8T6, STM32H7R7A8I6, STM32H7R7I8K6, STM32H7R7I8T6, STM32H7R7L8H6, STM32H7R7L8H6H, STM32H7R7Z8J6, STM32H7S3A8I6, STM32H7S3I8K6, STM32H7S3I8T6, STM32H7S3L8H6, STM32H7S3L8H6H, STM32H7S3R8V6, STM32H7S3V8H6, STM32H7S3V8T6, STM32H7S3V8Y6, STM32H7S3Z8J6, STM32H7S3Z8T6, STM32H7S78-DK, STM32H7S7A8I6, STM32H7S7I8K6, STM32H7S7I8T6, STM32H7S7L8H6, STM32H7S7L8H6H, STM32H7S7Z8J6, STM32L4R5QGI6STR, STM32MP131AAE3, STM32MP131AAF3, STM32MP131AAG3, STM32MP131CAE3, STM32MP131CAF3, STM32MP131CAG3, STM32MP131DAE7, STM32MP131DAF7, STM32MP131DAG7, STM32MP131FAE7, STM32MP131FAF7, STM32MP131FAG7, STM32MP133AAE3, STM32MP133AAF3, STM32MP133AAG3, STM32MP133CAE3, STM32MP133CAF3, STM32MP133CAG3, STM32MP133DAE7, STM32MP133DAF7, STM32MP133DAG7, STM32MP133FAE7, STM32MP133FAF7, STM32MP133FAG7, STM32MP135AAE3, STM32MP135AAF3, STM32MP135AAG3, STM32MP135CAE3, STM32MP135CAF3, STM32MP135CAG3, STM32MP135DAE7, STM32MP135DAF7, STM32MP135DAG7, STM32MP135F-DK, STM32MP135FAE7, STM32MP135FAF7, STM32MP135FAF7T, STM32MP135FAF7U, STM32MP135FAG7, STM32U031C6T6, STM32U031C6U6, STM32U031C8T6, STM32U031C8U6, STM32U031F4P6, STM32U031F6P6, STM32U031F8P6, STM32U031G6Y6TR, STM32U031G8Y6TR, STM32U031K4U6, STM32U031K6U6, STM32U031K8U6, STM32U031R6I6, STM32U031R6T6, STM32U031R8I6, STM32U031R8T6, STM32U073C8T6, STM32U073C8U6, STM32U073CBT6, STM32U073CBU6, STM32U073CCT6, STM32U073CCU6, STM32U073H8Y6TR, STM32U073HBY6TR, STM32U073HCY6TR, STM32U073K8U6, STM32U073KBU6, STM32U073KCU6, STM32U073M8I6, STM32U073M8T6, STM32U073MBI6, STM32U073MBT6, STM32U073MCI6, STM32U073MCT6, STM32U073R8I6, STM32U073R8T6, STM32U073RBI6, STM32U073RBT6, STM32U073RCI6, STM32U073RCT6, STM32U083C-DK, STM32U083CCT6, STM32U083CCU6, STM32U083HCY6TR, STM32U083KCU6, STM32U083MCI6, STM32U083MCT6, STM32U083RCI6, STM32U083RCT6, STM32U535CBT6, STM32U535CBT6Q, STM32U535CBU6, STM32U535CBU6Q, STM32U535CCT6, STM32U535CCT6Q, STM32U535CCU6, STM32U535CCU6Q, STM32U535CET6, STM32U535CET6Q, STM32U535CEU6, STM32U535CEU6Q, STM32U535JEY6QTR, STM32U535NCY6QTR, STM32U535NEY6QTR, STM32U535RBI6, STM32U535RBI6Q, STM32U535RBT6, STM32U535RBT6Q, STM32U535RCI6, STM32U535RCI6Q, STM32U535RCT6, STM32U535RCT6Q, STM32U535REI6, STM32U535REI6Q, STM32U535RET6, STM32U535RET6Q, STM32U535VCI6, STM32U535VCI6Q, STM32U535VCT6, STM32U535VCT6Q, STM32U535VEI6, STM32U535VEI6Q, STM32U535VET6, STM32U535VET6Q, STM32U545CET6, STM32U545CET6Q, STM32U545CEU6, STM32U545CEU6Q, STM32U545JEY6QTR, STM32U545NEY6QTR, STM32U545REI6, STM32U545REI6Q, STM32U545RET6, STM32U545RET6Q, STM32U545VEI6, STM32U545VEI6Q, STM32U545VET6, STM32U545VET6Q, STM32U595AIH6, STM32U595AIH6Q, STM32U595AJH6, STM32U595AJH6Q, STM32U595QII6, STM32U595QII6Q, STM32U595QJI6, STM32U595QJI6Q, STM32U595RIT6, STM32U595RIT6Q, STM32U595RJT6, STM32U595RJT6Q, STM32U595VIT6, STM32U595VIT6Q, STM32U595VJT6, STM32U595VJT6Q, STM32U595ZIT6, STM32U595ZIT6Q, STM32U595ZIY6QTR, STM32U595ZJT6, STM32U595ZJT6Q, STM32U595ZJY6QTR, STM32U599BJY6QTR, STM32U599NIH6Q, STM32U599NJH6Q, STM32U599VIT6Q, STM32U599VJT6, STM32U599VJT6Q, STM32U599ZIT6Q, STM32U599ZIY6QTR, STM32U599ZJT6Q, STM32U599ZJY6QTR, STM32U5A5AJH6, STM32U5A5AJH6Q, STM32U5A5QII3Q , STM32U5A5QJI6, STM32U5A5QJI6Q, STM32U5A5RJT6, STM32U5A5RJT6Q, STM32U5A5VJT6, STM32U5A5VJT6Q, STM32U5A5ZJT6, STM32U5A5ZJT6Q, STM32U5A5ZJY6QTR, STM32U5A9BJY6QTR, STM32U5A9J-DK, STM32U5A9NJH6Q, STM32U5A9VJT6Q, STM32U5A9ZJT6Q, STM32U5A9ZJY6QTR, STM32U5F7VIT6, STM32U5F7VIT6Q, STM32U5F7VJT6, STM32U5F7VJT6Q, STM32U5F9BJY6QTR, STM32U5F9NJH6Q, STM32U5F9VIT6Q, STM32U5F9VJT6Q, STM32U5F9ZIJ6QTR, STM32U5F9ZIT6Q, STM32U5F9ZJJ6QTR, STM32U5F9ZJT6Q, STM32U5G7VJT6, STM32U5G7VJT6Q, STM32U5G9BJY6QTR, STM32U5G9J-DK1, STM32U5G9J-DK2, STM32U5G9NJH6Q, STM32U5G9VJT6Q, STM32U5G9ZJJ6QTR, STM32U5G9ZJT6Q, STM32WB1MMCH6, STM32WBA50KEU6, STM32WBA50KEU6TR, STM32WBA50KGU6, STM32WBA50KGU6TR, STM32WBA52CEU6, STM32WBA52CEU6TR, STM32WBA52CEU7, STM32WBA52CEU7TR, STM32WBA52CGU6, STM32WBA52CGU6TR, STM32WBA52CGU6U, STM32WBA52CGU7, STM32WBA52CGU7TR, STM32WBA52KEU6, STM32WBA52KEU6TR, STM32WBA52KGU6, STM32WBA52KGU6TR, STM32WBA54CEU6, STM32WBA54CEU6TR, STM32WBA54CEU7, STM32WBA54CEU7TR, STM32WBA54CGU6, STM32WBA54CGU6TR, STM32WBA54CGU7, STM32WBA54CGU7TR, STM32WBA54KEU6, STM32WBA54KEU6TR, STM32WBA54KEU7, STM32WBA54KEU7TR, STM32WBA54KGU6, STM32WBA54KGU6TR, STM32WBA54KGU7, STM32WBA54KGU7TR, STM32WBA55CEU6, STM32WBA55CEU6TR, STM32WBA55CEU7, STM32WBA55CEU7TR, STM32WBA55CGU6, STM32WBA55CGU6TR, STM32WBA55CGU6U, STM32WBA55CGU7, STM32WBA55CGU7TR, STM32WBA55G-DK1, STM32WBA55HEF6, STM32WBA55HEF7, STM32WBA55HGF6, STM32WBA55HGF7, STM32WBA55UEI6, STM32WBA55UEI6TR, STM32WBA55UEI7, STM32WBA55UEI7TR, STM32WBA55UGI6, STM32WBA55UGI6TR, STM32WBA55UGI7, STM32WBA55UGI7TR, STM32WL5MOCH6, STM32WL5MOCH6TR]
2024-06-03 16:49:51,692 [INFO] DbMcus:218 - Found 4096 MCUs, 4096 are supported
2024-06-03 16:49:51,693 [INFO] ApiDb:423 - Load user favorites file C:\Users\ppreawsr/.stm32cubeide/favorites.mcus.txt: 0 item(s)
2024-06-03 16:49:51,693 [INFO] ApiDb:427 - User favorites MCUs=[]
2024-06-03 16:49:51,693 [INFO] DbMcus:224 - Set 0 / 0 favorites MCUs
2024-06-03 16:49:52,105 [INFO] ApiDb:423 - Load user favorites file C:\Users\ppreawsr/.stm32cubeide/favorites.boards.txt: 1 item(s)
2024-06-03 16:49:52,106 [INFO] ApiDb:427 - User favorites Boards=[NUCLEO-G474RE]
2024-06-03 16:49:52,106 [INFO] DbBoards:198 - Set 1 / 1 favorites Boards
2024-06-03 16:49:52,217 [INFO] UtilMem:75 - End LoadConfig() Used Memory: 369658752 Bytes (945815552)
2024-06-03 16:49:52,456 [WARN] ThirdParty:833 - waiting for thirdparty lock release [change project]
2024-06-03 16:49:52,457 [INFO] ThirdParty:835 - entering critical section [change project]
2024-06-03 16:49:52,457 [INFO] ThirdParty:1030 - CMSIS Pack Vendor :STMicroelectronics X-CUBE-ISPU 1.1.0
2024-06-03 16:49:52,457 [INFO] ThirdParty:1030 - CMSIS Pack Vendor :STMicroelectronics USBPD 4.1
2024-06-03 16:49:52,457 [INFO] ThirdParty:1030 - CMSIS Pack Vendor :STMicroelectronics X-CUBE-GNSS1 6.0.0
2024-06-03 16:49:52,457 [INFO] ThirdParty:1030 - CMSIS Pack Vendor :STMicroelectronics USB_HOST 2.0.0
2024-06-03 16:49:52,457 [INFO] ThirdParty:1030 - CMSIS Pack Vendor :STMicroelectronics FP-SNS-MOTENVWB1 1.4.0
2024-06-03 16:49:52,457 [INFO] ThirdParty:1030 - CMSIS Pack Vendor :STMicroelectronics X-CUBE-AZRTOS-F4 1.1.0
2024-06-03 16:49:52,457 [INFO] ThirdParty:1030 - CMSIS Pack Vendor :STMicroelectronics LIBJPEG 8.0.0
2024-06-03 16:49:52,457 [INFO] ThirdParty:1030 - CMSIS Pack Vendor :wolfSSL I-CUBE-wolfSSL 5.6.3
2024-06-03 16:49:52,457 [INFO] ThirdParty:1030 - CMSIS Pack Vendor :STMicroelectronics X-CUBE-SMBUS 2.1.0
2024-06-03 16:49:52,457 [INFO] ThirdParty:1030 - CMSIS Pack Vendor :STMicroelectronics USB_DEVICE 3.0.0
2024-06-03 16:49:52,457 [INFO] ThirdParty:1030 - CMSIS Pack Vendor :STMicroelectronics X-CUBE-TCPP 4.1.0
2024-06-03 16:49:52,457 [INFO] ThirdParty:1030 - CMSIS Pack Vendor :STMicroelectronics X-CUBE-FREERTOS 1.2.0
2024-06-03 16:49:52,457 [INFO] ThirdParty:1030 - CMSIS Pack Vendor :STMicroelectronics X-CUBE-AZRTOS-WB 2.0.0
2024-06-03 16:49:52,457 [INFO] ThirdParty:1030 - CMSIS Pack Vendor :STMicroelectronics X-CUBE-TOUCHGFX 4.23.0
2024-06-03 16:49:52,457 [INFO] ThirdParty:1030 - CMSIS Pack Vendor :STMicroelectronics X-CUBE-TOUCHGFX 4.23.2
2024-06-03 16:49:52,457 [INFO] ThirdParty:1030 - CMSIS Pack Vendor :STMicroelectronics X-CUBE-AZRTOS-F7 1.1.0
2024-06-03 16:49:52,457 [INFO] ThirdParty:1030 - CMSIS Pack Vendor :STMicroelectronics X-CUBE-AZRTOS-L5 2.0.0
2024-06-03 16:49:52,457 [INFO] ThirdParty:1030 - CMSIS Pack Vendor :STMicroelectronics USB_DEVICE 2.0.0
2024-06-03 16:49:52,458 [INFO] ThirdParty:1030 - CMSIS Pack Vendor :STMicroelectronics X-CUBE-EEPRMA1 4.2.0
2024-06-03 16:49:52,458 [INFO] ThirdParty:1030 - CMSIS Pack Vendor :STMicroelectronics X-CUBE-NFC6 3.1.0
2024-06-03 16:49:52,458 [INFO] ThirdParty:1030 - CMSIS Pack Vendor :ITTIA_DB I-CUBE-ITTIADB 8.8.0
2024-06-03 16:49:52,458 [INFO] ThirdParty:1030 - CMSIS Pack Vendor :STMicroelectronics FP-SNS-MOTENV1 4.3.2
2024-06-03 16:49:52,458 [INFO] ThirdParty:1030 - CMSIS Pack Vendor :ARM CMSIS-DSP 1.15.0
2024-06-03 16:49:52,458 [INFO] ThirdParty:1030 - CMSIS Pack Vendor :STMicroelectronics X-CUBE-ALGOBUILD 1.3.0
2024-06-03 16:49:52,458 [INFO] ThirdParty:1030 - CMSIS Pack Vendor :STMicroelectronics FreeRTOS 0.0.1
2024-06-03 16:49:52,458 [INFO] ThirdParty:1030 - CMSIS Pack Vendor :STMicroelectronics X-CUBE-AZRTOS-G0 1.1.0
2024-06-03 16:49:52,458 [INFO] ThirdParty:1030 - CMSIS Pack Vendor :STMicroelectronics X-CUBE-BLEMGR 2.0.0
2024-06-03 16:49:52,458 [INFO] ThirdParty:1030 - CMSIS Pack Vendor :STMicroelectronics X-CUBE-SAFEA1 1.2.2
2024-06-03 16:49:52,458 [INFO] ThirdParty:1030 - CMSIS Pack Vendor :STMicroelectronics X-CUBE-NFC4 3.0.0
2024-06-03 16:49:52,458 [INFO] ThirdParty:1030 - CMSIS Pack Vendor :STMicroelectronics X-CUBE-SUBG2 5.0.0
2024-06-03 16:49:52,458 [INFO] ThirdParty:1030 - CMSIS Pack Vendor :STMicroelectronics STM32_WPAN 1.0.0
2024-06-03 16:49:52,458 [INFO] ThirdParty:1030 - CMSIS Pack Vendor :wolfSSL I-CUBE-wolfMQTT 1.18.0
2024-06-03 16:49:52,458 [INFO] ThirdParty:1030 - CMSIS Pack Vendor :STMicroelectronics lwIP 2.0.3
2024-06-03 16:49:52,458 [INFO] ThirdParty:1030 - CMSIS Pack Vendor :STMicroelectronics FP-SNS-FLIGHT1 5.0.2
2024-06-03 16:49:52,458 [INFO] ThirdParty:1030 - CMSIS Pack Vendor :STMicroelectronics USB_HOST 1.0.0
2024-06-03 16:49:52,458 [INFO] ThirdParty:1030 - CMSIS Pack Vendor :STMicroelectronics X-CUBE-TOF1 3.3.1
2024-06-03 16:49:52,459 [INFO] ThirdParty:1030 - CMSIS Pack Vendor :STMicroelectronics X-CUBE-AI 9.0.0
2024-06-03 16:49:52,459 [INFO] ThirdParty:1030 - CMSIS Pack Vendor :STMicroelectronics X-CUBE-AZRTOS-G4 2.0.0
2024-06-03 16:49:52,459 [INFO] ThirdParty:1030 - CMSIS Pack Vendor :STMicroelectronics PDM2PCM 3.1.0
2024-06-03 16:49:52,459 [INFO] ThirdParty:1030 - CMSIS Pack Vendor :STMicroelectronics X-CUBE-AZRTOS-H7 3.1.0
2024-06-03 16:49:52,459 [INFO] ThirdParty:1030 - CMSIS Pack Vendor :Infineon AIROC-Wi-Fi-Bluetooth-STM32 1.5.1
2024-06-03 16:49:52,459 [INFO] ThirdParty:1030 - CMSIS Pack Vendor :STMicroelectronics X-CUBE-BLEMGR 3.0.0
2024-06-03 16:49:52,459 [INFO] ThirdParty:1030 - CMSIS Pack Vendor :STMicroelectronics PDM2PCM 3.3.0
2024-06-03 16:49:52,459 [INFO] ThirdParty:1030 - CMSIS Pack Vendor :STMicroelectronics X-CUBE-DISPLAY 3.0.0
2024-06-03 16:49:52,459 [INFO] ThirdParty:1030 - CMSIS Pack Vendor :STMicroelectronics FP-SNS-MOTENVWB1 1.3.0
2024-06-03 16:49:52,459 [INFO] ThirdParty:1030 - CMSIS Pack Vendor :STMicroelectronics FP-SNS-MOTENVWB1 1.3.1
2024-06-03 16:49:52,459 [INFO] ThirdParty:1030 - CMSIS Pack Vendor :STMicroelectronics X-CUBE-BLE1 7.0.0
2024-06-03 16:49:52,459 [INFO] ThirdParty:1030 - CMSIS Pack Vendor :STMicroelectronics FP-ATR-SIGFOX1 3.2.0
2024-06-03 16:49:52,459 [INFO] ThirdParty:1030 - CMSIS Pack Vendor :STMicroelectronics X-CUBE-ISPU 2.0.0
2024-06-03 16:49:52,459 [INFO] ThirdParty:1030 - CMSIS Pack Vendor :STMicroelectronics X-CUBE-EEPRMA1 5.1.0
2024-06-03 16:49:52,459 [INFO] ThirdParty:1030 - CMSIS Pack Vendor :STMicroelectronics HAL Drivers 0.0.0
2024-06-03 16:49:52,459 [INFO] ThirdParty:1030 - CMSIS Pack Vendor :STMicroelectronics MBEDTLS 2.16.2
2024-06-03 16:49:52,459 [INFO] ThirdParty:1030 - CMSIS Pack Vendor :STMicroelectronics X-CUBE-ALS 1.0.2
2024-06-03 16:49:52,459 [INFO] ThirdParty:1030 - CMSIS Pack Vendor :emotas I-CUBE-CANOPEN 1.3.0
2024-06-03 16:49:52,459 [INFO] ThirdParty:1030 - CMSIS Pack Vendor :STMicroelectronics X-CUBE-MEMS1 10.0.0
2024-06-03 16:49:52,459 [INFO] ThirdParty:1030 - CMSIS Pack Vendor :STMicroelectronics X-CUBE-FREERTOS 1.1.0
2024-06-03 16:49:52,459 [INFO] ThirdParty:1030 - CMSIS Pack Vendor :STMicroelectronics X-CUBE-NFC7 1.0.1
2024-06-03 16:49:52,459 [INFO] ThirdParty:1030 - CMSIS Pack Vendor :STMicroelectronics MBEDTLS 2.14.1
2024-06-03 16:49:52,459 [INFO] ThirdParty:1030 - CMSIS Pack Vendor :STMicroelectronics X-CUBE-TOUCHGFX 4.22.1
2024-06-03 16:49:52,459 [INFO] ThirdParty:1030 - CMSIS Pack Vendor :STMicroelectronics X-CUBE-NFC6 3.0.0
2024-06-03 16:49:52,460 [INFO] ThirdParty:1030 - CMSIS Pack Vendor :STMicroelectronics X-CUBE-EEPRMA1 4.1.0
2024-06-03 16:49:52,460 [INFO] ThirdParty:1030 - CMSIS Pack Vendor :portGmbH I-Cube-SoM-uGOAL 1.1.0
2024-06-03 16:49:52,460 [INFO] ThirdParty:1030 - CMSIS Pack Vendor :STMicroelectronics X-CUBE-ALS 1.0.1
2024-06-03 16:49:52,460 [INFO] ThirdParty:1030 - CMSIS Pack Vendor :STMicroelectronics X-CUBE-BLEMGR 3.1.0
2024-06-03 16:49:52,460 [INFO] ThirdParty:1030 - CMSIS Pack Vendor :STMicroelectronics ThreadX 1.0.0
2024-06-03 16:49:52,460 [INFO] ThirdParty:1030 - CMSIS Pack Vendor :STMicroelectronics FP-SNS-SMARTAG2 1.2.0
2024-06-03 16:49:52,460 [INFO] ThirdParty:1030 - CMSIS Pack Vendor :STMicroelectronics X-CUBE-AZRTOS-WL 2.0.0
2024-06-03 16:49:52,460 [INFO] ThirdParty:1030 - CMSIS Pack Vendor :SEGGER I-CUBE-embOS 1.3.1
2024-06-03 16:49:52,460 [INFO] ThirdParty:1030 - CMSIS Pack Vendor :STMicroelectronics X-CUBE-ALGOBUILD 1.4.0
2024-06-03 16:49:52,460 [INFO] ThirdParty:1030 - CMSIS Pack Vendor :STMicroelectronics FP-SNS-MOTENV1 5.0.0
2024-06-03 16:49:52,460 [INFO] ThirdParty:1030 - CMSIS Pack Vendor :STMicroelectronics USB_DEVICE 1.0.0
2024-06-03 16:49:52,460 [INFO] ThirdParty:1030 - CMSIS Pack Vendor :STMicroelectronics X-CUBE-AI 8.1.0
2024-06-03 16:49:52,460 [INFO] ThirdParty:1030 - CMSIS Pack Vendor :STMicroelectronics X-CUBE-AZRTOS-H7RS 1.0.0
2024-06-03 16:49:52,460 [INFO] ThirdParty:1030 - CMSIS Pack Vendor :STMicroelectronics X-CUBE-AZRTOS-L4 2.0.0
2024-06-03 16:49:52,461 [INFO] ThirdParty:1030 - CMSIS Pack Vendor :ARM CMSIS 6.0.0
2024-06-03 16:49:52,461 [INFO] ThirdParty:1030 - CMSIS Pack Vendor :STMicroelectronics ThreadX 0.0.2
2024-06-03 16:49:52,461 [INFO] ThirdParty:1030 - CMSIS Pack Vendor :WES I-CUBE-Cesium 1.3.0
2024-06-03 16:49:52,461 [INFO] ThirdParty:1030 - CMSIS Pack Vendor :STMicroelectronics FP-ATR-ASTRA1 2.0.0
2024-06-03 16:49:52,461 [INFO] ThirdParty:1030 - CMSIS Pack Vendor :STMicroelectronics lwIP 2.1.2
2024-06-03 16:49:52,461 [INFO] ThirdParty:1030 - CMSIS Pack Vendor :STMicroelectronics X-CUBE-SFXS2LP1 4.0.0
2024-06-03 16:49:52,462 [INFO] ThirdParty:1030 - CMSIS Pack Vendor :STMicroelectronics X-CUBE-BLE2 3.3.0
2024-06-03 16:49:52,462 [INFO] ThirdParty:1030 - CMSIS Pack Vendor :STMicroelectronics X-CUBE-TOF1 3.4.0
2024-06-03 16:49:52,462 [INFO] ThirdParty:1030 - CMSIS Pack Vendor :STMicroelectronics X-CUBE-TOF1 3.4.1
2024-06-03 16:49:52,462 [INFO] ThirdParty:1030 - CMSIS Pack Vendor :STMicroelectronics X-CUBE-AZRTOS-H7 3.2.0
2024-06-03 16:49:52,462 [INFO] ThirdParty:1030 - CMSIS Pack Vendor :STMicroelectronics PDM2PCM 3.2.0
2024-06-03 16:49:52,462 [INFO] ThirdParty:841 - exiting critical section [change project]
2024-06-03 16:49:53,051 [INFO] PinOutPanel:1561 - setPackage(No Configuration,No Configuration)
2024-06-03 16:49:53,055 [INFO] PinOutPanel:1561 - setPackage(STM32G474RETx,LQFP64)
2024-06-03 16:49:54,248 [INFO] UtilMem:75 - Before build in PCC Used Memory: 380849400 Bytes (945815552)
2024-06-03 16:49:56,176 [INFO] UtilMem:75 - After build in PCC Used Memory: 550192376 Bytes (945815552)
2024-06-03 16:49:56,255 [INFO] IPUIPlugin:80 - create IPUIPlugin
2024-06-03 16:49:56,255 [INFO] IPUIPlugin:80 - create IPUIPlugin
2024-06-03 16:49:56,255 [INFO] IPUIPlugin:80 - create IPUIPlugin
2024-06-03 16:49:56,255 [INFO] IPUIPlugin:80 - create IPUIPlugin
2024-06-03 16:49:56,255 [INFO] IPUIPlugin:80 - create IPUIPlugin
2024-06-03 16:49:56,256 [INFO] IPUIPlugin:80 - create IPUIPlugin
2024-06-03 16:49:56,257 [INFO] IPUIPlugin:80 - create IPUIPlugin
2024-06-03 16:49:56,257 [INFO] IPUIPlugin:80 - create IPUIPlugin
2024-06-03 16:49:56,257 [INFO] IPUIPlugin:80 - create IPUIPlugin
2024-06-03 16:49:56,257 [INFO] IPUIPlugin:80 - create IPUIPlugin
2024-06-03 16:49:56,257 [INFO] IPUIPlugin:80 - create IPUIPlugin
2024-06-03 16:49:56,257 [INFO] IPUIPlugin:80 - create IPUIPlugin
2024-06-03 16:49:56,257 [INFO] IPUIPlugin:80 - create IPUIPlugin
2024-06-03 16:49:56,257 [INFO] IPUIPlugin:80 - create IPUIPlugin
2024-06-03 16:49:56,257 [INFO] IPUIPlugin:80 - create IPUIPlugin
2024-06-03 16:49:56,259 [INFO] IPUIPlugin:80 - create IPUIPlugin
2024-06-03 16:49:56,259 [INFO] IPUIPlugin:80 - create IPUIPlugin
2024-06-03 16:49:56,259 [INFO] IPUIPlugin:80 - create IPUIPlugin
2024-06-03 16:49:56,260 [INFO] IPUIPlugin:80 - create IPUIPlugin
2024-06-03 16:49:56,260 [INFO] IPUIPlugin:80 - create IPUIPlugin
2024-06-03 16:49:56,261 [INFO] IPUIPlugin:80 - create IPUIPlugin
2024-06-03 16:49:56,262 [INFO] IPUIPlugin:80 - create IPUIPlugin
2024-06-03 16:49:56,263 [INFO] IPUIPlugin:80 - create IPUIPlugin
2024-06-03 16:49:56,263 [INFO] IPUIPlugin:80 - create IPUIPlugin
2024-06-03 16:49:56,263 [INFO] IPUIPlugin:80 - create IPUIPlugin
2024-06-03 16:49:56,264 [INFO] IPUIPlugin:80 - create IPUIPlugin
2024-06-03 16:49:56,266 [INFO] IPUIPlugin:80 - create IPUIPlugin
2024-06-03 16:49:56,267 [INFO] IPUIPlugin:80 - create IPUIPlugin
2024-06-03 16:49:56,268 [INFO] IPUIPlugin:80 - create IPUIPlugin
2024-06-03 16:49:56,268 [INFO] IPUIPlugin:80 - create IPUIPlugin
2024-06-03 16:49:56,270 [INFO] IPUIPlugin:80 - create IPUIPlugin
2024-06-03 16:49:56,271 [INFO] IPUIPlugin:80 - create IPUIPlugin
2024-06-03 16:49:56,271 [INFO] IPUIPlugin:80 - create IPUIPlugin
2024-06-03 16:49:56,271 [INFO] IPUIPlugin:80 - create IPUIPlugin
2024-06-03 16:49:56,272 [INFO] IPUIPlugin:80 - create IPUIPlugin
2024-06-03 16:49:56,272 [INFO] IPUIPlugin:80 - create IPUIPlugin
2024-06-03 16:49:56,272 [INFO] IPUIPlugin:80 - create IPUIPlugin
2024-06-03 16:49:56,272 [INFO] IPUIPlugin:80 - create IPUIPlugin
2024-06-03 16:49:56,273 [INFO] IPUIPlugin:80 - create IPUIPlugin
2024-06-03 16:49:56,274 [INFO] IPUIPlugin:80 - create IPUIPlugin
2024-06-03 16:49:56,275 [INFO] IPUIPlugin:80 - create IPUIPlugin
2024-06-03 16:49:56,276 [INFO] IPUIPlugin:80 - create IPUIPlugin
2024-06-03 16:49:56,277 [INFO] IPUIPlugin:80 - create IPUIPlugin
2024-06-03 16:49:56,277 [INFO] IPUIPlugin:80 - create IPUIPlugin
2024-06-03 16:49:56,278 [INFO] IPUIPlugin:80 - create IPUIPlugin
2024-06-03 16:49:56,279 [INFO] IPUIPlugin:80 - create IPUIPlugin
2024-06-03 16:49:56,279 [INFO] IPUIPlugin:80 - create IPUIPlugin
2024-06-03 16:49:56,281 [INFO] IPUIPlugin:80 - create IPUIPlugin
2024-06-03 16:49:56,283 [INFO] IPUIPlugin:80 - create IPUIPlugin
2024-06-03 16:49:56,284 [INFO] IPUIPlugin:80 - create IPUIPlugin
2024-06-03 16:49:56,286 [INFO] IPUIPlugin:80 - create IPUIPlugin
2024-06-03 16:49:56,286 [INFO] IPUIPlugin:80 - create IPUIPlugin
2024-06-03 16:49:56,287 [INFO] IPUIPlugin:80 - create IPUIPlugin
2024-06-03 16:49:56,288 [INFO] IPUIPlugin:80 - create IPUIPlugin
2024-06-03 16:49:56,288 [INFO] IPUIPlugin:80 - create IPUIPlugin
2024-06-03 16:49:56,289 [INFO] IPUIPlugin:80 - create IPUIPlugin
2024-06-03 16:49:56,289 [INFO] IPUIPlugin:80 - create IPUIPlugin
2024-06-03 16:49:56,290 [INFO] IPUIPlugin:80 - create IPUIPlugin
2024-06-03 16:49:56,291 [INFO] IPUIPlugin:80 - create IPUIPlugin
2024-06-03 16:49:56,291 [INFO] IPUIPlugin:80 - create IPUIPlugin
2024-06-03 16:49:56,293 [INFO] IPUIPlugin:80 - create IPUIPlugin
2024-06-03 16:49:56,293 [INFO] IPUIPlugin:80 - create IPUIPlugin
2024-06-03 16:49:56,294 [INFO] IPUIPlugin:80 - create IPUIPlugin
2024-06-03 16:49:56,295 [INFO] IPUIPlugin:80 - create IPUIPlugin
2024-06-03 16:49:56,297 [INFO] IPUIPlugin:80 - create IPUIPlugin
2024-06-03 16:49:56,298 [INFO] IPUIPlugin:80 - create IPUIPlugin
2024-06-03 16:49:56,300 [INFO] IPUIPlugin:80 - create IPUIPlugin
2024-06-03 16:49:56,300 [INFO] IPUIPlugin:80 - create IPUIPlugin
2024-06-03 16:49:56,301 [INFO] IPUIPlugin:80 - create IPUIPlugin
2024-06-03 16:49:56,302 [INFO] IPUIPlugin:80 - create IPUIPlugin
2024-06-03 16:49:56,303 [INFO] IPUIPlugin:80 - create IPUIPlugin
2024-06-03 16:49:56,303 [INFO] IPUIPlugin:80 - create IPUIPlugin
2024-06-03 16:49:56,304 [INFO] IPUIPlugin:80 - create IPUIPlugin
2024-06-03 16:49:56,305 [INFO] IPUIPlugin:80 - create IPUIPlugin
2024-06-03 16:49:56,307 [INFO] IPUIPlugin:80 - create IPUIPlugin
2024-06-03 16:49:56,307 [INFO] IPUIPlugin:80 - create IPUIPlugin
2024-06-03 16:49:56,308 [INFO] IPUIPlugin:80 - create IPUIPlugin
2024-06-03 16:49:56,309 [INFO] IPUIPlugin:80 - create IPUIPlugin
2024-06-03 16:49:56,310 [INFO] IPUIPlugin:80 - create IPUIPlugin
2024-06-03 16:49:56,811 [INFO] CADModel:165 - CPN selected for project levelSTM32G474RET6
2024-06-03 16:49:56,812 [INFO] CADModel:114 - Register for checkConnection events
2024-06-03 16:49:56,890 [INFO] OpenFileManager:343 - Restore cursor
2024-06-03 16:51:22,966 [INFO] NvicIntPanel:101 - NVIC parent = com.st.microxplorer.plugins.ip.nvic.MultiNvicIntPanel[,0,0,0x0,invalid,layout=javax.swing.BoxLayout,alignmentX=0.0,alignmentY=0.0,border=,flags=9,maximumSize=,minimumSize=,preferredSize=]
2024-06-03 16:51:26,773 [INFO] UtilMem:75 - End SaveConfig() Used Memory: 363852352 Bytes (945815552)
2024-06-03 16:51:30,420 [INFO] UtilMem:75 - End SaveConfig() Used Memory: 533623984 Bytes (945815552)
2024-06-03 16:51:31,476 [INFO] BlockDiagram:2759 - set Specific Code input for plugin: TIM6_7G4
2024-06-03 16:51:31,476 [INFO] BlockDiagram:2759 - set Specific Code input for plugin: TIM1_8G4
2024-06-03 16:51:31,476 [INFO] BlockDiagram:2759 - set Specific Code input for plugin: TIM1_8G4
2024-06-03 16:51:31,476 [INFO] BlockDiagram:2759 - set Specific Code input for plugin: TIM1_8G4
2024-06-03 16:51:31,476 [INFO] BlockDiagram:2759 - set Specific Code input for plugin: TIM1_8G4
2024-06-03 16:51:31,476 [INFO] BlockDiagram:2759 - set Specific Code input for plugin: TIM1_8G4
2024-06-03 16:51:31,476 [INFO] BlockDiagram:2759 - set Specific Code input for plugin: ARM.CMSIS-DSP.1.15.0
2024-06-03 16:51:31,476 [INFO] BlockDiagram:2759 - set Specific Code input for plugin: SYS
2024-06-03 16:51:31,476 [INFO] BlockDiagram:2759 - set Specific Code input for plugin: RCC
2024-06-03 16:51:31,476 [INFO] BlockDiagram:2759 - set Specific Code input for plugin: NVIC
2024-06-03 16:51:31,477 [INFO] BlockDiagram:2759 - set Specific Code input for plugin: USART
2024-06-03 16:51:31,477 [INFO] BlockDiagram:2759 - set Specific Code input for plugin: USART
2024-06-03 16:51:31,477 [INFO] BlockDiagram:2759 - set Specific Code input for plugin: DMA
2024-06-03 16:51:31,477 [INFO] BlockDiagram:2759 - set Specific Code input for plugin: TIM1_8G4
2024-06-03 16:51:31,479 [INFO] BlockDiagram:2759 - set Specific Code input for plugin: GPIO
2024-06-03 16:51:31,480 [INFO] BlockDiagram:2759 - set Specific Code input for plugin: ARM.CMSIS.6.0.0
2024-06-03 16:51:31,509 [WARN] ThirdPartyIpManager:480 - Condition 'TrustZone' not fulfilled in pack 'ARM.CMSIS.6.0.0'
2024-06-03 16:51:31,509 [WARN] ThirdPartyRefParameterProcessor:173 - Condition 'TrustZone;(SIiDtzIiTZ)' has not the same result using Semaphore or Dynamic solver for pack 'ARM.CMSIS.6.0.0''
2024-06-03 16:51:31,509 [WARN] ThirdPartyIpManager:480 - Condition 'TZ Secure' not fulfilled in pack 'ARM.CMSIS.6.0.0'
2024-06-03 16:51:31,509 [WARN] ThirdPartyRefParameterProcessor:173 - Condition 'TZ Secure;(SIiDtzIiTZ&SIiDsecureIiSecure)' has not the same result using Semaphore or Dynamic solver for pack 'ARM.CMSIS.6.0.0''
2024-06-03 16:51:31,509 [WARN] ThirdPartyIpManager:480 - Condition 'TZ Secure' not fulfilled in pack 'ARM.CMSIS.6.0.0'
2024-06-03 16:51:31,510 [WARN] ThirdPartyRefParameterProcessor:173 - Condition 'TZ Secure;(SIiDtzIiTZ&SIiDsecureIiSecure)' has not the same result using Semaphore or Dynamic solver for pack 'ARM.CMSIS.6.0.0''
2024-06-03 16:51:31,512 [WARN] ThirdPartyIpManager:480 - Condition 'ARMv7-A Device' not fulfilled in pack 'ARM.CMSIS-DSP.1.15.0'
2024-06-03 16:51:31,512 [WARN] ThirdPartyIpManager:480 - Condition 'ARMv7-A Device' not fulfilled in pack 'ARM.CMSIS-DSP.1.15.0'
2024-06-03 16:51:31,515 [INFO] CodeGenerator:807 - code generatio: config db path: C:\ST\STM32CubeIDE_1.13.2\STM32CubeIDE\plugins\com.st.stm32cube.common.mx_6.11.1.202404110753\\db\
2024-06-03 16:51:32,080 [INFO] CodeEngine:255 - oldGeneratedFile, C:\Users\ppreawsr\OneDrive\Documents\GitHub\PP_ALL_V3\PP-ALL-main\Main-Controller-master\MainController\MXTmpFiles\license.tmp_save
2024-06-03 16:51:32,771 [INFO] CodeEngine:279 - Generated code: C:\Users\ppreawsr\OneDrive\Documents\GitHub\PP_ALL_V3\PP-ALL-main\Main-Controller-master\MainController\MXTmpFiles\license.tmp
2024-06-03 16:51:33,074 [INFO] CodeEngine:255 - oldGeneratedFile, C:\Users\ppreawsr\OneDrive\Documents\GitHub\PP_ALL_V3\PP-ALL-main\Main-Controller-master\MainController\MXTmpFiles\gpio.tmp_save
2024-06-03 16:51:33,420 [INFO] CodeEngine:279 - Generated code: C:\Users\ppreawsr\OneDrive\Documents\GitHub\PP_ALL_V3\PP-ALL-main\Main-Controller-master\MainController\MXTmpFiles\gpio.tmp
2024-06-03 16:51:37,569 [INFO] CodeEngine:255 - oldGeneratedFile, C:\Users\ppreawsr\OneDrive\Documents\GitHub\PP_ALL_V3\PP-ALL-main\Main-Controller-master\MainController\MXTmpFiles\dma.tmp_save
2024-06-03 16:51:37,846 [INFO] CodeEngine:279 - Generated code: C:\Users\ppreawsr\OneDrive\Documents\GitHub\PP_ALL_V3\PP-ALL-main\Main-Controller-master\MainController\MXTmpFiles\dma.tmp
2024-06-03 16:51:37,870 [INFO] CodeEngine:255 - oldGeneratedFile, C:\Users\ppreawsr\OneDrive\Documents\GitHub\PP_ALL_V3\PP-ALL-main\Main-Controller-master\MainController\MXTmpFiles\dma_GV.tmp_save
2024-06-03 16:51:38,004 [INFO] CodeEngine:279 - Generated code: C:\Users\ppreawsr\OneDrive\Documents\GitHub\PP_ALL_V3\PP-ALL-main\Main-Controller-master\MainController\MXTmpFiles\dma_GV.tmp
2024-06-03 16:51:38,129 [INFO] CodeEngine:255 - oldGeneratedFile, C:\Users\ppreawsr\OneDrive\Documents\GitHub\PP_ALL_V3\PP-ALL-main\Main-Controller-master\MainController\Core\Src\stm32g4xx_it.c_save
2024-06-03 16:51:38,575 [INFO] CodeEngine:279 - Generated code: C:\Users\ppreawsr\OneDrive\Documents\GitHub\PP_ALL_V3\PP-ALL-main\Main-Controller-master\MainController\Core\Src\stm32g4xx_it.c
2024-06-03 16:51:38,677 [INFO] CodeEngine:255 - oldGeneratedFile, C:\Users\ppreawsr\OneDrive\Documents\GitHub\PP_ALL_V3\PP-ALL-main\Main-Controller-master\MainController\Core\Inc\stm32g4xx_it.h_save
2024-06-03 16:51:38,825 [INFO] CodeEngine:279 - Generated code: C:\Users\ppreawsr\OneDrive\Documents\GitHub\PP_ALL_V3\PP-ALL-main\Main-Controller-master\MainController\Core\Inc\stm32g4xx_it.h
2024-06-03 16:51:38,925 [INFO] CodeEngine:255 - oldGeneratedFile, C:\Users\ppreawsr\OneDrive\Documents\GitHub\PP_ALL_V3\PP-ALL-main\Main-Controller-master\MainController\Core\Src\stm32g4xx_hal_msp.c_save
2024-06-03 16:51:39,248 [INFO] CodeEngine:279 - Generated code: C:\Users\ppreawsr\OneDrive\Documents\GitHub\PP_ALL_V3\PP-ALL-main\Main-Controller-master\MainController\Core\Src\stm32g4xx_hal_msp.c
2024-06-03 16:51:39,286 [INFO] CodeEngine:255 - oldGeneratedFile, C:\Users\ppreawsr\OneDrive\Documents\GitHub\PP_ALL_V3\PP-ALL-main\Main-Controller-master\MainController\MXTmpFiles\system.tmp_save
2024-06-03 16:51:39,445 [INFO] CodeEngine:279 - Generated code: C:\Users\ppreawsr\OneDrive\Documents\GitHub\PP_ALL_V3\PP-ALL-main\Main-Controller-master\MainController\MXTmpFiles\system.tmp
2024-06-03 16:51:39,525 [INFO] CodeEngine:311 - oldGeneratedFile, C:\Users\ppreawsr\OneDrive\Documents\GitHub\PP_ALL_V3\PP-ALL-main\Main-Controller-master\MainController\Core\Inc\stm32g4xx_hal_conf.h_save
2024-06-03 16:51:39,807 [INFO] CodeEngine:335 - Generated code: C:\Users\ppreawsr\OneDrive\Documents\GitHub\PP_ALL_V3\PP-ALL-main\Main-Controller-master\MainController\Core\Inc\stm32g4xx_hal_conf.h
2024-06-03 16:51:39,907 [WARN] IPConfigManager:2982 - Warning: the RefConfig RCC_CommonPeriphClockConfig is not available in your config.xml file
2024-06-03 16:51:39,937 [WARN] IPConfigManager:3513 - IP not found : TIM
2024-06-03 16:51:39,939 [WARN] CodeGenerator:3951 - IP not found : null
2024-06-03 16:51:40,006 [INFO] CodeEngine:255 - oldGeneratedFile, C:\Users\ppreawsr\OneDrive\Documents\GitHub\PP_ALL_V3\PP-ALL-main\Main-Controller-master\MainController\Core\Inc\main.h_save
2024-06-03 16:51:40,322 [INFO] CodeEngine:279 - Generated code: C:\Users\ppreawsr\OneDrive\Documents\GitHub\PP_ALL_V3\PP-ALL-main\Main-Controller-master\MainController\Core\Inc\main.h
2024-06-03 16:51:40,386 [INFO] CodeEngine:255 - oldGeneratedFile, C:\Users\ppreawsr\OneDrive\Documents\GitHub\PP_ALL_V3\PP-ALL-main\Main-Controller-master\MainController\Core\Src\main.c_save
2024-06-03 16:51:40,990 [INFO] CodeEngine:279 - Generated code: C:\Users\ppreawsr\OneDrive\Documents\GitHub\PP_ALL_V3\PP-ALL-main\Main-Controller-master\MainController\Core\Src\main.c
2024-06-03 16:51:41,897 [INFO] ProjectBuilder:3163 - Time for Copy HAL[1] : 433mS.
2024-06-03 16:51:41,899 [WARN] ThirdPartyIpManager:480 - Condition 'TrustZone' not fulfilled in pack 'ARM.CMSIS.6.0.0'
2024-06-03 16:51:41,900 [WARN] ThirdPartyRefParameterProcessor:173 - Condition 'TrustZone;(SIiDtzIiTZ)' has not the same result using Semaphore or Dynamic solver for pack 'ARM.CMSIS.6.0.0''
2024-06-03 16:51:41,900 [WARN] ThirdPartyIpManager:480 - Condition 'TZ Secure' not fulfilled in pack 'ARM.CMSIS.6.0.0'
2024-06-03 16:51:41,900 [WARN] ThirdPartyRefParameterProcessor:173 - Condition 'TZ Secure;(SIiDtzIiTZ&SIiDsecureIiSecure)' has not the same result using Semaphore or Dynamic solver for pack 'ARM.CMSIS.6.0.0''
2024-06-03 16:51:41,900 [WARN] ThirdPartyIpManager:480 - Condition 'TZ Secure' not fulfilled in pack 'ARM.CMSIS.6.0.0'
2024-06-03 16:51:41,900 [WARN] ThirdPartyRefParameterProcessor:173 - Condition 'TZ Secure;(SIiDtzIiTZ&SIiDsecureIiSecure)' has not the same result using Semaphore or Dynamic solver for pack 'ARM.CMSIS.6.0.0''
2024-06-03 16:51:41,903 [WARN] ThirdPartyIpManager:480 - Condition 'ARMv7-A Device' not fulfilled in pack 'ARM.CMSIS-DSP.1.15.0'
2024-06-03 16:51:41,903 [WARN] ThirdPartyIpManager:480 - Condition 'ARMv7-A Device' not fulfilled in pack 'ARM.CMSIS-DSP.1.15.0'
2024-06-03 16:51:42,619 [INFO] ProjectBuilder:8898 - Time for Copy ThirdParty[1] : 712mS.
2024-06-03 16:51:44,138 [INFO] ProjectBuilder:8898 - Time for Copy ThirdParty[1] : 1519mS.
2024-06-03 16:51:44,153 [INFO] ProjectBuilder:4736 - Project Generator version: 4.3.0-B58
2024-06-03 16:51:44,339 [INFO] ConfigFileManager:1503 - The Die is : DIE469
2024-06-03 16:51:44,355 [INFO] ApiDbMcu:508 - Load IP Config File for FATFS
2024-06-03 16:51:44,375 [INFO] ApiDbMcu:508 - Load IP Config File for FREERTOS
2024-06-03 16:51:44,395 [INFO] ApiDbMcu:508 - Load IP Config File for USBPD
2024-06-03 16:51:44,424 [INFO] ApiDbMcu:508 - Load IP Config File for USB_Device
2024-06-03 16:51:46,084 [INFO] LogOutputStream:77 - [STDOUT_REDIRECT] 
2024-06-03 16:51:49,897 [INFO] ProjectBuilder:5002 - Time for Generating toolchain IDE Files: 5742mS.
2024-06-03 16:51:49,899 [INFO] ProjectBuilder:3034 - Time for Copy CMSIS : 2mS.
2024-06-03 16:51:49,927 [INFO] ProjectBuilder:3034 - Time for Copy CMSIS : 0mS.
