2024-06-12 11:07:49,295 [INFO] Activator:176 - 


2024-06-12 11:07:49,304 [INFO] Activator:177 - !SESSION log4j initialized
2024-06-12 11:08:00,175 [INFO] LogOutputStream:77 - [STDOUT_REDIRECT] 
2024-06-12 11:08:05,555 [INFO] ApplicationProperties:184 - Using Application install path: C:\ST\STM32CubeIDE_1.13.2\STM32CubeIDE\plugins\com.st.stm32cube.common.mx_6.11.1.202404110753
2024-06-12 11:08:05,584 [INFO] DbMcusXml:78 - Set database path to: C:\ST\STM32CubeIDE_1.13.2\STM32CubeIDE\plugins\com.st.stm32cube.common.mx_6.11.1.202404110753\\db\/mcu/
2024-06-12 11:08:05,584 [INFO] ApiDb:274 - Set plugin database path to: C:\ST\STM32CubeIDE_1.13.2\STM32CubeIDE\plugins\com.st.stm32cube.common.mx_6.11.1.202404110753\\db\/plugins/boardmanager/
2024-06-12 11:08:05,585 [WARN] ApiDb:259 - Overriding images path with different value:  => C:\ST\STM32CubeIDE_1.13.2\STM32CubeIDE\plugins\com.st.stm32cube.common.mx_6.11.1.202404110753\\db\/plugins/mcufinder/images/
2024-06-12 11:08:05,600 [INFO] ApiDb:250 - Set database path to: C:\Users\ppreawsr\.stmcufinder\plugins\mcufinder//mcu/
2024-06-12 11:08:05,600 [INFO] DbMcusAds:125 - Set database path to: C:\Users\ppreawsr\.stmcufinder\plugins\mcufinder//mcu/
2024-06-12 11:08:05,600 [INFO] CrossReferenceDbSqlite:203 - Set database path to: C:\Users\ppreawsr\.stmcufinder\plugins\mcufinder//mcu/cs/
2024-06-12 11:08:05,813 [INFO] RulesReader:64 - Compatibility file has been processed (297 Rules)
2024-06-12 11:08:05,917 [INFO] DbMcusXml:78 - Set database path to: C:\ST\STM32CubeIDE_1.13.2\STM32CubeIDE\plugins\com.st.stm32cube.common.mx_6.11.1.202404110753\\db\/mcu/
2024-06-12 11:08:05,917 [INFO] ApiDb:274 - Set plugin database path to: C:\ST\STM32CubeIDE_1.13.2\STM32CubeIDE\plugins\com.st.stm32cube.common.mx_6.11.1.202404110753\\db\/plugins/boardmanager/
2024-06-12 11:08:05,917 [INFO] ApiDb:261 - Set plugin images path to: C:\ST\STM32CubeIDE_1.13.2\STM32CubeIDE\plugins\com.st.stm32cube.common.mx_6.11.1.202404110753\\db\/plugins/mcufinder/images/
2024-06-12 11:08:05,917 [WARN] DbFile:41 - Overriding database path with different value: C:\Users\ppreawsr\.stmcufinder\plugins\mcufinder/ => C:\Users\ppreawsr\.stmcufinder\plugins\mcufinder
2024-06-12 11:08:05,917 [INFO] ApiDb:250 - Set database path to: C:\Users\ppreawsr\.stmcufinder\plugins\mcufinder//mcu/
2024-06-12 11:08:05,917 [WARN] DbFile:41 - Overriding database path with different value: C:\Users\ppreawsr\.stmcufinder\plugins\mcufinder/ => C:\Users\ppreawsr\.stmcufinder\plugins\mcufinder
2024-06-12 11:08:05,917 [INFO] DbMcusAds:125 - Set database path to: C:\Users\ppreawsr\.stmcufinder\plugins\mcufinder//mcu/
2024-06-12 11:08:05,917 [WARN] DbFile:41 - Overriding database path with different value: C:\Users\ppreawsr\.stmcufinder\plugins\mcufinder/ => C:\Users\ppreawsr\.stmcufinder\plugins\mcufinder
2024-06-12 11:08:05,917 [WARN] DbFile:41 - Overriding database path with different value: C:\Users\ppreawsr\.stmcufinder\plugins\mcufinder/ => C:\Users\ppreawsr\.stmcufinder\plugins\mcufinder
2024-06-12 11:08:05,917 [INFO] CrossReferenceDbSqlite:203 - Set database path to: C:\Users\ppreawsr\.stmcufinder\plugins\mcufinder//mcu/cs/
2024-06-12 11:08:06,010 [INFO] MainPanel:264 - HeapMemory: 268435456
2024-06-12 11:08:06,138 [INFO] DbMcusXml:78 - Set database path to: C:\ST\STM32CubeIDE_1.13.2\STM32CubeIDE\plugins\com.st.stm32cube.common.mx_6.11.1.202404110753\\db\/mcu/
2024-06-12 11:08:06,138 [INFO] ApiDb:274 - Set plugin database path to: C:\ST\STM32CubeIDE_1.13.2\STM32CubeIDE\plugins\com.st.stm32cube.common.mx_6.11.1.202404110753\\db\/plugins/boardmanager/
2024-06-12 11:08:06,138 [INFO] ApiDb:261 - Set plugin images path to: C:\ST\STM32CubeIDE_1.13.2\STM32CubeIDE\plugins\com.st.stm32cube.common.mx_6.11.1.202404110753\\db\/plugins/mcufinder/images/
2024-06-12 11:08:06,138 [WARN] DbFile:41 - Overriding database path with different value: C:\Users\ppreawsr\.stmcufinder\plugins\mcufinder/ => C:\Users\ppreawsr\.stmcufinder\plugins\mcufinder
2024-06-12 11:08:06,138 [INFO] ApiDb:250 - Set database path to: C:\Users\ppreawsr\.stmcufinder\plugins\mcufinder//mcu/
2024-06-12 11:08:06,138 [WARN] DbFile:41 - Overriding database path with different value: C:\Users\ppreawsr\.stmcufinder\plugins\mcufinder/ => C:\Users\ppreawsr\.stmcufinder\plugins\mcufinder
2024-06-12 11:08:06,138 [INFO] DbMcusAds:125 - Set database path to: C:\Users\ppreawsr\.stmcufinder\plugins\mcufinder//mcu/
2024-06-12 11:08:06,138 [WARN] DbFile:41 - Overriding database path with different value: C:\Users\ppreawsr\.stmcufinder\plugins\mcufinder/ => C:\Users\ppreawsr\.stmcufinder\plugins\mcufinder
2024-06-12 11:08:06,138 [WARN] DbFile:41 - Overriding database path with different value: C:\Users\ppreawsr\.stmcufinder\plugins\mcufinder/ => C:\Users\ppreawsr\.stmcufinder\plugins\mcufinder
2024-06-12 11:08:06,138 [INFO] CrossReferenceDbSqlite:203 - Set database path to: C:\Users\ppreawsr\.stmcufinder\plugins\mcufinder//mcu/cs/
2024-06-12 11:08:06,155 [INFO] ApplicationProperties:184 - Using Application install path: C:\ST\STM32CubeIDE_1.13.2\STM32CubeIDE\plugins\com.st.stm32cube.common.mx_6.11.1.202404110753
2024-06-12 11:08:06,162 [INFO] PluginManage:196 - Search for loadable plugins [exclusion list=, ]
2024-06-12 11:08:06,165 [INFO] PluginManage:310 - Check plugin analytics
2024-06-12 11:08:06,366 [INFO] AnalyticsPlugin:253 - Accepted Software Licenses: 
2024-06-12 11:08:06,366 [INFO] AnalyticsPlugin:255 - Accepted CMSIS Pack Licenses: ARM.CMSIS-DSP.1.15.0,ARM.CMSIS.6.0.0,ITTIA_DB.I-CUBE-ITTIADB.8.8.0
2024-06-12 11:08:06,366 [INFO] AnalyticsPlugin:257 - Accepted Firmware Licenses: FW.G4.1.5.0
2024-06-12 11:08:06,376 [INFO] PluginManage:359 - Loaded plugin analytics (category:tool,tabindex:-1)
2024-06-12 11:08:06,376 [INFO] PluginManage:310 - Check plugin cadmodel
2024-06-12 11:08:06,392 [INFO] CADModel:105 - Init CAD model plugin
2024-06-12 11:08:06,392 [INFO] PluginManage:359 - Loaded plugin cadmodel (category:power,tabindex:5)
2024-06-12 11:08:06,395 [INFO] PluginManage:310 - Check plugin clock
2024-06-12 11:08:06,416 [INFO] PluginManage:359 - Loaded plugin clock (category:base,tabindex:2)
2024-06-12 11:08:06,416 [INFO] PluginManage:310 - Check plugin ddr
2024-06-12 11:08:06,421 [INFO] PluginManage:359 - Loaded plugin ddr (category:tool,tabindex:6)
2024-06-12 11:08:06,421 [INFO] PluginManage:310 - Check plugin filemanager
2024-06-12 11:08:06,590 [INFO] PluginManage:359 - Loaded plugin filemanager (category:base,tabindex:10)
2024-06-12 11:08:06,590 [INFO] PluginManage:310 - Check plugin ipmanager
2024-06-12 11:08:06,598 [INFO] PluginManage:359 - Loaded plugin ipmanager (category:base,tabindex:5)
2024-06-12 11:08:06,598 [INFO] PluginManage:310 - Check plugin lpbam
2024-06-12 11:08:06,625 [INFO] PluginManage:359 - Loaded plugin lpbam (category:base,tabindex:0)
2024-06-12 11:08:06,625 [INFO] PluginManage:310 - Check plugin memorymap
2024-06-12 11:08:06,655 [INFO] PluginManage:359 - Loaded plugin memorymap (category:base,tabindex:4)
2024-06-12 11:08:06,655 [INFO] PluginManage:310 - Check plugin pinoutandconfiguration
2024-06-12 11:08:06,680 [INFO] PluginManage:359 - Loaded plugin pinoutandconfiguration (category:base,tabindex:1)
2024-06-12 11:08:06,680 [INFO] PluginManage:310 - Check plugin pinoutconfig
2024-06-12 11:08:06,802 [WARN] SupportedApi:132 - Cannot load RTOS API schema: s4s-elt-must-match.1: The content of 'definitions' must match (annotation?, (simpleType | complexType)?, (unique | key | keyref)*)). A problem was found starting at: attribute.
2024-06-12 11:08:06,992 [INFO] PluginManage:359 - Loaded plugin pinoutconfig (category:base,tabindex:0)
2024-06-12 11:08:06,992 [INFO] PluginManage:310 - Check plugin power
2024-06-12 11:08:07,016 [INFO] PluginManage:359 - Loaded plugin power (category:power,tabindex:4)
2024-06-12 11:08:07,016 [INFO] PluginManage:310 - Check plugin projectmanager
2024-06-12 11:08:07,035 [INFO] PluginManage:359 - Loaded plugin projectmanager (category:projectmanager,tabindex:3)
2024-06-12 11:08:07,035 [INFO] PluginManage:310 - Check plugin thirdparty
2024-06-12 11:08:07,415 [INFO] PluginManage:359 - Loaded plugin thirdparty (category:base,tabindex:-1)
2024-06-12 11:08:07,415 [WARN] IntegrityCheckThread:84 - waiting for thirdparty lock release [integrity check]
2024-06-12 11:08:07,415 [INFO] IntegrityCheckThread:86 - entering critical section [integrity check]
2024-06-12 11:08:07,415 [INFO] PluginManage:310 - Check plugin tools
2024-06-12 11:08:07,415 [INFO] ThirdPartyUpdaterWithRetryManager:70 - Updater plugin not ready yet. [1/15]
2024-06-12 11:08:07,467 [INFO] PluginManage:359 - Loaded plugin tools (category:base,tabindex:7)
2024-06-12 11:08:07,467 [INFO] PluginManage:310 - Check plugin tutovideos
2024-06-12 11:08:07,779 [INFO] PluginManage:359 - Loaded plugin tutovideos (category:base,tabindex:-1)
2024-06-12 11:08:07,779 [INFO] PluginManage:310 - Check plugin updater
2024-06-12 11:08:07,795 [INFO] PluginManage:359 - Loaded plugin updater (category:base,tabindex:12)
2024-06-12 11:08:07,795 [INFO] PluginManage:310 - Check plugin userauth
2024-06-12 11:08:07,795 [INFO] UserAuth:114 - Init User Auth plugin
2024-06-12 11:08:07,795 [INFO] PluginManage:359 - Loaded plugin userauth (category:base,tabindex:14)
2024-06-12 11:08:07,804 [INFO] PluginManage:283 - PluginManage : Loaded plugins [17]
2024-06-12 11:08:08,115 [INFO] PinOutPanel:1561 - setPackage(No Configuration,No Configuration)
2024-06-12 11:08:08,225 [INFO] CADModel:165 - CPN selected for project level
2024-06-12 11:08:08,230 [INFO] CADModel:114 - Register for checkConnection events
2024-06-12 11:08:08,271 [INFO] IPUIPlugin:80 - create IPUIPlugin
2024-06-12 11:08:08,271 [INFO] PluginManager:220 - loadIPPluginJar : add adc
2024-06-12 11:08:08,346 [INFO] IPUIPlugin:80 - create IPUIPlugin
2024-06-12 11:08:08,346 [INFO] PluginManager:220 - loadIPPluginJar : add aes
2024-06-12 11:08:08,429 [INFO] IPUIPlugin:80 - create IPUIPlugin
2024-06-12 11:08:08,429 [INFO] PluginManager:220 - loadIPPluginJar : add can
2024-06-12 11:08:08,484 [INFO] IPUIPlugin:80 - create IPUIPlugin
2024-06-12 11:08:08,484 [INFO] PluginManager:220 - loadIPPluginJar : add comp
2024-06-12 11:08:08,561 [INFO] IPUIPlugin:80 - create IPUIPlugin
2024-06-12 11:08:08,561 [INFO] PluginManager:220 - loadIPPluginJar : add cryp
2024-06-12 11:08:08,630 [INFO] IPUIPlugin:80 - create IPUIPlugin
2024-06-12 11:08:08,631 [INFO] PluginManager:220 - loadIPPluginJar : add dfsdm
2024-06-12 11:08:08,660 [INFO] IPUIPlugin:80 - create IPUIPlugin
2024-06-12 11:08:08,662 [INFO] PluginManager:220 - loadIPPluginJar : add dma
2024-06-12 11:08:08,741 [INFO] IPUIPlugin:80 - create IPUIPlugin
2024-06-12 11:08:08,741 [INFO] PluginManager:220 - loadIPPluginJar : add dma3
2024-06-12 11:08:08,827 [INFO] IPUIPlugin:80 - create IPUIPlugin
2024-06-12 11:08:08,828 [INFO] PluginManager:220 - loadIPPluginJar : add extmemmanager
2024-06-12 11:08:08,863 [INFO] IPUIPlugin:80 - create IPUIPlugin
2024-06-12 11:08:08,864 [INFO] PluginManager:220 - loadIPPluginJar : add fatfs
2024-06-12 11:08:08,962 [INFO] IPUIPlugin:80 - create IPUIPlugin
2024-06-12 11:08:08,962 [INFO] PluginManager:220 - loadIPPluginJar : add fmc
2024-06-12 11:08:09,004 [INFO] IPUIPlugin:80 - create IPUIPlugin
2024-06-12 11:08:09,004 [INFO] PluginManager:220 - loadIPPluginJar : add freertos
2024-06-12 11:08:09,046 [INFO] IPUIPlugin:80 - create IPUIPlugin
2024-06-12 11:08:09,047 [INFO] PluginManager:220 - loadIPPluginJar : add genericplugin
2024-06-12 11:08:09,244 [INFO] IPUIPlugin:80 - create IPUIPlugin
2024-06-12 11:08:09,244 [INFO] PluginManager:220 - loadIPPluginJar : add gfxmmu
2024-06-12 11:08:09,531 [INFO] IPUIPlugin:80 - create IPUIPlugin
2024-06-12 11:08:09,531 [INFO] PluginManager:220 - loadIPPluginJar : add gic
2024-06-12 11:08:09,555 [INFO] IPUIPlugin:80 - create IPUIPlugin
2024-06-12 11:08:09,556 [INFO] PluginManager:220 - loadIPPluginJar : add gpio
2024-06-12 11:08:09,721 [INFO] IPUIPlugin:80 - create IPUIPlugin
2024-06-12 11:08:09,722 [INFO] PluginManager:220 - loadIPPluginJar : add gtzc
2024-06-12 11:08:09,797 [INFO] IPUIPlugin:80 - create IPUIPlugin
2024-06-12 11:08:09,797 [INFO] PluginManager:220 - loadIPPluginJar : add hash
2024-06-12 11:08:09,891 [INFO] IPUIPlugin:80 - create IPUIPlugin
2024-06-12 11:08:09,891 [INFO] PluginManager:220 - loadIPPluginJar : add i2c
2024-06-12 11:08:09,968 [INFO] IPUIPlugin:80 - create IPUIPlugin
2024-06-12 11:08:09,968 [INFO] PluginManager:220 - loadIPPluginJar : add i2s
2024-06-12 11:08:10,042 [INFO] IPUIPlugin:80 - create IPUIPlugin
2024-06-12 11:08:10,043 [INFO] PluginManager:220 - loadIPPluginJar : add i3c
2024-06-12 11:08:10,210 [INFO] IPUIPlugin:80 - create IPUIPlugin
2024-06-12 11:08:10,211 [INFO] PluginManager:220 - loadIPPluginJar : add ipddr
2024-06-12 11:08:10,358 [INFO] IPUIPlugin:80 - create IPUIPlugin
2024-06-12 11:08:10,358 [INFO] PluginManager:220 - loadIPPluginJar : add linkedlist
2024-06-12 11:08:10,423 [INFO] IPUIPlugin:80 - create IPUIPlugin
2024-06-12 11:08:10,424 [INFO] PluginManager:220 - loadIPPluginJar : add lorawan
2024-06-12 11:08:10,431 [INFO] ThirdPartyUpdaterWithRetryManager:70 - Updater plugin not ready yet. [2/15]
2024-06-12 11:08:10,512 [INFO] IPUIPlugin:80 - create IPUIPlugin
2024-06-12 11:08:10,512 [INFO] PluginManager:220 - loadIPPluginJar : add ltdc
2024-06-12 11:08:10,540 [INFO] IPUIPlugin:80 - create IPUIPlugin
2024-06-12 11:08:10,541 [INFO] PluginManager:220 - loadIPPluginJar : add mdma
2024-06-12 11:08:10,561 [INFO] IPUIPlugin:80 - create IPUIPlugin
2024-06-12 11:08:10,561 [INFO] PluginManager:220 - loadIPPluginJar : add nvic
2024-06-12 11:08:10,622 [INFO] IPUIPlugin:80 - create IPUIPlugin
2024-06-12 11:08:10,622 [INFO] PluginManager:220 - loadIPPluginJar : add opamp
2024-06-12 11:08:10,723 [INFO] IPUIPlugin:80 - create IPUIPlugin
2024-06-12 11:08:10,723 [INFO] PluginManager:220 - loadIPPluginJar : add openamp
2024-06-12 11:08:10,804 [INFO] IPUIPlugin:80 - create IPUIPlugin
2024-06-12 11:08:10,804 [INFO] PluginManager:220 - loadIPPluginJar : add pdm2pcm
2024-06-12 11:08:10,823 [INFO] IPUIPlugin:80 - create IPUIPlugin
2024-06-12 11:08:10,826 [INFO] PluginManager:220 - loadIPPluginJar : add plateformsettings
2024-06-12 11:08:10,869 [INFO] IPUIPlugin:80 - create IPUIPlugin
2024-06-12 11:08:10,869 [INFO] PluginManager:220 - loadIPPluginJar : add quadspi
2024-06-12 11:08:10,892 [INFO] IPUIPlugin:80 - create IPUIPlugin
2024-06-12 11:08:10,892 [INFO] PluginManager:220 - loadIPPluginJar : add resmgrutility
2024-06-12 11:08:10,969 [INFO] IPUIPlugin:80 - create IPUIPlugin
2024-06-12 11:08:10,969 [INFO] PluginManager:220 - loadIPPluginJar : add sai
2024-06-12 11:08:11,046 [INFO] IPUIPlugin:80 - create IPUIPlugin
2024-06-12 11:08:11,046 [INFO] PluginManager:220 - loadIPPluginJar : add spi
2024-06-12 11:08:11,187 [INFO] IPUIPlugin:80 - create IPUIPlugin
2024-06-12 11:08:11,188 [INFO] PluginManager:220 - loadIPPluginJar : add stm32_wpan
2024-06-12 11:08:11,229 [INFO] IPUIPlugin:80 - create IPUIPlugin
2024-06-12 11:08:11,229 [INFO] PluginManager:220 - loadIPPluginJar : add tim
2024-06-12 11:08:11,331 [INFO] IPUIPlugin:80 - create IPUIPlugin
2024-06-12 11:08:11,331 [INFO] PluginManager:220 - loadIPPluginJar : add touchsensing
2024-06-12 11:08:11,360 [INFO] IPUIPlugin:80 - create IPUIPlugin
2024-06-12 11:08:11,361 [INFO] PluginManager:220 - loadIPPluginJar : add tracer_emb
2024-06-12 11:08:11,391 [INFO] IPUIPlugin:80 - create IPUIPlugin
2024-06-12 11:08:11,391 [INFO] PluginManager:220 - loadIPPluginJar : add ts
2024-06-12 11:08:11,420 [INFO] IPUIPlugin:80 - create IPUIPlugin
2024-06-12 11:08:11,420 [INFO] PluginManager:220 - loadIPPluginJar : add tsc
2024-06-12 11:08:11,447 [INFO] IPUIPlugin:80 - create IPUIPlugin
2024-06-12 11:08:11,447 [INFO] PluginManager:220 - loadIPPluginJar : add ucpd
2024-06-12 11:08:11,504 [INFO] IPUIPlugin:80 - create IPUIPlugin
2024-06-12 11:08:11,505 [INFO] PluginManager:220 - loadIPPluginJar : add usart
2024-06-12 11:08:11,572 [INFO] IPUIPlugin:80 - create IPUIPlugin
2024-06-12 11:08:11,573 [INFO] PluginManager:220 - loadIPPluginJar : add usbx
2024-06-12 11:08:11,757 [INFO] CADModel:165 - CPN selected for project level
2024-06-12 11:08:11,757 [INFO] CADModel:114 - Register for checkConnection events
2024-06-12 11:08:11,758 [FATAL] Updater:308 - Updater called before beeing initialized
2024-06-12 11:08:11,758 [ERROR] CADModel:125 - Updater not yet initialized, retry later 
2024-06-12 11:08:11,994 [INFO] CADModel:165 - CPN selected for project level
2024-06-12 11:08:11,994 [INFO] CADModel:114 - Register for checkConnection events
2024-06-12 11:08:11,994 [FATAL] Updater:308 - Updater called before beeing initialized
2024-06-12 11:08:11,994 [ERROR] CADModel:125 - Updater not yet initialized, retry later 
2024-06-12 11:08:11,999 [FATAL] Updater:308 - Updater called before beeing initialized
2024-06-12 11:08:12,143 [FATAL] Updater:308 - Updater called before beeing initialized
2024-06-12 11:08:12,158 [INFO] DbMcusAds:53 - JSON generation date=Thu May 16 16:22:00 ICT 2024 (1715851320852)
2024-06-12 11:08:12,159 [FATAL] Updater:308 - Updater called before beeing initialized
2024-06-12 11:08:12,214 [WARN] DetailPanel:346 - Failed to get advertising image, set to default
2024-06-12 11:08:12,402 [FATAL] Updater:308 - Updater called before beeing initialized
2024-06-12 11:08:12,405 [FATAL] Updater:308 - Updater called before beeing initialized
2024-06-12 11:08:12,406 [FATAL] Updater:308 - Updater called before beeing initialized
2024-06-12 11:08:12,406 [WARN] DetailPanel:346 - Failed to get advertising image, set to default
2024-06-12 11:08:12,407 [FATAL] Updater:308 - Updater called before beeing initialized
2024-06-12 11:08:12,528 [ERROR] Updater:1120 - MainUpdater not yet initialized. External WinMGr cannot be set.
2024-06-12 11:08:12,542 [INFO] Updater:1056 - Updater Version found : 6.11.1
2024-06-12 11:08:12,561 [INFO] ApplicationProperties:184 - Using Application install path: C:\ST\STM32CubeIDE_1.13.2\STM32CubeIDE\plugins\com.st.stm32cube.common.mx_6.11.1.202404110753
2024-06-12 11:08:13,434 [INFO] ThirdPartyUpdaterWithRetryManager:70 - Updater plugin not ready yet. [3/15]
2024-06-12 11:08:14,147 [ERROR] LogOutputStream:75 - [STDERR_REDIRECT] Jun 12, 2024 11:08:14 AM java.util.prefs.WindowsPreferences <init>
2024-06-12 11:08:14,148 [ERROR] LogOutputStream:75 - [STDERR_REDIRECT] WARNING: Could not open/create prefs root node Software\JavaSoft\Prefs at root 0xffffffff80000002. Windows RegCreateKeyEx(...) returned error code 5.
2024-06-12 11:08:14,148 [ERROR] LogOutputStream:75 - [STDERR_REDIRECT] 
2024-06-12 11:08:14,797 [INFO] MainUpdater:2873 - connection check result : 10
2024-06-12 11:08:14,798 [INFO] MainUpdater:3567 - Updater definition file requires update
2024-06-12 11:08:14,799 [INFO] MainUpdater:290 - Updater Check For Update Now.
2024-06-12 11:08:14,799 [INFO] MicroXplorer:498 - Change Database Version : DB.6.0.111
2024-06-12 11:08:14,833 [INFO] McuFinderGlobals:63 - Set McuFinder mode to 2 (CubeIDE integrated)
2024-06-12 11:08:14,845 [INFO] UserAuth:415 - Internet connection configuration mode: 1
2024-06-12 11:08:14,873 [INFO] JxBrowserEngine:152 - Initiate JxBrowser Engine with user profile folder
2024-06-12 11:08:16,435 [WARN] MainUpdater:1194 - Updater busy. Cannot search thirdparties
2024-06-12 11:08:16,435 [INFO] ThirdPartyUpdaterWithRetryManager:96 - Updater plugin is busy. [1/15]
2024-06-12 11:08:17,299 [INFO] ServerAccessManage:473 - Download File updaters.zip
2024-06-12 11:08:17,523 [INFO] FileExtend:240 - Unzip File : updaters.zip
2024-06-12 11:08:17,523 [INFO] FileExtend:255 - Standard Zip Deflate
2024-06-12 11:08:19,443 [WARN] MainUpdater:1194 - Updater busy. Cannot search thirdparties
2024-06-12 11:08:19,443 [INFO] ThirdPartyUpdaterWithRetryManager:96 - Updater plugin is busy. [2/15]
2024-06-12 11:08:19,752 [INFO] ServerAccessManage:473 - Download File PacksControlFlags.xml
2024-06-12 11:08:20,963 [INFO] ServerAccessManage:473 - Download File cubemx.pidx
2024-06-12 11:08:21,141 [INFO] LoadServerUpdatesThread:375 - End of LoadServerUpdate Thread
2024-06-12 11:08:21,427 [INFO] CheckServerUpdateThread:120 - End of CheckServer Thread
2024-06-12 11:08:22,795 [WARN] PackLoader:240 - Cannot read IP mode file for STMicroelectronics.FP-SNS-MOTENVWB1.1.4.0
2024-06-12 11:08:22,828 [WARN] PackLoader:240 - Cannot read IP mode file for STMicroelectronics.X-CUBE-SMBUS.2.1.0
2024-06-12 11:08:22,859 [WARN] PackLoader:240 - Cannot read IP mode file for STMicroelectronics.X-CUBE-TOUCHGFX.4.23.0
2024-06-12 11:08:22,881 [WARN] PackLoader:240 - Cannot read IP mode file for STMicroelectronics.X-CUBE-TOUCHGFX.4.23.2
2024-06-12 11:08:22,953 [WARN] PackLoader:240 - Cannot read IP mode file for STMicroelectronics.X-CUBE-AZRTOS-F7.1.1.0
2024-06-12 11:08:23,035 [WARN] PackLoader:240 - Cannot read IP mode file for STMicroelectronics.FP-SNS-MOTENV1.4.3.2
2024-06-12 11:08:23,092 [WARN] PackLoader:240 - Cannot read IP mode file for STMicroelectronics.FP-SNS-FLIGHT1.5.0.2
2024-06-12 11:08:23,142 [WARN] PackLoader:240 - Cannot read IP mode file for STMicroelectronics.X-CUBE-DISPLAY.3.0.0
2024-06-12 11:08:23,240 [WARN] PackLoader:240 - Cannot read IP mode file for STMicroelectronics.X-CUBE-BLE1.7.0.0
2024-06-12 11:08:23,291 [WARN] PackLoader:240 - Cannot read IP mode file for emotas.I-CUBE-CANOPEN.1.3.0
2024-06-12 11:08:23,327 [WARN] PackLoader:240 - Cannot read IP mode file for STMicroelectronics.X-CUBE-TOUCHGFX.4.22.1
2024-06-12 11:08:23,372 [WARN] PackLoader:240 - Cannot read IP mode file for STMicroelectronics.X-CUBE-BLEMGR.3.1.0
2024-06-12 11:08:23,419 [WARN] PackLoader:240 - Cannot read IP mode file for STMicroelectronics.FP-SNS-SMARTAG2.1.2.0
2024-06-12 11:08:23,475 [INFO] LogOutputStream:77 - [STDOUT_REDIRECT] 1 : Invalid condition id : UX_CORESTACK_Condition cause : null
2024-06-12 11:08:23,476 [INFO] LogOutputStream:77 - [STDOUT_REDIRECT] 1 : Invalid condition id : UX_CORESTACK_Condition cause : null
2024-06-12 11:08:23,480 [INFO] LogOutputStream:77 - [STDOUT_REDIRECT] 1 : Invalid condition id : UX_CORESTACK_Condition cause : null
2024-06-12 11:08:23,481 [INFO] LogOutputStream:77 - [STDOUT_REDIRECT] 1 : Invalid condition id : UX_CORESTACK_Condition cause : null
2024-06-12 11:08:23,483 [INFO] LogOutputStream:77 - [STDOUT_REDIRECT] 1 : Invalid condition id : UX_CORESTACK_Condition cause : null
2024-06-12 11:08:23,490 [WARN] PackLoader:240 - Cannot read IP mode file for STMicroelectronics.X-CUBE-AZRTOS-WL.2.0.0
2024-06-12 11:08:23,524 [WARN] PackLoader:240 - Cannot read IP mode file for STMicroelectronics.FP-SNS-MOTENV1.5.0.0
2024-06-12 11:08:23,562 [WARN] PackLoader:240 - Cannot read IP mode file for WES.I-CUBE-Cesium.1.3.0
2024-06-12 11:08:23,588 [WARN] PackLoader:240 - Cannot read IP mode file for STMicroelectronics.X-CUBE-BLE2.3.3.0
2024-06-12 11:08:23,628 [WARN] PackLoader:240 - Cannot read IP mode file for STMicroelectronics.X-CUBE-TCPP.4.1.0
2024-06-12 11:08:23,658 [WARN] PackLoader:240 - Cannot read IP mode file for STMicroelectronics.X-CUBE-ALGOBUILD.1.3.0
2024-06-12 11:08:23,753 [WARN] PackLoader:240 - Cannot read IP mode file for STMicroelectronics.X-CUBE-AZRTOS-G0.1.1.0
2024-06-12 11:08:23,865 [WARN] PackLoader:240 - Cannot read IP mode file for STMicroelectronics.X-CUBE-SAFEA1.1.2.2
2024-06-12 11:08:24,033 [WARN] PackLoader:240 - Cannot read IP mode file for STMicroelectronics.X-CUBE-NFC4.3.0.0
2024-06-12 11:08:24,072 [WARN] PackLoader:240 - Cannot read IP mode file for wolfSSL.I-CUBE-wolfMQTT.1.18.0
2024-06-12 11:08:24,132 [WARN] PackLoader:240 - Cannot read IP mode file for STMicroelectronics.X-CUBE-BLEMGR.3.0.0
2024-06-12 11:08:24,185 [WARN] PackLoader:240 - Cannot read IP mode file for STMicroelectronics.FP-ATR-SIGFOX1.3.2.0
2024-06-12 11:08:24,244 [WARN] PackLoader:240 - Cannot read IP mode file for STMicroelectronics.X-CUBE-EEPRMA1.5.1.0
2024-06-12 11:08:24,343 [WARN] PackLoader:240 - Cannot read IP mode file for SEGGER.I-CUBE-embOS.1.3.1
2024-06-12 11:08:24,535 [WARN] PackLoader:240 - Cannot read IP mode file for STMicroelectronics.X-CUBE-ALGOBUILD.1.4.0
2024-06-12 11:08:24,568 [WARN] PackLoader:240 - Cannot read IP mode file for STMicroelectronics.X-CUBE-GNSS1.6.0.0
2024-06-12 11:08:24,675 [WARN] PackLoader:240 - Cannot read IP mode file for STMicroelectronics.X-CUBE-AZRTOS-F4.1.1.0
2024-06-12 11:08:24,853 [WARN] PackLoader:240 - Cannot read IP mode file for wolfSSL.I-CUBE-wolfSSL.5.6.3
2024-06-12 11:08:25,041 [WARN] PackLoader:240 - Cannot read IP mode file for STMicroelectronics.X-CUBE-FREERTOS.1.2.0
2024-06-12 11:08:25,141 [WARN] PackLoader:240 - Cannot read IP mode file for STMicroelectronics.X-CUBE-AZRTOS-L5.2.0.0
2024-06-12 11:08:25,177 [WARN] PackLoader:240 - Cannot read IP mode file for STMicroelectronics.X-CUBE-EEPRMA1.4.2.0
2024-06-12 11:08:25,223 [WARN] PackLoader:240 - Cannot read IP mode file for STMicroelectronics.X-CUBE-NFC6.3.1.0
2024-06-12 11:08:25,292 [WARN] PackLoader:240 - Cannot read IP mode file for ITTIA_DB.I-CUBE-ITTIADB.8.8.0
2024-06-12 11:08:25,616 [INFO] WebApp:161 - Instantiating new browser for Auth
2024-06-12 11:08:25,634 [WARN] PackLoader:240 - Cannot read IP mode file for STMicroelectronics.X-CUBE-BLEMGR.2.0.0
2024-06-12 11:08:25,738 [WARN] PackLoader:240 - Cannot read IP mode file for STMicroelectronics.X-CUBE-AI.9.0.0
2024-06-12 11:08:25,840 [WARN] ConditionMgr:438 - getConditionDescription Invalid condition id : UX DEVICE CLASS RTOS Condition cause : null
2024-06-12 11:08:25,842 [WARN] ConditionMgr:438 - getConditionDescription Invalid condition id : UX DEVICE CLASS RTOS Condition cause : null
2024-06-12 11:08:25,850 [WARN] PackLoader:240 - Cannot read IP mode file for STMicroelectronics.X-CUBE-AZRTOS-H7.3.1.0
2024-06-12 11:08:25,867 [WARN] ConditionMgr:1039 - genDependencies : Invalid condition id : UX DEVICE CLASS RTOS Condition cause : null
2024-06-12 11:08:25,870 [WARN] ConditionMgr:1039 - genDependencies : Invalid condition id : UX DEVICE CLASS RTOS Condition cause : null
2024-06-12 11:08:25,870 [WARN] ConditionMgr:1039 - genDependencies : Invalid condition id : UX DEVICE CLASS RTOS Condition cause : null
2024-06-12 11:08:25,871 [WARN] ConditionMgr:1039 - genDependencies : Invalid condition id : UX DEVICE CLASS RTOS Condition cause : null
2024-06-12 11:08:25,872 [WARN] ConditionMgr:1039 - genDependencies : Invalid condition id : UX DEVICE CLASS RTOS Condition cause : null
2024-06-12 11:08:25,974 [WARN] PackLoader:240 - Cannot read IP mode file for STMicroelectronics.X-CUBE-NFC7.1.0.1
2024-06-12 11:08:26,023 [WARN] PackLoader:240 - Cannot read IP mode file for STMicroelectronics.X-CUBE-NFC6.3.0.0
2024-06-12 11:08:26,073 [WARN] PackLoader:240 - Cannot read IP mode file for STMicroelectronics.X-CUBE-EEPRMA1.4.1.0
2024-06-12 11:08:26,327 [WARN] PackLoader:240 - Cannot read IP mode file for STMicroelectronics.X-CUBE-AI.8.1.0
2024-06-12 11:08:26,571 [WARN] ConditionMgr:438 - getConditionDescription Invalid condition id : LAN8742 Phy interface Condition cause : null
2024-06-12 11:08:26,572 [WARN] PackLoader:240 - Cannot read IP mode file for STMicroelectronics.X-CUBE-AZRTOS-L4.2.0.0
2024-06-12 11:08:26,584 [WARN] ConditionMgr:1039 - genDependencies : Invalid condition id : LAN8742 Phy interface Condition cause : null
2024-06-12 11:08:26,584 [WARN] ConditionMgr:1039 - genDependencies : Invalid condition id : LAN8742 Phy interface Condition cause : null
2024-06-12 11:08:26,587 [WARN] ConditionMgr:1039 - genDependencies : Invalid condition id : LAN8742 Phy interface Condition cause : null
2024-06-12 11:08:27,600 [WARN] PackLoader:240 - Cannot read IP mode file for STMicroelectronics.X-CUBE-SFXS2LP1.4.0.0
2024-06-12 11:08:27,640 [WARN] PackLoader:240 - Cannot read IP mode file for STMicroelectronics.X-CUBE-ISPU.1.1.0
2024-06-12 11:08:27,705 [WARN] ConditionMgr:438 - getConditionDescription Invalid condition id : UX DEVICE CLASS RTOS Condition cause : null
2024-06-12 11:08:27,705 [WARN] ConditionMgr:438 - getConditionDescription Invalid condition id : UX DEVICE CLASS RTOS Condition cause : null
2024-06-12 11:08:27,715 [WARN] PackLoader:240 - Cannot read IP mode file for STMicroelectronics.X-CUBE-AZRTOS-WB.2.0.0
2024-06-12 11:08:27,715 [WARN] ConditionMgr:1039 - genDependencies : Invalid condition id : UX DEVICE CLASS RTOS Condition cause : null
2024-06-12 11:08:27,715 [WARN] ConditionMgr:1039 - genDependencies : Invalid condition id : UX DEVICE CLASS RTOS Condition cause : null
2024-06-12 11:08:27,715 [WARN] ConditionMgr:1039 - genDependencies : Invalid condition id : UX DEVICE CLASS RTOS Condition cause : null
2024-06-12 11:08:27,720 [WARN] ConditionMgr:1039 - genDependencies : Invalid condition id : UX DEVICE CLASS RTOS Condition cause : null
2024-06-12 11:08:27,720 [WARN] ConditionMgr:1039 - genDependencies : Invalid condition id : UX DEVICE CLASS RTOS Condition cause : null
2024-06-12 11:08:27,800 [WARN] PackLoader:240 - Cannot read IP mode file for STMicroelectronics.X-CUBE-SUBG2.5.0.0
2024-06-12 11:08:27,850 [WARN] PackLoader:240 - Cannot read IP mode file for STMicroelectronics.X-CUBE-TOF1.3.3.1
2024-06-12 11:08:27,955 [WARN] PackLoader:240 - Cannot read IP mode file for STMicroelectronics.X-CUBE-AZRTOS-G4.2.0.0
2024-06-12 11:08:28,446 [WARN] PackLoader:240 - Cannot read IP mode file for Infineon.AIROC-Wi-Fi-Bluetooth-STM32.1.5.1
2024-06-12 11:08:28,517 [WARN] PackLoader:240 - Cannot read IP mode file for STMicroelectronics.FP-SNS-MOTENVWB1.1.3.0
2024-06-12 11:08:28,560 [WARN] PackLoader:240 - Cannot read IP mode file for STMicroelectronics.FP-SNS-MOTENVWB1.1.3.1
2024-06-12 11:08:28,590 [WARN] PackLoader:240 - Cannot read IP mode file for STMicroelectronics.X-CUBE-ISPU.2.0.0
2024-06-12 11:08:28,620 [WARN] PackLoader:240 - Cannot read IP mode file for STMicroelectronics.X-CUBE-ALS.1.0.2
2024-06-12 11:08:28,822 [WARN] PackLoader:240 - Cannot read IP mode file for STMicroelectronics.X-CUBE-MEMS1.10.0.0
2024-06-12 11:08:29,285 [INFO] WebApp:779 - Register for checkConnection events
2024-06-12 11:08:29,290 [INFO] WebApp:414 - Apply proxy settings
2024-06-12 11:08:29,290 [INFO] WebApp:499 - Chromium requires no authentication
2024-06-12 11:08:29,325 [INFO] WebApp:442 - Direct internet connection detected
2024-06-12 11:08:29,470 [WARN] PackLoader:240 - Cannot read IP mode file for STMicroelectronics.X-CUBE-FREERTOS.1.1.0
2024-06-12 11:08:29,510 [WARN] PackLoader:240 - Cannot read IP mode file for portGmbH.I-Cube-SoM-uGOAL.1.1.0
2024-06-12 11:08:29,545 [WARN] PackLoader:240 - Cannot read IP mode file for STMicroelectronics.X-CUBE-ALS.1.0.1
2024-06-12 11:08:29,610 [WARN] PackLoader:240 - Cannot read IP mode file for STMicroelectronics.X-CUBE-AZRTOS-H7RS.1.0.0
2024-06-12 11:08:29,630 [WARN] PackLoader:240 - Cannot read IP mode file for STMicroelectronics.FP-ATR-ASTRA1.2.0.0
2024-06-12 11:08:29,671 [WARN] PackLoader:240 - Cannot read IP mode file for STMicroelectronics.X-CUBE-TOF1.3.4.0
2024-06-12 11:08:29,740 [WARN] PackLoader:240 - Cannot read IP mode file for STMicroelectronics.X-CUBE-TOF1.3.4.1
2024-06-12 11:08:29,836 [WARN] PackLoader:240 - Cannot read IP mode file for STMicroelectronics.X-CUBE-AZRTOS-H7.3.2.0
2024-06-12 11:08:29,840 [INFO] ThirdParty:978 - Integrity check success = true
2024-06-12 11:08:29,840 [INFO] IntegrityCheckThread:100 - exiting critical section [integrity check]
2024-06-12 11:08:29,840 [INFO] IntegrityCheckThread:103 - End integrity checks thread
2024-06-12 11:08:29,950 [INFO] WebApp:192 - Starting web application
2024-06-12 11:08:29,950 [INFO] WebApp:544 - Web application path used C:\ST\STM32CubeIDE_1.13.2\STM32CubeIDE\plugins\com.st.stm32cube.common.mx_6.11.1.202404110753\db\plugins\mcufinder\reactClient1\index.html
2024-06-12 12:02:27,368 [INFO] WebApp:354 - JxBrowser engine has been closed 
2024-06-12 16:07:16,952 [INFO] Activator:176 - 


2024-06-12 16:07:16,955 [INFO] Activator:177 - !SESSION log4j initialized
2024-06-12 16:07:24,487 [INFO] LogOutputStream:77 - [STDOUT_REDIRECT] 
2024-06-12 16:07:26,542 [INFO] ApplicationProperties:184 - Using Application install path: C:\ST\STM32CubeIDE_1.13.2\STM32CubeIDE\plugins\com.st.stm32cube.common.mx_6.11.1.202404110753
2024-06-12 16:07:26,570 [INFO] DbMcusXml:78 - Set database path to: C:\ST\STM32CubeIDE_1.13.2\STM32CubeIDE\plugins\com.st.stm32cube.common.mx_6.11.1.202404110753\\db\/mcu/
2024-06-12 16:07:26,571 [INFO] ApiDb:274 - Set plugin database path to: C:\ST\STM32CubeIDE_1.13.2\STM32CubeIDE\plugins\com.st.stm32cube.common.mx_6.11.1.202404110753\\db\/plugins/boardmanager/
2024-06-12 16:07:26,571 [WARN] ApiDb:259 - Overriding images path with different value:  => C:\ST\STM32CubeIDE_1.13.2\STM32CubeIDE\plugins\com.st.stm32cube.common.mx_6.11.1.202404110753\\db\/plugins/mcufinder/images/
2024-06-12 16:07:26,586 [INFO] ApiDb:250 - Set database path to: C:\Users\ppreawsr\.stmcufinder\plugins\mcufinder//mcu/
2024-06-12 16:07:26,588 [INFO] DbMcusAds:125 - Set database path to: C:\Users\ppreawsr\.stmcufinder\plugins\mcufinder//mcu/
2024-06-12 16:07:26,591 [INFO] CrossReferenceDbSqlite:203 - Set database path to: C:\Users\ppreawsr\.stmcufinder\plugins\mcufinder//mcu/cs/
2024-06-12 16:07:26,776 [INFO] RulesReader:64 - Compatibility file has been processed (297 Rules)
2024-06-12 16:07:26,921 [INFO] DbMcusXml:78 - Set database path to: C:\ST\STM32CubeIDE_1.13.2\STM32CubeIDE\plugins\com.st.stm32cube.common.mx_6.11.1.202404110753\\db\/mcu/
2024-06-12 16:07:26,922 [INFO] ApiDb:274 - Set plugin database path to: C:\ST\STM32CubeIDE_1.13.2\STM32CubeIDE\plugins\com.st.stm32cube.common.mx_6.11.1.202404110753\\db\/plugins/boardmanager/
2024-06-12 16:07:26,922 [INFO] ApiDb:261 - Set plugin images path to: C:\ST\STM32CubeIDE_1.13.2\STM32CubeIDE\plugins\com.st.stm32cube.common.mx_6.11.1.202404110753\\db\/plugins/mcufinder/images/
2024-06-12 16:07:26,922 [WARN] DbFile:41 - Overriding database path with different value: C:\Users\ppreawsr\.stmcufinder\plugins\mcufinder/ => C:\Users\ppreawsr\.stmcufinder\plugins\mcufinder
2024-06-12 16:07:26,922 [INFO] ApiDb:250 - Set database path to: C:\Users\ppreawsr\.stmcufinder\plugins\mcufinder//mcu/
2024-06-12 16:07:26,922 [WARN] DbFile:41 - Overriding database path with different value: C:\Users\ppreawsr\.stmcufinder\plugins\mcufinder/ => C:\Users\ppreawsr\.stmcufinder\plugins\mcufinder
2024-06-12 16:07:26,922 [INFO] DbMcusAds:125 - Set database path to: C:\Users\ppreawsr\.stmcufinder\plugins\mcufinder//mcu/
2024-06-12 16:07:26,923 [WARN] DbFile:41 - Overriding database path with different value: C:\Users\ppreawsr\.stmcufinder\plugins\mcufinder/ => C:\Users\ppreawsr\.stmcufinder\plugins\mcufinder
2024-06-12 16:07:26,923 [WARN] DbFile:41 - Overriding database path with different value: C:\Users\ppreawsr\.stmcufinder\plugins\mcufinder/ => C:\Users\ppreawsr\.stmcufinder\plugins\mcufinder
2024-06-12 16:07:26,923 [INFO] CrossReferenceDbSqlite:203 - Set database path to: C:\Users\ppreawsr\.stmcufinder\plugins\mcufinder//mcu/cs/
2024-06-12 16:07:27,056 [INFO] MainPanel:264 - HeapMemory: 268435456
2024-06-12 16:07:27,166 [INFO] DbMcusXml:78 - Set database path to: C:\ST\STM32CubeIDE_1.13.2\STM32CubeIDE\plugins\com.st.stm32cube.common.mx_6.11.1.202404110753\\db\/mcu/
2024-06-12 16:07:27,166 [INFO] ApiDb:274 - Set plugin database path to: C:\ST\STM32CubeIDE_1.13.2\STM32CubeIDE\plugins\com.st.stm32cube.common.mx_6.11.1.202404110753\\db\/plugins/boardmanager/
2024-06-12 16:07:27,166 [INFO] ApiDb:261 - Set plugin images path to: C:\ST\STM32CubeIDE_1.13.2\STM32CubeIDE\plugins\com.st.stm32cube.common.mx_6.11.1.202404110753\\db\/plugins/mcufinder/images/
2024-06-12 16:07:27,166 [WARN] DbFile:41 - Overriding database path with different value: C:\Users\ppreawsr\.stmcufinder\plugins\mcufinder/ => C:\Users\ppreawsr\.stmcufinder\plugins\mcufinder
2024-06-12 16:07:27,166 [INFO] ApiDb:250 - Set database path to: C:\Users\ppreawsr\.stmcufinder\plugins\mcufinder//mcu/
2024-06-12 16:07:27,167 [WARN] DbFile:41 - Overriding database path with different value: C:\Users\ppreawsr\.stmcufinder\plugins\mcufinder/ => C:\Users\ppreawsr\.stmcufinder\plugins\mcufinder
2024-06-12 16:07:27,167 [INFO] DbMcusAds:125 - Set database path to: C:\Users\ppreawsr\.stmcufinder\plugins\mcufinder//mcu/
2024-06-12 16:07:27,167 [WARN] DbFile:41 - Overriding database path with different value: C:\Users\ppreawsr\.stmcufinder\plugins\mcufinder/ => C:\Users\ppreawsr\.stmcufinder\plugins\mcufinder
2024-06-12 16:07:27,167 [WARN] DbFile:41 - Overriding database path with different value: C:\Users\ppreawsr\.stmcufinder\plugins\mcufinder/ => C:\Users\ppreawsr\.stmcufinder\plugins\mcufinder
2024-06-12 16:07:27,167 [INFO] CrossReferenceDbSqlite:203 - Set database path to: C:\Users\ppreawsr\.stmcufinder\plugins\mcufinder//mcu/cs/
2024-06-12 16:07:27,189 [INFO] ApplicationProperties:184 - Using Application install path: C:\ST\STM32CubeIDE_1.13.2\STM32CubeIDE\plugins\com.st.stm32cube.common.mx_6.11.1.202404110753
2024-06-12 16:07:27,191 [INFO] PluginManage:196 - Search for loadable plugins [exclusion list=, ]
2024-06-12 16:07:27,192 [INFO] PluginManage:310 - Check plugin analytics
2024-06-12 16:07:27,463 [INFO] AnalyticsPlugin:253 - Accepted Software Licenses: 
2024-06-12 16:07:27,465 [INFO] AnalyticsPlugin:255 - Accepted CMSIS Pack Licenses: ARM.CMSIS-DSP.1.15.0,ARM.CMSIS.6.0.0,ITTIA_DB.I-CUBE-ITTIADB.8.8.0
2024-06-12 16:07:27,466 [INFO] AnalyticsPlugin:257 - Accepted Firmware Licenses: FW.G4.1.5.0
2024-06-12 16:07:27,470 [INFO] PluginManage:359 - Loaded plugin analytics (category:tool,tabindex:-1)
2024-06-12 16:07:27,471 [INFO] PluginManage:310 - Check plugin cadmodel
2024-06-12 16:07:27,479 [INFO] CADModel:105 - Init CAD model plugin
2024-06-12 16:07:27,479 [INFO] PluginManage:359 - Loaded plugin cadmodel (category:power,tabindex:5)
2024-06-12 16:07:27,480 [INFO] PluginManage:310 - Check plugin clock
2024-06-12 16:07:27,499 [INFO] PluginManage:359 - Loaded plugin clock (category:base,tabindex:2)
2024-06-12 16:07:27,499 [INFO] PluginManage:310 - Check plugin ddr
2024-06-12 16:07:27,503 [INFO] PluginManage:359 - Loaded plugin ddr (category:tool,tabindex:6)
2024-06-12 16:07:27,503 [INFO] PluginManage:310 - Check plugin filemanager
2024-06-12 16:07:27,725 [INFO] PluginManage:359 - Loaded plugin filemanager (category:base,tabindex:10)
2024-06-12 16:07:27,725 [INFO] PluginManage:310 - Check plugin ipmanager
2024-06-12 16:07:27,734 [INFO] PluginManage:359 - Loaded plugin ipmanager (category:base,tabindex:5)
2024-06-12 16:07:27,735 [INFO] PluginManage:310 - Check plugin lpbam
2024-06-12 16:07:27,747 [INFO] PluginManage:359 - Loaded plugin lpbam (category:base,tabindex:0)
2024-06-12 16:07:27,747 [INFO] PluginManage:310 - Check plugin memorymap
2024-06-12 16:07:27,765 [INFO] PluginManage:359 - Loaded plugin memorymap (category:base,tabindex:4)
2024-06-12 16:07:27,765 [INFO] PluginManage:310 - Check plugin pinoutandconfiguration
2024-06-12 16:07:27,782 [INFO] PluginManage:359 - Loaded plugin pinoutandconfiguration (category:base,tabindex:1)
2024-06-12 16:07:27,783 [INFO] PluginManage:310 - Check plugin pinoutconfig
2024-06-12 16:07:27,946 [WARN] SupportedApi:132 - Cannot load RTOS API schema: s4s-elt-must-match.1: The content of 'definitions' must match (annotation?, (simpleType | complexType)?, (unique | key | keyref)*)). A problem was found starting at: attribute.
2024-06-12 16:07:28,132 [INFO] PluginManage:359 - Loaded plugin pinoutconfig (category:base,tabindex:0)
2024-06-12 16:07:28,132 [INFO] PluginManage:310 - Check plugin power
2024-06-12 16:07:28,147 [INFO] PluginManage:359 - Loaded plugin power (category:power,tabindex:4)
2024-06-12 16:07:28,148 [INFO] PluginManage:310 - Check plugin projectmanager
2024-06-12 16:07:28,176 [INFO] PluginManage:359 - Loaded plugin projectmanager (category:projectmanager,tabindex:3)
2024-06-12 16:07:28,176 [INFO] PluginManage:310 - Check plugin thirdparty
2024-06-12 16:07:28,372 [WARN] IntegrityCheckThread:84 - waiting for thirdparty lock release [integrity check]
2024-06-12 16:07:28,372 [INFO] IntegrityCheckThread:86 - entering critical section [integrity check]
2024-06-12 16:07:28,373 [INFO] ThirdPartyUpdaterWithRetryManager:70 - Updater plugin not ready yet. [1/15]
2024-06-12 16:07:28,373 [INFO] PluginManage:359 - Loaded plugin thirdparty (category:base,tabindex:-1)
2024-06-12 16:07:28,373 [INFO] PluginManage:310 - Check plugin tools
2024-06-12 16:07:28,380 [INFO] PluginManage:359 - Loaded plugin tools (category:base,tabindex:7)
2024-06-12 16:07:28,380 [INFO] PluginManage:310 - Check plugin tutovideos
2024-06-12 16:07:28,621 [INFO] PluginManage:359 - Loaded plugin tutovideos (category:base,tabindex:-1)
2024-06-12 16:07:28,622 [INFO] PluginManage:310 - Check plugin updater
2024-06-12 16:07:28,638 [INFO] PluginManage:359 - Loaded plugin updater (category:base,tabindex:12)
2024-06-12 16:07:28,638 [INFO] PluginManage:310 - Check plugin userauth
2024-06-12 16:07:28,646 [INFO] UserAuth:114 - Init User Auth plugin
2024-06-12 16:07:28,646 [INFO] PluginManage:359 - Loaded plugin userauth (category:base,tabindex:14)
2024-06-12 16:07:28,647 [INFO] PluginManage:283 - PluginManage : Loaded plugins [17]
2024-06-12 16:07:28,911 [INFO] PinOutPanel:1561 - setPackage(No Configuration,No Configuration)
2024-06-12 16:07:29,042 [INFO] CADModel:165 - CPN selected for project level
2024-06-12 16:07:29,043 [INFO] CADModel:114 - Register for checkConnection events
2024-06-12 16:07:29,062 [INFO] IPUIPlugin:80 - create IPUIPlugin
2024-06-12 16:07:29,062 [INFO] PluginManager:220 - loadIPPluginJar : add adc
2024-06-12 16:07:29,065 [INFO] IPUIPlugin:80 - create IPUIPlugin
2024-06-12 16:07:29,066 [INFO] PluginManager:220 - loadIPPluginJar : add aes
2024-06-12 16:07:29,069 [INFO] IPUIPlugin:80 - create IPUIPlugin
2024-06-12 16:07:29,069 [INFO] PluginManager:220 - loadIPPluginJar : add can
2024-06-12 16:07:29,071 [INFO] IPUIPlugin:80 - create IPUIPlugin
2024-06-12 16:07:29,071 [INFO] PluginManager:220 - loadIPPluginJar : add comp
2024-06-12 16:07:29,074 [INFO] IPUIPlugin:80 - create IPUIPlugin
2024-06-12 16:07:29,075 [INFO] PluginManager:220 - loadIPPluginJar : add cryp
2024-06-12 16:07:29,078 [INFO] IPUIPlugin:80 - create IPUIPlugin
2024-06-12 16:07:29,078 [INFO] PluginManager:220 - loadIPPluginJar : add dfsdm
2024-06-12 16:07:29,084 [INFO] IPUIPlugin:80 - create IPUIPlugin
2024-06-12 16:07:29,085 [INFO] PluginManager:220 - loadIPPluginJar : add dma
2024-06-12 16:07:29,088 [INFO] IPUIPlugin:80 - create IPUIPlugin
2024-06-12 16:07:29,089 [INFO] PluginManager:220 - loadIPPluginJar : add dma3
2024-06-12 16:07:29,093 [INFO] IPUIPlugin:80 - create IPUIPlugin
2024-06-12 16:07:29,093 [INFO] PluginManager:220 - loadIPPluginJar : add extmemmanager
2024-06-12 16:07:29,095 [INFO] IPUIPlugin:80 - create IPUIPlugin
2024-06-12 16:07:29,095 [INFO] PluginManager:220 - loadIPPluginJar : add fatfs
2024-06-12 16:07:29,101 [INFO] IPUIPlugin:80 - create IPUIPlugin
2024-06-12 16:07:29,101 [INFO] PluginManager:220 - loadIPPluginJar : add fmc
2024-06-12 16:07:29,109 [INFO] IPUIPlugin:80 - create IPUIPlugin
2024-06-12 16:07:29,109 [INFO] PluginManager:220 - loadIPPluginJar : add freertos
2024-06-12 16:07:29,112 [INFO] IPUIPlugin:80 - create IPUIPlugin
2024-06-12 16:07:29,112 [INFO] PluginManager:220 - loadIPPluginJar : add genericplugin
2024-06-12 16:07:29,114 [INFO] IPUIPlugin:80 - create IPUIPlugin
2024-06-12 16:07:29,114 [INFO] PluginManager:220 - loadIPPluginJar : add gfxmmu
2024-06-12 16:07:29,121 [INFO] IPUIPlugin:80 - create IPUIPlugin
2024-06-12 16:07:29,121 [INFO] PluginManager:220 - loadIPPluginJar : add gic
2024-06-12 16:07:29,127 [INFO] IPUIPlugin:80 - create IPUIPlugin
2024-06-12 16:07:29,127 [INFO] PluginManager:220 - loadIPPluginJar : add gpio
2024-06-12 16:07:29,131 [INFO] IPUIPlugin:80 - create IPUIPlugin
2024-06-12 16:07:29,131 [INFO] PluginManager:220 - loadIPPluginJar : add gtzc
2024-06-12 16:07:29,133 [INFO] IPUIPlugin:80 - create IPUIPlugin
2024-06-12 16:07:29,133 [INFO] PluginManager:220 - loadIPPluginJar : add hash
2024-06-12 16:07:29,137 [INFO] IPUIPlugin:80 - create IPUIPlugin
2024-06-12 16:07:29,137 [INFO] PluginManager:220 - loadIPPluginJar : add i2c
2024-06-12 16:07:29,141 [INFO] IPUIPlugin:80 - create IPUIPlugin
2024-06-12 16:07:29,141 [INFO] PluginManager:220 - loadIPPluginJar : add i2s
2024-06-12 16:07:29,145 [INFO] IPUIPlugin:80 - create IPUIPlugin
2024-06-12 16:07:29,145 [INFO] PluginManager:220 - loadIPPluginJar : add i3c
2024-06-12 16:07:29,149 [INFO] IPUIPlugin:80 - create IPUIPlugin
2024-06-12 16:07:29,150 [INFO] PluginManager:220 - loadIPPluginJar : add ipddr
2024-06-12 16:07:29,158 [INFO] IPUIPlugin:80 - create IPUIPlugin
2024-06-12 16:07:29,158 [INFO] PluginManager:220 - loadIPPluginJar : add linkedlist
2024-06-12 16:07:29,161 [INFO] IPUIPlugin:80 - create IPUIPlugin
2024-06-12 16:07:29,161 [INFO] PluginManager:220 - loadIPPluginJar : add lorawan
2024-06-12 16:07:29,162 [INFO] IPUIPlugin:80 - create IPUIPlugin
2024-06-12 16:07:29,163 [INFO] PluginManager:220 - loadIPPluginJar : add ltdc
2024-06-12 16:07:29,169 [INFO] IPUIPlugin:80 - create IPUIPlugin
2024-06-12 16:07:29,169 [INFO] PluginManager:220 - loadIPPluginJar : add mdma
2024-06-12 16:07:29,174 [INFO] IPUIPlugin:80 - create IPUIPlugin
2024-06-12 16:07:29,175 [INFO] PluginManager:220 - loadIPPluginJar : add nvic
2024-06-12 16:07:29,179 [INFO] IPUIPlugin:80 - create IPUIPlugin
2024-06-12 16:07:29,179 [INFO] PluginManager:220 - loadIPPluginJar : add opamp
2024-06-12 16:07:29,183 [INFO] IPUIPlugin:80 - create IPUIPlugin
2024-06-12 16:07:29,183 [INFO] PluginManager:220 - loadIPPluginJar : add openamp
2024-06-12 16:07:29,186 [INFO] IPUIPlugin:80 - create IPUIPlugin
2024-06-12 16:07:29,187 [INFO] PluginManager:220 - loadIPPluginJar : add pdm2pcm
2024-06-12 16:07:29,195 [INFO] IPUIPlugin:80 - create IPUIPlugin
2024-06-12 16:07:29,198 [INFO] PluginManager:220 - loadIPPluginJar : add plateformsettings
2024-06-12 16:07:29,200 [INFO] IPUIPlugin:80 - create IPUIPlugin
2024-06-12 16:07:29,200 [INFO] PluginManager:220 - loadIPPluginJar : add quadspi
2024-06-12 16:07:29,205 [INFO] IPUIPlugin:80 - create IPUIPlugin
2024-06-12 16:07:29,205 [INFO] PluginManager:220 - loadIPPluginJar : add resmgrutility
2024-06-12 16:07:29,210 [INFO] IPUIPlugin:80 - create IPUIPlugin
2024-06-12 16:07:29,210 [INFO] PluginManager:220 - loadIPPluginJar : add sai
2024-06-12 16:07:29,213 [INFO] IPUIPlugin:80 - create IPUIPlugin
2024-06-12 16:07:29,213 [INFO] PluginManager:220 - loadIPPluginJar : add spi
2024-06-12 16:07:29,220 [INFO] IPUIPlugin:80 - create IPUIPlugin
2024-06-12 16:07:29,220 [INFO] PluginManager:220 - loadIPPluginJar : add stm32_wpan
2024-06-12 16:07:29,223 [INFO] IPUIPlugin:80 - create IPUIPlugin
2024-06-12 16:07:29,223 [INFO] PluginManager:220 - loadIPPluginJar : add tim
2024-06-12 16:07:29,228 [INFO] IPUIPlugin:80 - create IPUIPlugin
2024-06-12 16:07:29,228 [INFO] PluginManager:220 - loadIPPluginJar : add touchsensing
2024-06-12 16:07:29,231 [INFO] IPUIPlugin:80 - create IPUIPlugin
2024-06-12 16:07:29,231 [INFO] PluginManager:220 - loadIPPluginJar : add tracer_emb
2024-06-12 16:07:29,234 [INFO] IPUIPlugin:80 - create IPUIPlugin
2024-06-12 16:07:29,234 [INFO] PluginManager:220 - loadIPPluginJar : add ts
2024-06-12 16:07:29,237 [INFO] IPUIPlugin:80 - create IPUIPlugin
2024-06-12 16:07:29,237 [INFO] PluginManager:220 - loadIPPluginJar : add tsc
2024-06-12 16:07:29,239 [INFO] IPUIPlugin:80 - create IPUIPlugin
2024-06-12 16:07:29,239 [INFO] PluginManager:220 - loadIPPluginJar : add ucpd
2024-06-12 16:07:29,243 [INFO] IPUIPlugin:80 - create IPUIPlugin
2024-06-12 16:07:29,243 [INFO] PluginManager:220 - loadIPPluginJar : add usart
2024-06-12 16:07:29,247 [INFO] IPUIPlugin:80 - create IPUIPlugin
2024-06-12 16:07:29,247 [INFO] PluginManager:220 - loadIPPluginJar : add usbx
2024-06-12 16:07:29,395 [INFO] CADModel:165 - CPN selected for project level
2024-06-12 16:07:29,395 [INFO] CADModel:114 - Register for checkConnection events
2024-06-12 16:07:29,395 [FATAL] Updater:308 - Updater called before beeing initialized
2024-06-12 16:07:29,396 [ERROR] CADModel:125 - Updater not yet initialized, retry later 
2024-06-12 16:07:29,590 [INFO] CADModel:165 - CPN selected for project level
2024-06-12 16:07:29,590 [INFO] CADModel:114 - Register for checkConnection events
2024-06-12 16:07:29,590 [FATAL] Updater:308 - Updater called before beeing initialized
2024-06-12 16:07:29,590 [ERROR] CADModel:125 - Updater not yet initialized, retry later 
2024-06-12 16:07:29,595 [FATAL] Updater:308 - Updater called before beeing initialized
2024-06-12 16:07:29,749 [FATAL] Updater:308 - Updater called before beeing initialized
2024-06-12 16:07:29,755 [INFO] DbMcusAds:53 - JSON generation date=Thu May 16 16:22:00 ICT 2024 (1715851320852)
2024-06-12 16:07:29,755 [FATAL] Updater:308 - Updater called before beeing initialized
2024-06-12 16:07:29,806 [WARN] DetailPanel:346 - Failed to get advertising image, set to default
2024-06-12 16:07:29,945 [FATAL] Updater:308 - Updater called before beeing initialized
2024-06-12 16:07:29,949 [FATAL] Updater:308 - Updater called before beeing initialized
2024-06-12 16:07:29,949 [FATAL] Updater:308 - Updater called before beeing initialized
2024-06-12 16:07:29,949 [WARN] DetailPanel:346 - Failed to get advertising image, set to default
2024-06-12 16:07:29,950 [FATAL] Updater:308 - Updater called before beeing initialized
2024-06-12 16:07:30,062 [ERROR] Updater:1120 - MainUpdater not yet initialized. External WinMGr cannot be set.
2024-06-12 16:07:30,065 [INFO] Updater:1056 - Updater Version found : 6.11.1
2024-06-12 16:07:30,092 [INFO] ApplicationProperties:184 - Using Application install path: C:\ST\STM32CubeIDE_1.13.2\STM32CubeIDE\plugins\com.st.stm32cube.common.mx_6.11.1.202404110753
2024-06-12 16:07:31,376 [INFO] ThirdPartyUpdaterWithRetryManager:70 - Updater plugin not ready yet. [2/15]
2024-06-12 16:07:31,675 [ERROR] LogOutputStream:75 - [STDERR_REDIRECT] Jun 12, 2024 4:07:31 PM java.util.prefs.WindowsPreferences <init>
2024-06-12 16:07:31,677 [ERROR] LogOutputStream:75 - [STDERR_REDIRECT] WARNING: Could not open/create prefs root node Software\JavaSoft\Prefs at root 0xffffffff80000002. Windows RegCreateKeyEx(...) returned error code 5.
2024-06-12 16:07:31,677 [ERROR] LogOutputStream:75 - [STDERR_REDIRECT] 
2024-06-12 16:07:32,293 [INFO] MainUpdater:2873 - connection check result : 10
2024-06-12 16:07:32,294 [INFO] MainUpdater:290 - Updater Check For Update Now.
2024-06-12 16:07:32,294 [INFO] MicroXplorer:498 - Change Database Version : DB.6.0.111
2024-06-12 16:07:32,305 [INFO] McuFinderGlobals:63 - Set McuFinder mode to 2 (CubeIDE integrated)
2024-06-12 16:07:32,317 [INFO] UserAuth:415 - Internet connection configuration mode: 1
2024-06-12 16:07:32,351 [INFO] JxBrowserEngine:152 - Initiate JxBrowser Engine with user profile folder
2024-06-12 16:07:32,543 [INFO] CheckServerUpdateThread:120 - End of CheckServer Thread
2024-06-12 16:07:33,478 [INFO] WebApp:161 - Instantiating new browser for Auth
2024-06-12 16:07:34,275 [INFO] WebApp:779 - Register for checkConnection events
2024-06-12 16:07:34,275 [INFO] WebApp:414 - Apply proxy settings
2024-06-12 16:07:34,275 [INFO] WebApp:499 - Chromium requires no authentication
2024-06-12 16:07:34,284 [INFO] WebApp:442 - Direct internet connection detected
2024-06-12 16:07:34,581 [INFO] WebApp:192 - Starting web application
2024-06-12 16:07:34,581 [INFO] WebApp:544 - Web application path used C:\ST\STM32CubeIDE_1.13.2\STM32CubeIDE\plugins\com.st.stm32cube.common.mx_6.11.1.202404110753\db\plugins\mcufinder\reactClient1\index.html
2024-06-12 16:07:34,720 [WARN] PackLoader:240 - Cannot read IP mode file for STMicroelectronics.FP-SNS-MOTENVWB1.1.4.0
2024-06-12 16:07:34,743 [WARN] PackLoader:240 - Cannot read IP mode file for STMicroelectronics.X-CUBE-SMBUS.2.1.0
2024-06-12 16:07:34,752 [WARN] PackLoader:240 - Cannot read IP mode file for STMicroelectronics.X-CUBE-TOUCHGFX.4.23.0
2024-06-12 16:07:34,757 [WARN] PackLoader:240 - Cannot read IP mode file for STMicroelectronics.X-CUBE-TOUCHGFX.4.23.2
2024-06-12 16:07:34,824 [WARN] PackLoader:240 - Cannot read IP mode file for STMicroelectronics.X-CUBE-AZRTOS-F7.1.1.0
2024-06-12 16:07:34,844 [WARN] PackLoader:240 - Cannot read IP mode file for STMicroelectronics.FP-SNS-MOTENV1.4.3.2
2024-06-12 16:07:34,857 [WARN] PackLoader:240 - Cannot read IP mode file for STMicroelectronics.FP-SNS-FLIGHT1.5.0.2
2024-06-12 16:07:34,871 [WARN] PackLoader:240 - Cannot read IP mode file for STMicroelectronics.X-CUBE-DISPLAY.3.0.0
2024-06-12 16:07:34,891 [WARN] PackLoader:240 - Cannot read IP mode file for STMicroelectronics.X-CUBE-BLE1.7.0.0
2024-06-12 16:07:34,907 [WARN] PackLoader:240 - Cannot read IP mode file for emotas.I-CUBE-CANOPEN.1.3.0
2024-06-12 16:07:34,913 [WARN] PackLoader:240 - Cannot read IP mode file for STMicroelectronics.X-CUBE-TOUCHGFX.4.22.1
2024-06-12 16:07:34,935 [WARN] PackLoader:240 - Cannot read IP mode file for STMicroelectronics.X-CUBE-BLEMGR.3.1.0
2024-06-12 16:07:34,950 [WARN] PackLoader:240 - Cannot read IP mode file for STMicroelectronics.FP-SNS-SMARTAG2.1.2.0
2024-06-12 16:07:34,971 [INFO] LogOutputStream:77 - [STDOUT_REDIRECT] 1 : Invalid condition id : UX_CORESTACK_Condition cause : null
2024-06-12 16:07:34,972 [INFO] LogOutputStream:77 - [STDOUT_REDIRECT] 1 : Invalid condition id : UX_CORESTACK_Condition cause : null
2024-06-12 16:07:34,974 [INFO] LogOutputStream:77 - [STDOUT_REDIRECT] 1 : Invalid condition id : UX_CORESTACK_Condition cause : null
2024-06-12 16:07:34,975 [INFO] LogOutputStream:77 - [STDOUT_REDIRECT] 1 : Invalid condition id : UX_CORESTACK_Condition cause : null
2024-06-12 16:07:34,979 [INFO] LogOutputStream:77 - [STDOUT_REDIRECT] 1 : Invalid condition id : UX_CORESTACK_Condition cause : null
2024-06-12 16:07:34,986 [WARN] PackLoader:240 - Cannot read IP mode file for STMicroelectronics.X-CUBE-AZRTOS-WL.2.0.0
2024-06-12 16:07:34,997 [WARN] PackLoader:240 - Cannot read IP mode file for STMicroelectronics.FP-SNS-MOTENV1.5.0.0
2024-06-12 16:07:35,018 [WARN] PackLoader:240 - Cannot read IP mode file for WES.I-CUBE-Cesium.1.3.0
2024-06-12 16:07:35,027 [WARN] PackLoader:240 - Cannot read IP mode file for STMicroelectronics.X-CUBE-BLE2.3.3.0
2024-06-12 16:07:35,039 [WARN] PackLoader:240 - Cannot read IP mode file for STMicroelectronics.X-CUBE-TCPP.4.1.0
2024-06-12 16:07:35,059 [WARN] PackLoader:240 - Cannot read IP mode file for STMicroelectronics.X-CUBE-ALGOBUILD.1.3.0
2024-06-12 16:07:35,095 [WARN] PackLoader:240 - Cannot read IP mode file for STMicroelectronics.X-CUBE-AZRTOS-G0.1.1.0
2024-06-12 16:07:35,113 [WARN] PackLoader:240 - Cannot read IP mode file for STMicroelectronics.X-CUBE-SAFEA1.1.2.2
2024-06-12 16:07:35,122 [WARN] PackLoader:240 - Cannot read IP mode file for STMicroelectronics.X-CUBE-NFC4.3.0.0
2024-06-12 16:07:35,134 [WARN] PackLoader:240 - Cannot read IP mode file for wolfSSL.I-CUBE-wolfMQTT.1.18.0
2024-06-12 16:07:35,149 [WARN] PackLoader:240 - Cannot read IP mode file for STMicroelectronics.X-CUBE-BLEMGR.3.0.0
2024-06-12 16:07:35,160 [WARN] PackLoader:240 - Cannot read IP mode file for STMicroelectronics.FP-ATR-SIGFOX1.3.2.0
2024-06-12 16:07:35,173 [WARN] PackLoader:240 - Cannot read IP mode file for STMicroelectronics.X-CUBE-EEPRMA1.5.1.0
2024-06-12 16:07:35,241 [WARN] PackLoader:240 - Cannot read IP mode file for SEGGER.I-CUBE-embOS.1.3.1
2024-06-12 16:07:35,336 [WARN] PackLoader:240 - Cannot read IP mode file for STMicroelectronics.X-CUBE-ALGOBUILD.1.4.0
2024-06-12 16:07:35,350 [WARN] PackLoader:240 - Cannot read IP mode file for STMicroelectronics.X-CUBE-GNSS1.6.0.0
2024-06-12 16:07:35,374 [WARN] PackLoader:240 - Cannot read IP mode file for STMicroelectronics.X-CUBE-AZRTOS-F4.1.1.0
2024-06-12 16:07:35,408 [WARN] PackLoader:240 - Cannot read IP mode file for wolfSSL.I-CUBE-wolfSSL.5.6.3
2024-06-12 16:07:35,420 [WARN] PackLoader:240 - Cannot read IP mode file for STMicroelectronics.X-CUBE-FREERTOS.1.2.0
2024-06-12 16:07:35,455 [WARN] PackLoader:240 - Cannot read IP mode file for STMicroelectronics.X-CUBE-AZRTOS-L5.2.0.0
2024-06-12 16:07:35,470 [WARN] PackLoader:240 - Cannot read IP mode file for STMicroelectronics.X-CUBE-EEPRMA1.4.2.0
2024-06-12 16:07:35,490 [WARN] PackLoader:240 - Cannot read IP mode file for STMicroelectronics.X-CUBE-NFC6.3.1.0
2024-06-12 16:07:35,506 [WARN] PackLoader:240 - Cannot read IP mode file for ITTIA_DB.I-CUBE-ITTIADB.8.8.0
2024-06-12 16:07:35,686 [WARN] PackLoader:240 - Cannot read IP mode file for STMicroelectronics.X-CUBE-BLEMGR.2.0.0
2024-06-12 16:07:35,700 [WARN] PackLoader:240 - Cannot read IP mode file for STMicroelectronics.X-CUBE-AI.9.0.0
2024-06-12 16:07:35,726 [WARN] ConditionMgr:438 - getConditionDescription Invalid condition id : UX DEVICE CLASS RTOS Condition cause : null
2024-06-12 16:07:35,727 [WARN] ConditionMgr:438 - getConditionDescription Invalid condition id : UX DEVICE CLASS RTOS Condition cause : null
2024-06-12 16:07:35,733 [WARN] PackLoader:240 - Cannot read IP mode file for STMicroelectronics.X-CUBE-AZRTOS-H7.3.1.0
2024-06-12 16:07:35,734 [WARN] ConditionMgr:1039 - genDependencies : Invalid condition id : UX DEVICE CLASS RTOS Condition cause : null
2024-06-12 16:07:35,735 [WARN] ConditionMgr:1039 - genDependencies : Invalid condition id : UX DEVICE CLASS RTOS Condition cause : null
2024-06-12 16:07:35,736 [WARN] ConditionMgr:1039 - genDependencies : Invalid condition id : UX DEVICE CLASS RTOS Condition cause : null
2024-06-12 16:07:35,737 [WARN] ConditionMgr:1039 - genDependencies : Invalid condition id : UX DEVICE CLASS RTOS Condition cause : null
2024-06-12 16:07:35,737 [WARN] ConditionMgr:1039 - genDependencies : Invalid condition id : UX DEVICE CLASS RTOS Condition cause : null
2024-06-12 16:07:35,752 [WARN] PackLoader:240 - Cannot read IP mode file for STMicroelectronics.X-CUBE-NFC7.1.0.1
2024-06-12 16:07:35,768 [WARN] PackLoader:240 - Cannot read IP mode file for STMicroelectronics.X-CUBE-NFC6.3.0.0
2024-06-12 16:07:35,780 [WARN] PackLoader:240 - Cannot read IP mode file for STMicroelectronics.X-CUBE-EEPRMA1.4.1.0
2024-06-12 16:07:35,789 [WARN] PackLoader:240 - Cannot read IP mode file for STMicroelectronics.X-CUBE-AI.8.1.0
2024-06-12 16:07:35,823 [WARN] ConditionMgr:438 - getConditionDescription Invalid condition id : LAN8742 Phy interface Condition cause : null
2024-06-12 16:07:35,824 [WARN] PackLoader:240 - Cannot read IP mode file for STMicroelectronics.X-CUBE-AZRTOS-L4.2.0.0
2024-06-12 16:07:35,825 [WARN] ConditionMgr:1039 - genDependencies : Invalid condition id : LAN8742 Phy interface Condition cause : null
2024-06-12 16:07:35,825 [WARN] ConditionMgr:1039 - genDependencies : Invalid condition id : LAN8742 Phy interface Condition cause : null
2024-06-12 16:07:35,826 [WARN] ConditionMgr:1039 - genDependencies : Invalid condition id : LAN8742 Phy interface Condition cause : null
2024-06-12 16:07:35,921 [WARN] PackLoader:240 - Cannot read IP mode file for STMicroelectronics.X-CUBE-SFXS2LP1.4.0.0
2024-06-12 16:07:35,932 [WARN] PackLoader:240 - Cannot read IP mode file for STMicroelectronics.X-CUBE-ISPU.1.1.0
2024-06-12 16:07:35,952 [WARN] ConditionMgr:438 - getConditionDescription Invalid condition id : UX DEVICE CLASS RTOS Condition cause : null
2024-06-12 16:07:35,952 [WARN] ConditionMgr:438 - getConditionDescription Invalid condition id : UX DEVICE CLASS RTOS Condition cause : null
2024-06-12 16:07:35,954 [WARN] PackLoader:240 - Cannot read IP mode file for STMicroelectronics.X-CUBE-AZRTOS-WB.2.0.0
2024-06-12 16:07:35,955 [WARN] ConditionMgr:1039 - genDependencies : Invalid condition id : UX DEVICE CLASS RTOS Condition cause : null
2024-06-12 16:07:35,955 [WARN] ConditionMgr:1039 - genDependencies : Invalid condition id : UX DEVICE CLASS RTOS Condition cause : null
2024-06-12 16:07:35,956 [WARN] ConditionMgr:1039 - genDependencies : Invalid condition id : UX DEVICE CLASS RTOS Condition cause : null
2024-06-12 16:07:35,956 [WARN] ConditionMgr:1039 - genDependencies : Invalid condition id : UX DEVICE CLASS RTOS Condition cause : null
2024-06-12 16:07:35,956 [WARN] ConditionMgr:1039 - genDependencies : Invalid condition id : UX DEVICE CLASS RTOS Condition cause : null
2024-06-12 16:07:35,973 [WARN] PackLoader:240 - Cannot read IP mode file for STMicroelectronics.X-CUBE-SUBG2.5.0.0
2024-06-12 16:07:36,000 [WARN] PackLoader:240 - Cannot read IP mode file for STMicroelectronics.X-CUBE-TOF1.3.3.1
2024-06-12 16:07:36,037 [WARN] PackLoader:240 - Cannot read IP mode file for STMicroelectronics.X-CUBE-AZRTOS-G4.2.0.0
2024-06-12 16:07:36,060 [WARN] PackLoader:240 - Cannot read IP mode file for Infineon.AIROC-Wi-Fi-Bluetooth-STM32.1.5.1
2024-06-12 16:07:36,073 [WARN] PackLoader:240 - Cannot read IP mode file for STMicroelectronics.FP-SNS-MOTENVWB1.1.3.0
2024-06-12 16:07:36,081 [WARN] PackLoader:240 - Cannot read IP mode file for STMicroelectronics.FP-SNS-MOTENVWB1.1.3.1
2024-06-12 16:07:36,088 [WARN] PackLoader:240 - Cannot read IP mode file for STMicroelectronics.X-CUBE-ISPU.2.0.0
2024-06-12 16:07:36,098 [WARN] PackLoader:240 - Cannot read IP mode file for STMicroelectronics.X-CUBE-ALS.1.0.2
2024-06-12 16:07:36,150 [WARN] PackLoader:240 - Cannot read IP mode file for STMicroelectronics.X-CUBE-MEMS1.10.0.0
2024-06-12 16:07:36,328 [WARN] PackLoader:240 - Cannot read IP mode file for STMicroelectronics.X-CUBE-FREERTOS.1.1.0
2024-06-12 16:07:36,340 [WARN] PackLoader:240 - Cannot read IP mode file for portGmbH.I-Cube-SoM-uGOAL.1.1.0
2024-06-12 16:07:36,349 [WARN] PackLoader:240 - Cannot read IP mode file for STMicroelectronics.X-CUBE-ALS.1.0.1
2024-06-12 16:07:36,376 [WARN] PackLoader:240 - Cannot read IP mode file for STMicroelectronics.X-CUBE-AZRTOS-H7RS.1.0.0
2024-06-12 16:07:36,389 [WARN] PackLoader:240 - Cannot read IP mode file for STMicroelectronics.FP-ATR-ASTRA1.2.0.0
2024-06-12 16:07:36,408 [WARN] PackLoader:240 - Cannot read IP mode file for STMicroelectronics.X-CUBE-TOF1.3.4.0
2024-06-12 16:07:36,444 [WARN] PackLoader:240 - Cannot read IP mode file for STMicroelectronics.X-CUBE-TOF1.3.4.1
2024-06-12 16:07:36,520 [WARN] PackLoader:240 - Cannot read IP mode file for STMicroelectronics.X-CUBE-AZRTOS-H7.3.2.0
2024-06-12 16:07:36,527 [INFO] ThirdParty:978 - Integrity check success = true
2024-06-12 16:07:36,531 [INFO] IntegrityCheckThread:100 - exiting critical section [integrity check]
2024-06-12 16:07:36,532 [INFO] IntegrityCheckThread:103 - End integrity checks thread
